2024/09/15 13:04:50 - abl - INFO - ---------------------- Single gene training start --------------------------------
2024/09/15 13:04:50 - abl - INFO - Abductive Learning on single gene SO_4591.
2024/09/15 13:04:50 - abl - INFO - Working with Data.
2024/09/15 13:04:51 - abl - INFO - Building the Learning Part.
2024/09/15 13:04:51 - abl - INFO - Building the Reasoning Part.
2024/09/15 13:04:51 - abl - INFO - Building Evaluation Metrics.
2024/09/15 13:04:51 - abl - INFO - Bridge Learning and Reasoning.
2024/09/15 13:04:51 - abl - INFO - ------- Use labeled data to pretrain the model -----------
2024/09/15 13:04:51 - abl - INFO - ------- Test the initial model -----------
2024/09/15 13:04:51 - abl - INFO - Test start:
2024/09/15 13:04:51 - abl - INFO - Evaluation ended, GO/character_accuracy: 0.810 GO/reasoning_accuracy: 0.367 
2024/09/15 13:04:51 - abl - INFO - ------- Use ABL to train the model -----------
2024/09/15 13:04:51 - abl - INFO - loop(train) [1/3] segment(train) [1/1] 
2024/09/15 13:04:57 - abl - INFO - Eval start: loop(val) [1]
2024/09/15 13:05:00 - abl - INFO - Evaluation ended, GO/character_accuracy: 0.900 GO/reasoning_accuracy: 1.000 
2024/09/15 13:05:00 - abl - INFO - loop(train) [2/3] segment(train) [1/1] 
2024/09/15 13:05:04 - abl - INFO - Eval start: loop(val) [2]
2024/09/15 13:05:07 - abl - INFO - Evaluation ended, GO/character_accuracy: 0.900 GO/reasoning_accuracy: 1.000 
2024/09/15 13:05:07 - abl - INFO - loop(train) [3/3] segment(train) [1/1] 
2024/09/15 13:05:11 - abl - INFO - Eval start: loop(val) [3]
2024/09/15 13:05:14 - abl - INFO - Evaluation ended, GO/character_accuracy: 0.900 GO/reasoning_accuracy: 1.000 
2024/09/15 13:05:14 - abl - INFO - ------- Test the final model -----------
2024/09/15 13:05:14 - abl - INFO - Test start:
2024/09/15 13:05:14 - abl - INFO - Evaluation ended, GO/character_accuracy: 0.795 GO/reasoning_accuracy: 0.410 
2024/09/15 13:05:14 - abl - INFO - ------- Save the final model -----------
2024/09/15 13:05:14 - abl - INFO - ---------------------- Single gene training end --------------------------------
