2024/09/15 20:50:24 - abl - INFO - ---------------------- Single gene training start --------------------------------
2024/09/15 20:50:24 - abl - INFO - Abductive Learning on single gene SO_4591.
2024/09/15 20:50:24 - abl - INFO - Working with Data.
2024/09/15 20:50:24 - abl - INFO - Building the Learning Part.
2024/09/15 20:50:24 - abl - INFO - Building the Reasoning Part.
2024/09/15 20:50:24 - abl - INFO - Building Evaluation Metrics.
2024/09/15 20:50:24 - abl - INFO - Bridge Learning and Reasoning.
2024/09/15 20:50:24 - abl - INFO - ------- Use labeled data to pretrain the model -----------
2024/09/15 20:50:24 - abl - INFO - ------- Test the initial model -----------
2024/09/15 20:50:24 - abl - INFO - Test start:
2024/09/15 20:50:25 - abl - INFO - Evaluation ended, GO/character_accuracy: 0.800 GO/reasoning_accuracy: 0.210 
2024/09/15 20:50:25 - abl - INFO - ------- Use ABL to train the model -----------
2024/09/15 20:50:25 - abl - INFO - loop(train) [1/3] segment(train) [1/1] 
2024/09/15 20:50:31 - abl - INFO - Eval start: loop(val) [1]
2024/09/15 20:50:34 - abl - INFO - Evaluation ended, GO/character_accuracy: 1.000 GO/reasoning_accuracy: 0.900 
2024/09/15 20:50:34 - abl - INFO - loop(train) [2/3] segment(train) [1/1] 
2024/09/15 20:50:39 - abl - INFO - Eval start: loop(val) [2]
2024/09/15 20:50:42 - abl - INFO - Evaluation ended, GO/character_accuracy: 1.000 GO/reasoning_accuracy: 0.900 
2024/09/15 20:50:42 - abl - INFO - loop(train) [3/3] segment(train) [1/1] 
2024/09/15 20:50:46 - abl - INFO - Eval start: loop(val) [3]
2024/09/15 20:50:49 - abl - INFO - Evaluation ended, GO/character_accuracy: 1.000 GO/reasoning_accuracy: 0.900 
2024/09/15 20:50:49 - abl - INFO - ------- Test the final model -----------
2024/09/15 20:50:49 - abl - INFO - Test start:
2024/09/15 20:50:50 - abl - INFO - Evaluation ended, GO/character_accuracy: 0.762 GO/reasoning_accuracy: 0.243 
2024/09/15 20:50:50 - abl - INFO - ------- Save the final model -----------
2024/09/15 20:50:50 - abl - INFO - ---------------------- Single gene training end --------------------------------
