2024/09/19 10:10:08 - abl - INFO - ---------------------- Single gene training start --------------------------------
2024/09/19 10:10:08 - abl - INFO - Abductive Learning on single gene SO_4591.
2024/09/19 10:10:08 - abl - INFO - Working with Data.
2024/09/19 10:10:08 - abl - INFO - Building the Learning Part.
2024/09/19 10:10:08 - abl - INFO - Building the Reasoning Part.
2024/09/19 10:10:08 - abl - INFO - Building Evaluation Metrics.
2024/09/19 10:10:08 - abl - INFO - Bridge Learning and Reasoning.
2024/09/19 10:10:08 - abl - INFO - ------- Use labeled data to pretrain the model -----------
2024/09/19 10:10:08 - abl - INFO - ------- Test the initial model -----------
2024/09/19 10:10:08 - abl - INFO - Test start:
2024/09/19 10:10:09 - abl - INFO - Evaluation ended, GO/character_accuracy: 0.757 GO/reasoning_accuracy: 0.195 
2024/09/19 10:10:09 - abl - INFO - ------- Use ABL to train the model -----------
2024/09/19 10:10:09 - abl - INFO - loop(train) [1/3] segment(train) [1/1] 
2024/09/19 10:10:32 - abl - INFO - Eval start: loop(val) [1]
2024/09/19 10:10:43 - abl - INFO - Evaluation ended, GO/character_accuracy: 0.998 GO/reasoning_accuracy: 0.899 
2024/09/19 10:10:43 - abl - INFO - loop(train) [2/3] segment(train) [1/1] 
2024/09/19 10:10:57 - abl - INFO - Eval start: loop(val) [2]
2024/09/19 10:11:08 - abl - INFO - Evaluation ended, GO/character_accuracy: 0.998 GO/reasoning_accuracy: 0.899 
2024/09/19 10:11:08 - abl - INFO - loop(train) [3/3] segment(train) [1/1] 
2024/09/19 10:11:22 - abl - INFO - Eval start: loop(val) [3]
2024/09/19 10:11:33 - abl - INFO - Evaluation ended, GO/character_accuracy: 0.998 GO/reasoning_accuracy: 0.899 
2024/09/19 10:11:33 - abl - INFO - ------- Test the final model -----------
2024/09/19 10:11:33 - abl - INFO - Test start:
2024/09/19 10:11:34 - abl - INFO - Evaluation ended, GO/character_accuracy: 0.714 GO/reasoning_accuracy: 0.290 
2024/09/19 10:11:34 - abl - INFO - ------- Save the final model -----------
2024/09/19 10:11:34 - abl - INFO - ---------------------- Single gene training end --------------------------------
