2024/09/15 20:19:28 - abl - INFO - ---------------------- Single gene training start --------------------------------
2024/09/15 20:19:28 - abl - INFO - Abductive Learning on single gene SO_4591.
2024/09/15 20:19:28 - abl - INFO - Working with Data.
2024/09/15 20:19:28 - abl - INFO - Building the Learning Part.
2024/09/15 20:19:28 - abl - INFO - Building the Reasoning Part.
2024/09/15 20:19:28 - abl - INFO - Building Evaluation Metrics.
2024/09/15 20:19:28 - abl - INFO - Bridge Learning and Reasoning.
2024/09/15 20:19:28 - abl - INFO - ------- Use labeled data to pretrain the model -----------
2024/09/15 20:19:28 - abl - INFO - ------- Test the initial model -----------
2024/09/15 20:19:28 - abl - INFO - Test start:
2024/09/15 20:19:29 - abl - INFO - Evaluation ended, GO/character_accuracy: 0.819 GO/reasoning_accuracy: 0.224 
2024/09/15 20:19:29 - abl - INFO - ------- Use ABL to train the model -----------
2024/09/15 20:19:29 - abl - INFO - loop(train) [1/3] segment(train) [1/1] 
2024/09/15 20:19:35 - abl - INFO - Eval start: loop(val) [1]
2024/09/15 20:19:38 - abl - INFO - Evaluation ended, GO/character_accuracy: 1.000 GO/reasoning_accuracy: 0.900 
2024/09/15 20:19:38 - abl - INFO - loop(train) [2/3] segment(train) [1/1] 
2024/09/15 20:19:43 - abl - INFO - Eval start: loop(val) [2]
2024/09/15 20:19:46 - abl - INFO - Evaluation ended, GO/character_accuracy: 1.000 GO/reasoning_accuracy: 0.900 
2024/09/15 20:19:46 - abl - INFO - loop(train) [3/3] segment(train) [1/1] 
2024/09/15 20:19:50 - abl - INFO - Eval start: loop(val) [3]
2024/09/15 20:19:53 - abl - INFO - Evaluation ended, GO/character_accuracy: 1.000 GO/reasoning_accuracy: 0.900 
2024/09/15 20:19:53 - abl - INFO - ------- Test the final model -----------
2024/09/15 20:19:53 - abl - INFO - Test start:
2024/09/15 20:19:53 - abl - INFO - Evaluation ended, GO/character_accuracy: 0.776 GO/reasoning_accuracy: 0.295 
2024/09/15 20:19:53 - abl - INFO - ------- Save the final model -----------
2024/09/15 20:19:53 - abl - INFO - ---------------------- Single gene training end --------------------------------
