2024/09/15 11:42:56 - abl - INFO - ---------------------- Single gene training start --------------------------------
2024/09/15 11:42:56 - abl - INFO - Abductive Learning on single gene SO_4591.
2024/09/15 11:42:56 - abl - INFO - Working with Data.
2024/09/15 11:42:56 - abl - INFO - Building the Learning Part.
2024/09/15 11:42:56 - abl - INFO - Building the Reasoning Part.
2024/09/15 11:42:56 - abl - INFO - Building Evaluation Metrics.
2024/09/15 11:42:56 - abl - INFO - Bridge Learning and Reasoning.
2024/09/15 11:42:56 - abl - INFO - ------- Use labeled data to pretrain the model -----------
2024/09/15 11:42:56 - abl - INFO - ------- Test the initial model -----------
2024/09/15 11:42:56 - abl - INFO - Test start:
2024/09/15 11:42:56 - abl - INFO - Evaluation ended, GO/character_accuracy: 0.757 GO/reasoning_accuracy: 0.162 
2024/09/15 11:42:56 - abl - INFO - ------- Use ABL to train the model -----------
2024/09/15 11:42:56 - abl - INFO - loop(train) [1/3] segment(train) [1/1] 
2024/09/15 11:43:04 - abl - INFO - Eval start: loop(val) [1]
2024/09/15 11:43:07 - abl - INFO - Evaluation ended, GO/character_accuracy: 1.000 GO/reasoning_accuracy: 0.901 
2024/09/15 11:43:07 - abl - INFO - loop(train) [2/3] segment(train) [1/1] 
2024/09/15 11:43:11 - abl - INFO - Eval start: loop(val) [2]
2024/09/15 11:43:15 - abl - INFO - Evaluation ended, GO/character_accuracy: 1.000 GO/reasoning_accuracy: 0.901 
2024/09/15 11:43:15 - abl - INFO - loop(train) [3/3] segment(train) [1/1] 
2024/09/15 11:43:19 - abl - INFO - Eval start: loop(val) [3]
2024/09/15 11:43:23 - abl - INFO - Evaluation ended, GO/character_accuracy: 1.000 GO/reasoning_accuracy: 0.901 
2024/09/15 11:43:23 - abl - INFO - ------- Test the final model -----------
2024/09/15 11:43:23 - abl - INFO - Test start:
2024/09/15 11:43:23 - abl - INFO - Evaluation ended, GO/character_accuracy: 0.757 GO/reasoning_accuracy: 0.271 
2024/09/15 11:43:23 - abl - INFO - ------- Save the final model -----------
2024/09/15 11:43:23 - abl - INFO - ---------------------- Single gene training end --------------------------------
