2024/09/15 21:04:31 - abl - INFO - ---------------------- Single gene training start --------------------------------
2024/09/15 21:04:31 - abl - INFO - Abductive Learning on single gene SO_4591.
2024/09/15 21:04:31 - abl - INFO - Working with Data.
2024/09/15 21:04:31 - abl - INFO - Building the Learning Part.
2024/09/15 21:04:31 - abl - INFO - Building the Reasoning Part.
2024/09/15 21:04:31 - abl - INFO - Building Evaluation Metrics.
2024/09/15 21:04:31 - abl - INFO - Bridge Learning and Reasoning.
2024/09/15 21:04:31 - abl - INFO - ------- Use labeled data to pretrain the model -----------
2024/09/15 21:04:32 - abl - INFO - ------- Test the initial model -----------
2024/09/15 21:04:32 - abl - INFO - Test start:
2024/09/15 21:04:32 - abl - INFO - Evaluation ended, GO/character_accuracy: 0.752 GO/reasoning_accuracy: 0.138 
2024/09/15 21:04:32 - abl - INFO - ------- Use ABL to train the model -----------
2024/09/15 21:04:32 - abl - INFO - loop(train) [1/3] segment(train) [1/1] 
2024/09/15 21:04:39 - abl - INFO - Eval start: loop(val) [1]
2024/09/15 21:04:42 - abl - INFO - Evaluation ended, GO/character_accuracy: 0.998 GO/reasoning_accuracy: 0.900 
2024/09/15 21:04:42 - abl - INFO - loop(train) [2/3] segment(train) [1/1] 
2024/09/15 21:04:46 - abl - INFO - Eval start: loop(val) [2]
2024/09/15 21:04:49 - abl - INFO - Evaluation ended, GO/character_accuracy: 0.998 GO/reasoning_accuracy: 0.900 
2024/09/15 21:04:49 - abl - INFO - loop(train) [3/3] segment(train) [1/1] 
2024/09/15 21:04:54 - abl - INFO - Eval start: loop(val) [3]
2024/09/15 21:04:57 - abl - INFO - Evaluation ended, GO/character_accuracy: 0.998 GO/reasoning_accuracy: 0.900 
2024/09/15 21:04:57 - abl - INFO - ------- Test the final model -----------
2024/09/15 21:04:57 - abl - INFO - Test start:
2024/09/15 21:04:57 - abl - INFO - Evaluation ended, GO/character_accuracy: 0.757 GO/reasoning_accuracy: 0.200 
2024/09/15 21:04:57 - abl - INFO - ------- Save the final model -----------
2024/09/15 21:04:57 - abl - INFO - ---------------------- Single gene training end --------------------------------
