2024/09/15 22:40:15 - abl - INFO - ---------------------- Single gene training start --------------------------------
2024/09/15 22:40:15 - abl - INFO - Abductive Learning on single gene SO_4591.
2024/09/15 22:40:15 - abl - INFO - Working with Data.
2024/09/15 22:40:16 - abl - INFO - Building the Learning Part.
2024/09/15 22:40:16 - abl - INFO - Building the Reasoning Part.
2024/09/15 22:40:16 - abl - INFO - Building Evaluation Metrics.
2024/09/15 22:40:16 - abl - INFO - Bridge Learning and Reasoning.
2024/09/15 22:40:16 - abl - INFO - ------- Use labeled data to pretrain the model -----------
2024/09/15 22:40:16 - abl - INFO - ------- Test the initial model -----------
2024/09/15 22:40:16 - abl - INFO - Test start:
2024/09/15 22:40:16 - abl - INFO - Evaluation ended, GO/character_accuracy: 0.771 GO/reasoning_accuracy: 0.267 
2024/09/15 22:40:16 - abl - INFO - ------- Use ABL to train the model -----------
2024/09/15 22:40:16 - abl - INFO - loop(train) [1/3] segment(train) [1/1] 
2024/09/15 22:40:31 - abl - INFO - Eval start: loop(val) [1]
2024/09/15 22:40:39 - abl - INFO - Evaluation ended, GO/character_accuracy: 1.000 GO/reasoning_accuracy: 0.900 
2024/09/15 22:40:39 - abl - INFO - loop(train) [2/3] segment(train) [1/1] 
2024/09/15 22:40:48 - abl - INFO - Eval start: loop(val) [2]
2024/09/15 22:40:56 - abl - INFO - Evaluation ended, GO/character_accuracy: 1.000 GO/reasoning_accuracy: 0.900 
2024/09/15 22:40:56 - abl - INFO - loop(train) [3/3] segment(train) [1/1] 
2024/09/15 22:41:05 - abl - INFO - Eval start: loop(val) [3]
2024/09/15 22:41:13 - abl - INFO - Evaluation ended, GO/character_accuracy: 1.000 GO/reasoning_accuracy: 0.900 
2024/09/15 22:41:13 - abl - INFO - ------- Test the final model -----------
2024/09/15 22:41:13 - abl - INFO - Test start:
2024/09/15 22:41:13 - abl - INFO - Evaluation ended, GO/character_accuracy: 0.743 GO/reasoning_accuracy: 0.310 
2024/09/15 22:41:13 - abl - INFO - ------- Save the final model -----------
2024/09/15 22:41:13 - abl - INFO - ---------------------- Single gene training end --------------------------------
