2024/09/13 10:21:11 - abl - INFO - ---------------------- Single gene training start --------------------------------
2024/09/13 10:21:11 - abl - INFO - Abductive Learning on single gene SO_4591.
2024/09/13 10:21:11 - abl - INFO - Working with Data.
2024/09/13 10:21:11 - abl - INFO - Building the Learning Part.
2024/09/13 10:21:11 - abl - INFO - Building the Reasoning Part.
2024/09/13 10:21:11 - abl - INFO - Building Evaluation Metrics.
2024/09/13 10:21:11 - abl - INFO - Bridge Learning and Reasoning.
2024/09/13 10:21:11 - abl - INFO - ------- Use labeled data to pretrain the model -----------
2024/09/13 10:21:11 - abl - INFO - ------- Test the initial model -----------
2024/09/13 10:21:11 - abl - INFO - Test start:
2024/09/13 10:21:11 - abl - INFO - Evaluation ended, GO/character_accuracy: 0.781 GO/reasoning_accuracy: 0.833 
2024/09/13 10:21:11 - abl - INFO - ------- Use ABL to train the model -----------
2024/09/13 10:21:11 - abl - INFO - loop(train) [1/3] segment(train) [1/1] 
2024/09/13 10:21:15 - abl - INFO - Eval start: loop(val) [1]
2024/09/13 10:21:17 - abl - INFO - Evaluation ended, GO/character_accuracy: 0.584 GO/reasoning_accuracy: 1.000 
2024/09/13 10:21:17 - abl - INFO - loop(train) [2/3] segment(train) [1/1] 
2024/09/13 10:21:21 - abl - INFO - Eval start: loop(val) [2]
2024/09/13 10:21:23 - abl - INFO - Evaluation ended, GO/character_accuracy: 0.584 GO/reasoning_accuracy: 1.000 
2024/09/13 10:21:23 - abl - INFO - loop(train) [3/3] segment(train) [1/1] 
2024/09/13 10:21:27 - abl - INFO - Eval start: loop(val) [3]
2024/09/13 10:21:29 - abl - INFO - Evaluation ended, GO/character_accuracy: 0.584 GO/reasoning_accuracy: 1.000 
2024/09/13 10:21:29 - abl - INFO - ------- Test the final model -----------
2024/09/13 10:21:29 - abl - INFO - Test start:
2024/09/13 10:21:30 - abl - INFO - Evaluation ended, GO/character_accuracy: 0.767 GO/reasoning_accuracy: 0.833 
2024/09/13 10:21:30 - abl - INFO - ------- Save the final model -----------
2024/09/13 10:21:30 - abl - INFO - ---------------------- Single gene training end --------------------------------
