2024/09/15 13:43:10 - abl - INFO - ---------------------- Single gene training start --------------------------------
2024/09/15 13:43:10 - abl - INFO - Abductive Learning on single gene SO_4591.
2024/09/15 13:43:10 - abl - INFO - Working with Data.
2024/09/15 13:43:10 - abl - INFO - Building the Learning Part.
2024/09/15 13:43:10 - abl - INFO - Building the Reasoning Part.
2024/09/15 13:43:10 - abl - INFO - Building Evaluation Metrics.
2024/09/15 13:43:10 - abl - INFO - Bridge Learning and Reasoning.
2024/09/15 13:43:10 - abl - INFO - ------- Use labeled data to pretrain the model -----------
2024/09/15 13:43:10 - abl - INFO - ------- Test the initial model -----------
2024/09/15 13:43:10 - abl - INFO - Test start:
2024/09/15 13:43:11 - abl - INFO - Evaluation ended, GO/character_accuracy: 0.810 GO/reasoning_accuracy: 0.238 
2024/09/15 13:43:11 - abl - INFO - ------- Use ABL to train the model -----------
2024/09/15 13:43:11 - abl - INFO - loop(train) [1/3] segment(train) [1/1] 
2024/09/15 13:43:18 - abl - INFO - Eval start: loop(val) [1]
2024/09/15 13:43:21 - abl - INFO - Evaluation ended, GO/character_accuracy: 0.999 GO/reasoning_accuracy: 0.901 
2024/09/15 13:43:21 - abl - INFO - loop(train) [2/3] segment(train) [1/1] 
2024/09/15 13:43:25 - abl - INFO - Eval start: loop(val) [2]
2024/09/15 13:43:28 - abl - INFO - Evaluation ended, GO/character_accuracy: 0.999 GO/reasoning_accuracy: 0.901 
2024/09/15 13:43:28 - abl - INFO - loop(train) [3/3] segment(train) [1/1] 
2024/09/15 13:43:32 - abl - INFO - Eval start: loop(val) [3]
2024/09/15 13:43:35 - abl - INFO - Evaluation ended, GO/character_accuracy: 0.999 GO/reasoning_accuracy: 0.901 
2024/09/15 13:43:35 - abl - INFO - ------- Test the final model -----------
2024/09/15 13:43:35 - abl - INFO - Test start:
2024/09/15 13:43:36 - abl - INFO - Evaluation ended, GO/character_accuracy: 0.781 GO/reasoning_accuracy: 0.305 
2024/09/15 13:43:36 - abl - INFO - ------- Save the final model -----------
2024/09/15 13:43:36 - abl - INFO - ---------------------- Single gene training end --------------------------------
