2024/09/19 10:15:41 - abl - INFO - ---------------------- Single gene training start --------------------------------
2024/09/19 10:15:41 - abl - INFO - Abductive Learning on single gene SO_1329.
2024/09/19 10:15:41 - abl - INFO - Working with Data.
2024/09/19 10:15:41 - abl - INFO - Building the Learning Part.
2024/09/19 10:15:41 - abl - INFO - Building the Reasoning Part.
2024/09/19 10:15:41 - abl - INFO - Building Evaluation Metrics.
2024/09/19 10:15:41 - abl - INFO - Bridge Learning and Reasoning.
2024/09/19 10:15:41 - abl - INFO - ------- Use labeled data to pretrain the model -----------
2024/09/19 10:15:41 - abl - INFO - ------- Test the initial model -----------
2024/09/19 10:15:41 - abl - INFO - Test start:
2024/09/19 10:15:42 - abl - INFO - Evaluation ended, GO/character_accuracy: 0.843 GO/reasoning_accuracy: 0.610 
2024/09/19 10:15:42 - abl - INFO - ------- Use ABL to train the model -----------
2024/09/19 10:15:42 - abl - INFO - loop(train) [1/3] segment(train) [1/1] 
2024/09/19 10:15:55 - abl - INFO - Eval start: loop(val) [1]
2024/09/19 10:16:04 - abl - INFO - Evaluation ended, GO/character_accuracy: 0.999 GO/reasoning_accuracy: 0.802 
2024/09/19 10:16:04 - abl - INFO - loop(train) [2/3] segment(train) [1/1] 
2024/09/19 10:16:17 - abl - INFO - Eval start: loop(val) [2]
2024/09/19 10:16:26 - abl - INFO - Evaluation ended, GO/character_accuracy: 0.999 GO/reasoning_accuracy: 0.802 
2024/09/19 10:16:26 - abl - INFO - loop(train) [3/3] segment(train) [1/1] 
2024/09/19 10:16:39 - abl - INFO - Eval start: loop(val) [3]
2024/09/19 10:16:47 - abl - INFO - Evaluation ended, GO/character_accuracy: 0.999 GO/reasoning_accuracy: 0.802 
2024/09/19 10:16:47 - abl - INFO - ------- Test the final model -----------
2024/09/19 10:16:47 - abl - INFO - Test start:
2024/09/19 10:16:48 - abl - INFO - Evaluation ended, GO/character_accuracy: 0.829 GO/reasoning_accuracy: 0.600 
2024/09/19 10:16:48 - abl - INFO - ------- Save the final model -----------
2024/09/19 10:16:48 - abl - INFO - ---------------------- Single gene training end --------------------------------
