2024/09/15 21:00:40 - abl - INFO - ---------------------- Single gene training start --------------------------------
2024/09/15 21:00:40 - abl - INFO - Abductive Learning on single gene SO_1329.
2024/09/15 21:00:40 - abl - INFO - Working with Data.
2024/09/15 21:00:40 - abl - INFO - Building the Learning Part.
2024/09/15 21:00:40 - abl - INFO - Building the Reasoning Part.
2024/09/15 21:00:40 - abl - INFO - Building Evaluation Metrics.
2024/09/15 21:00:40 - abl - INFO - Bridge Learning and Reasoning.
2024/09/15 21:00:40 - abl - INFO - ------- Use labeled data to pretrain the model -----------
2024/09/15 21:00:40 - abl - INFO - ------- Test the initial model -----------
2024/09/15 21:00:40 - abl - INFO - Test start:
2024/09/15 21:00:40 - abl - INFO - Evaluation ended, GO/character_accuracy: 0.843 GO/reasoning_accuracy: 0.548 
2024/09/15 21:00:40 - abl - INFO - ------- Use ABL to train the model -----------
2024/09/15 21:00:40 - abl - INFO - loop(train) [1/3] segment(train) [1/1] 
2024/09/15 21:00:45 - abl - INFO - Eval start: loop(val) [1]
2024/09/15 21:00:49 - abl - INFO - Evaluation ended, GO/character_accuracy: 0.998 GO/reasoning_accuracy: 0.800 
2024/09/15 21:00:49 - abl - INFO - loop(train) [2/3] segment(train) [1/1] 
2024/09/15 21:00:53 - abl - INFO - Eval start: loop(val) [2]
2024/09/15 21:00:57 - abl - INFO - Evaluation ended, GO/character_accuracy: 0.998 GO/reasoning_accuracy: 0.800 
2024/09/15 21:00:57 - abl - INFO - loop(train) [3/3] segment(train) [1/1] 
2024/09/15 21:01:01 - abl - INFO - Eval start: loop(val) [3]
2024/09/15 21:01:05 - abl - INFO - Evaluation ended, GO/character_accuracy: 0.998 GO/reasoning_accuracy: 0.800 
2024/09/15 21:01:05 - abl - INFO - ------- Test the final model -----------
2024/09/15 21:01:05 - abl - INFO - Test start:
2024/09/15 21:01:05 - abl - INFO - Evaluation ended, GO/character_accuracy: 0.857 GO/reasoning_accuracy: 0.562 
2024/09/15 21:01:05 - abl - INFO - ------- Save the final model -----------
2024/09/15 21:01:05 - abl - INFO - ---------------------- Single gene training end --------------------------------
