2024/09/15 13:16:16 - abl - INFO - ---------------------- Single gene training start --------------------------------
2024/09/15 13:16:16 - abl - INFO - Abductive Learning on single gene SO_1329.
2024/09/15 13:16:16 - abl - INFO - Working with Data.
2024/09/15 13:16:17 - abl - INFO - Building the Learning Part.
2024/09/15 13:16:17 - abl - INFO - Building the Reasoning Part.
2024/09/15 13:16:17 - abl - INFO - Building Evaluation Metrics.
2024/09/15 13:16:17 - abl - INFO - Bridge Learning and Reasoning.
2024/09/15 13:16:17 - abl - INFO - ------- Use labeled data to pretrain the model -----------
2024/09/15 13:16:17 - abl - INFO - ------- Test the initial model -----------
2024/09/15 13:16:17 - abl - INFO - Test start:
2024/09/15 13:16:17 - abl - INFO - Evaluation ended, GO/character_accuracy: 0.790 GO/reasoning_accuracy: 0.629 
2024/09/15 13:16:17 - abl - INFO - ------- Use ABL to train the model -----------
2024/09/15 13:16:17 - abl - INFO - loop(train) [1/3] segment(train) [1/1] 
2024/09/15 13:16:22 - abl - INFO - Eval start: loop(val) [1]
2024/09/15 13:16:25 - abl - INFO - Evaluation ended, GO/character_accuracy: 0.999 GO/reasoning_accuracy: 0.801 
2024/09/15 13:16:25 - abl - INFO - loop(train) [2/3] segment(train) [1/1] 
2024/09/15 13:16:30 - abl - INFO - Eval start: loop(val) [2]
2024/09/15 13:16:33 - abl - INFO - Evaluation ended, GO/character_accuracy: 0.999 GO/reasoning_accuracy: 0.801 
2024/09/15 13:16:33 - abl - INFO - loop(train) [3/3] segment(train) [1/1] 
2024/09/15 13:16:38 - abl - INFO - Eval start: loop(val) [3]
2024/09/15 13:16:41 - abl - INFO - Evaluation ended, GO/character_accuracy: 0.999 GO/reasoning_accuracy: 0.801 
2024/09/15 13:16:41 - abl - INFO - ------- Test the final model -----------
2024/09/15 13:16:41 - abl - INFO - Test start:
2024/09/15 13:16:41 - abl - INFO - Evaluation ended, GO/character_accuracy: 0.805 GO/reasoning_accuracy: 0.643 
2024/09/15 13:16:41 - abl - INFO - ------- Save the final model -----------
2024/09/15 13:16:41 - abl - INFO - ---------------------- Single gene training end --------------------------------
