2024/09/15 22:38:47 - abl - INFO - ---------------------- Single gene training start --------------------------------
2024/09/15 22:38:47 - abl - INFO - Abductive Learning on single gene SO_1329.
2024/09/15 22:38:47 - abl - INFO - Working with Data.
2024/09/15 22:38:47 - abl - INFO - Building the Learning Part.
2024/09/15 22:38:47 - abl - INFO - Building the Reasoning Part.
2024/09/15 22:38:47 - abl - INFO - Building Evaluation Metrics.
2024/09/15 22:38:47 - abl - INFO - Bridge Learning and Reasoning.
2024/09/15 22:38:47 - abl - INFO - ------- Use labeled data to pretrain the model -----------
2024/09/15 22:38:47 - abl - INFO - ------- Test the initial model -----------
2024/09/15 22:38:47 - abl - INFO - Test start:
2024/09/15 22:38:48 - abl - INFO - Evaluation ended, GO/character_accuracy: 0.833 GO/reasoning_accuracy: 0.562 
2024/09/15 22:38:48 - abl - INFO - ------- Use ABL to train the model -----------
2024/09/15 22:38:48 - abl - INFO - loop(train) [1/3] segment(train) [1/1] 
2024/09/15 22:38:58 - abl - INFO - Eval start: loop(val) [1]
2024/09/15 22:39:05 - abl - INFO - Evaluation ended, GO/character_accuracy: 0.997 GO/reasoning_accuracy: 0.802 
2024/09/15 22:39:05 - abl - INFO - loop(train) [2/3] segment(train) [1/1] 
2024/09/15 22:39:14 - abl - INFO - Eval start: loop(val) [2]
2024/09/15 22:39:20 - abl - INFO - Evaluation ended, GO/character_accuracy: 0.997 GO/reasoning_accuracy: 0.802 
2024/09/15 22:39:20 - abl - INFO - loop(train) [3/3] segment(train) [1/1] 
2024/09/15 22:39:29 - abl - INFO - Eval start: loop(val) [3]
2024/09/15 22:39:36 - abl - INFO - Evaluation ended, GO/character_accuracy: 0.997 GO/reasoning_accuracy: 0.802 
2024/09/15 22:39:36 - abl - INFO - ------- Test the final model -----------
2024/09/15 22:39:36 - abl - INFO - Test start:
2024/09/15 22:39:36 - abl - INFO - Evaluation ended, GO/character_accuracy: 0.838 GO/reasoning_accuracy: 0.567 
2024/09/15 22:39:36 - abl - INFO - ------- Save the final model -----------
2024/09/15 22:39:36 - abl - INFO - ---------------------- Single gene training end --------------------------------
