2024/09/15 11:48:16 - abl - INFO - ---------------------- Single gene training start --------------------------------
2024/09/15 11:48:16 - abl - INFO - Abductive Learning on single gene SO_1329.
2024/09/15 11:48:16 - abl - INFO - Working with Data.
2024/09/15 11:48:16 - abl - INFO - Building the Learning Part.
2024/09/15 11:48:16 - abl - INFO - Building the Reasoning Part.
2024/09/15 11:48:16 - abl - INFO - Building Evaluation Metrics.
2024/09/15 11:48:16 - abl - INFO - Bridge Learning and Reasoning.
2024/09/15 11:48:16 - abl - INFO - ------- Use labeled data to pretrain the model -----------
2024/09/15 11:48:16 - abl - INFO - ------- Test the initial model -----------
2024/09/15 11:48:16 - abl - INFO - Test start:
2024/09/15 11:48:17 - abl - INFO - Evaluation ended, GO/character_accuracy: 0.814 GO/reasoning_accuracy: 0.605 
2024/09/15 11:48:17 - abl - INFO - ------- Use ABL to train the model -----------
2024/09/15 11:48:17 - abl - INFO - loop(train) [1/3] segment(train) [1/1] 
2024/09/15 11:48:22 - abl - INFO - Eval start: loop(val) [1]
2024/09/15 11:48:25 - abl - INFO - Evaluation ended, GO/character_accuracy: 1.000 GO/reasoning_accuracy: 0.801 
2024/09/15 11:48:25 - abl - INFO - loop(train) [2/3] segment(train) [1/1] 
2024/09/15 11:48:31 - abl - INFO - Eval start: loop(val) [2]
2024/09/15 11:48:34 - abl - INFO - Evaluation ended, GO/character_accuracy: 1.000 GO/reasoning_accuracy: 0.801 
2024/09/15 11:48:34 - abl - INFO - loop(train) [3/3] segment(train) [1/1] 
2024/09/15 11:48:39 - abl - INFO - Eval start: loop(val) [3]
2024/09/15 11:48:43 - abl - INFO - Evaluation ended, GO/character_accuracy: 1.000 GO/reasoning_accuracy: 0.801 
2024/09/15 11:48:43 - abl - INFO - ------- Test the final model -----------
2024/09/15 11:48:43 - abl - INFO - Test start:
2024/09/15 11:48:43 - abl - INFO - Evaluation ended, GO/character_accuracy: 0.824 GO/reasoning_accuracy: 0.614 
2024/09/15 11:48:43 - abl - INFO - ------- Save the final model -----------
2024/09/15 11:48:43 - abl - INFO - ---------------------- Single gene training end --------------------------------
