2024/09/15 22:08:31 - abl - INFO - ---------------------- Single gene training start --------------------------------
2024/09/15 22:08:31 - abl - INFO - Abductive Learning on single gene SO_1329.
2024/09/15 22:08:31 - abl - INFO - Working with Data.
2024/09/15 22:08:31 - abl - INFO - Building the Learning Part.
2024/09/15 22:08:31 - abl - INFO - Building the Reasoning Part.
2024/09/15 22:08:31 - abl - INFO - Building Evaluation Metrics.
2024/09/15 22:08:31 - abl - INFO - Bridge Learning and Reasoning.
2024/09/15 22:08:31 - abl - INFO - ------- Use labeled data to pretrain the model -----------
2024/09/15 22:08:31 - abl - INFO - ------- Test the initial model -----------
2024/09/15 22:08:31 - abl - INFO - Test start:
2024/09/15 22:08:31 - abl - INFO - Evaluation ended, GO/character_accuracy: 0.800 GO/reasoning_accuracy: 0.590 
2024/09/15 22:08:31 - abl - INFO - ------- Use ABL to train the model -----------
2024/09/15 22:08:31 - abl - INFO - loop(train) [1/3] segment(train) [1/1] 
2024/09/15 22:08:37 - abl - INFO - Eval start: loop(val) [1]
2024/09/15 22:08:40 - abl - INFO - Evaluation ended, GO/character_accuracy: 0.997 GO/reasoning_accuracy: 0.802 
2024/09/15 22:08:40 - abl - INFO - loop(train) [2/3] segment(train) [1/1] 
2024/09/15 22:08:45 - abl - INFO - Eval start: loop(val) [2]
2024/09/15 22:08:49 - abl - INFO - Evaluation ended, GO/character_accuracy: 0.997 GO/reasoning_accuracy: 0.802 
2024/09/15 22:08:49 - abl - INFO - loop(train) [3/3] segment(train) [1/1] 
2024/09/15 22:08:54 - abl - INFO - Eval start: loop(val) [3]
2024/09/15 22:08:58 - abl - INFO - Evaluation ended, GO/character_accuracy: 0.997 GO/reasoning_accuracy: 0.802 
2024/09/15 22:08:58 - abl - INFO - ------- Test the final model -----------
2024/09/15 22:08:58 - abl - INFO - Test start:
2024/09/15 22:08:58 - abl - INFO - Evaluation ended, GO/character_accuracy: 0.838 GO/reasoning_accuracy: 0.638 
2024/09/15 22:08:58 - abl - INFO - ------- Save the final model -----------
2024/09/15 22:08:58 - abl - INFO - ---------------------- Single gene training end --------------------------------
