2024/09/15 12:13:08 - abl - INFO - ---------------------- Single gene training start --------------------------------
2024/09/15 12:13:08 - abl - INFO - Abductive Learning on single gene SO_1779.
2024/09/15 12:13:08 - abl - INFO - Working with Data.
2024/09/15 12:13:08 - abl - INFO - Building the Learning Part.
2024/09/15 12:13:08 - abl - INFO - Building the Reasoning Part.
2024/09/15 12:13:08 - abl - INFO - Building Evaluation Metrics.
2024/09/15 12:13:08 - abl - INFO - Bridge Learning and Reasoning.
2024/09/15 12:13:08 - abl - INFO - ------- Use labeled data to pretrain the model -----------
2024/09/15 12:13:08 - abl - INFO - ------- Test the initial model -----------
2024/09/15 12:13:08 - abl - INFO - Test start:
2024/09/15 12:13:08 - abl - INFO - Evaluation ended, GO/character_accuracy: 0.738 GO/reasoning_accuracy: 0.452 
2024/09/15 12:13:08 - abl - INFO - ------- Use ABL to train the model -----------
2024/09/15 12:13:08 - abl - INFO - loop(train) [1/3] segment(train) [1/1] 
2024/09/15 12:13:09 - abl - INFO - Eval start: loop(val) [1]
2024/09/15 12:13:10 - abl - INFO - Evaluation ended, GO/character_accuracy: 1.000 GO/reasoning_accuracy: 0.994 
2024/09/15 12:13:10 - abl - INFO - loop(train) [2/3] segment(train) [1/1] 
2024/09/15 12:13:11 - abl - INFO - Eval start: loop(val) [2]
2024/09/15 12:13:11 - abl - INFO - Evaluation ended, GO/character_accuracy: 1.000 GO/reasoning_accuracy: 0.994 
2024/09/15 12:13:11 - abl - INFO - loop(train) [3/3] segment(train) [1/1] 
2024/09/15 12:13:12 - abl - INFO - Eval start: loop(val) [3]
2024/09/15 12:13:13 - abl - INFO - Evaluation ended, GO/character_accuracy: 1.000 GO/reasoning_accuracy: 0.994 
2024/09/15 12:13:13 - abl - INFO - ------- Test the final model -----------
2024/09/15 12:13:13 - abl - INFO - Test start:
2024/09/15 12:13:13 - abl - INFO - Evaluation ended, GO/character_accuracy: 0.743 GO/reasoning_accuracy: 0.505 
2024/09/15 12:13:13 - abl - INFO - ------- Save the final model -----------
2024/09/15 12:13:13 - abl - INFO - ---------------------- Single gene training end --------------------------------
