2024/09/14 12:54:09 - abl - INFO - ---------------------- Single gene training start --------------------------------
2024/09/14 12:54:09 - abl - INFO - Abductive Learning on single gene SO_1779.
2024/09/14 12:54:09 - abl - INFO - Working with Data.
2024/09/14 12:54:09 - abl - INFO - Building the Learning Part.
2024/09/14 12:54:09 - abl - INFO - Building the Reasoning Part.
2024/09/14 12:54:09 - abl - INFO - Building Evaluation Metrics.
2024/09/14 12:54:09 - abl - INFO - Bridge Learning and Reasoning.
2024/09/14 12:54:09 - abl - INFO - ------- Use labeled data to pretrain the model -----------
2024/09/14 12:54:09 - abl - INFO - ------- Test the initial model -----------
2024/09/14 12:54:09 - abl - INFO - Test start:
2024/09/14 12:54:09 - abl - INFO - Evaluation ended, GO/character_accuracy: 0.771 GO/reasoning_accuracy: 0.414 
2024/09/14 12:54:09 - abl - INFO - ------- Use ABL to train the model -----------
2024/09/14 12:54:09 - abl - INFO - loop(train) [1/3] segment(train) [1/1] 
2024/09/14 12:54:10 - abl - INFO - Eval start: loop(val) [1]
2024/09/14 12:54:11 - abl - INFO - Evaluation ended, GO/character_accuracy: 0.996 GO/reasoning_accuracy: 0.998 
2024/09/14 12:54:11 - abl - INFO - loop(train) [2/3] segment(train) [1/1] 
2024/09/14 12:54:12 - abl - INFO - Eval start: loop(val) [2]
2024/09/14 12:54:12 - abl - INFO - Evaluation ended, GO/character_accuracy: 0.996 GO/reasoning_accuracy: 0.998 
2024/09/14 12:54:12 - abl - INFO - loop(train) [3/3] segment(train) [1/1] 
2024/09/14 12:54:13 - abl - INFO - Eval start: loop(val) [3]
2024/09/14 12:54:14 - abl - INFO - Evaluation ended, GO/character_accuracy: 0.996 GO/reasoning_accuracy: 0.998 
2024/09/14 12:54:14 - abl - INFO - ------- Test the final model -----------
2024/09/14 12:54:14 - abl - INFO - Test start:
2024/09/14 12:54:14 - abl - INFO - Evaluation ended, GO/character_accuracy: 0.795 GO/reasoning_accuracy: 0.457 
2024/09/14 12:54:14 - abl - INFO - ------- Save the final model -----------
2024/09/14 12:54:14 - abl - INFO - ---------------------- Single gene training end --------------------------------
