2024/09/15 13:43:36 - abl - INFO - ---------------------- Single gene training start --------------------------------
2024/09/15 13:43:36 - abl - INFO - Abductive Learning on single gene SO_1779.
2024/09/15 13:43:36 - abl - INFO - Working with Data.
2024/09/15 13:43:36 - abl - INFO - Building the Learning Part.
2024/09/15 13:43:36 - abl - INFO - Building the Reasoning Part.
2024/09/15 13:43:36 - abl - INFO - Building Evaluation Metrics.
2024/09/15 13:43:36 - abl - INFO - Bridge Learning and Reasoning.
2024/09/15 13:43:36 - abl - INFO - ------- Use labeled data to pretrain the model -----------
2024/09/15 13:43:36 - abl - INFO - ------- Test the initial model -----------
2024/09/15 13:43:36 - abl - INFO - Test start:
2024/09/15 13:43:36 - abl - INFO - Evaluation ended, GO/character_accuracy: 0.781 GO/reasoning_accuracy: 0.295 
2024/09/15 13:43:36 - abl - INFO - ------- Use ABL to train the model -----------
2024/09/15 13:43:36 - abl - INFO - loop(train) [1/3] segment(train) [1/1] 
2024/09/15 13:43:37 - abl - INFO - Eval start: loop(val) [1]
2024/09/15 13:43:37 - abl - INFO - Evaluation ended, GO/character_accuracy: 1.000 GO/reasoning_accuracy: 0.993 
2024/09/15 13:43:37 - abl - INFO - loop(train) [2/3] segment(train) [1/1] 
2024/09/15 13:43:38 - abl - INFO - Eval start: loop(val) [2]
2024/09/15 13:43:39 - abl - INFO - Evaluation ended, GO/character_accuracy: 1.000 GO/reasoning_accuracy: 0.993 
2024/09/15 13:43:39 - abl - INFO - loop(train) [3/3] segment(train) [1/1] 
2024/09/15 13:43:40 - abl - INFO - Eval start: loop(val) [3]
2024/09/15 13:43:40 - abl - INFO - Evaluation ended, GO/character_accuracy: 1.000 GO/reasoning_accuracy: 0.993 
2024/09/15 13:43:40 - abl - INFO - ------- Test the final model -----------
2024/09/15 13:43:40 - abl - INFO - Test start:
2024/09/15 13:43:40 - abl - INFO - Evaluation ended, GO/character_accuracy: 0.767 GO/reasoning_accuracy: 0.424 
2024/09/15 13:43:40 - abl - INFO - ------- Save the final model -----------
2024/09/15 13:43:40 - abl - INFO - ---------------------- Single gene training end --------------------------------
