2024/09/15 13:07:34 - abl - INFO - ---------------------- Single gene training start --------------------------------
2024/09/15 13:07:34 - abl - INFO - Abductive Learning on single gene SO_1779.
2024/09/15 13:07:34 - abl - INFO - Working with Data.
2024/09/15 13:07:34 - abl - INFO - Building the Learning Part.
2024/09/15 13:07:34 - abl - INFO - Building the Reasoning Part.
2024/09/15 13:07:34 - abl - INFO - Building Evaluation Metrics.
2024/09/15 13:07:34 - abl - INFO - Bridge Learning and Reasoning.
2024/09/15 13:07:34 - abl - INFO - ------- Use labeled data to pretrain the model -----------
2024/09/15 13:07:34 - abl - INFO - ------- Test the initial model -----------
2024/09/15 13:07:34 - abl - INFO - Test start:
2024/09/15 13:07:34 - abl - INFO - Evaluation ended, GO/character_accuracy: 0.771 GO/reasoning_accuracy: 0.429 
2024/09/15 13:07:34 - abl - INFO - ------- Use ABL to train the model -----------
2024/09/15 13:07:34 - abl - INFO - loop(train) [1/3] segment(train) [1/1] 
2024/09/15 13:07:35 - abl - INFO - Eval start: loop(val) [1]
2024/09/15 13:07:35 - abl - INFO - Evaluation ended, GO/character_accuracy: 0.996 GO/reasoning_accuracy: 0.996 
2024/09/15 13:07:35 - abl - INFO - loop(train) [2/3] segment(train) [1/1] 
2024/09/15 13:07:36 - abl - INFO - Eval start: loop(val) [2]
2024/09/15 13:07:37 - abl - INFO - Evaluation ended, GO/character_accuracy: 0.996 GO/reasoning_accuracy: 0.996 
2024/09/15 13:07:37 - abl - INFO - loop(train) [3/3] segment(train) [1/1] 
2024/09/15 13:07:38 - abl - INFO - Eval start: loop(val) [3]
2024/09/15 13:07:38 - abl - INFO - Evaluation ended, GO/character_accuracy: 0.996 GO/reasoning_accuracy: 0.996 
2024/09/15 13:07:38 - abl - INFO - ------- Test the final model -----------
2024/09/15 13:07:38 - abl - INFO - Test start:
2024/09/15 13:07:38 - abl - INFO - Evaluation ended, GO/character_accuracy: 0.757 GO/reasoning_accuracy: 0.490 
2024/09/15 13:07:38 - abl - INFO - ------- Save the final model -----------
2024/09/15 13:07:38 - abl - INFO - ---------------------- Single gene training end --------------------------------
