2024/08/03 11:52:06 - abl - INFO - Abductive Learning on the GO example.
2024/08/03 11:52:06 - abl - INFO - Working with Data.
2024/08/03 11:52:06 - abl - INFO - Building the Learning Part.
2024/08/03 11:52:06 - abl - INFO - Building the Reasoning Part.
2024/08/03 11:52:06 - abl - INFO - Building Evaluation Metrics.
2024/08/03 11:52:06 - abl - INFO - Bridge Learning and Reasoning.
2024/08/03 11:52:06 - abl - INFO - ------- Use labeled data to pretrain the model -----------
2024/08/03 11:52:06 - abl - INFO - ------- Test the initial model -----------
2024/08/03 11:52:06 - abl - INFO - Test start:
2024/08/03 11:52:53 - abl - INFO - Evaluation ended, GO/character_accuracy: 0.000 GO/reasoning_accuracy: 1.000 
2024/08/03 11:52:53 - abl - INFO - ------- Use ABL to train the model -----------
2024/08/03 11:52:53 - abl - INFO - loop(train) [1/3] segment(train) [1/1] 
2024/08/03 11:54:14 - abl - INFO - Eval start: loop(val) [1]
2024/08/03 11:55:31 - abl - INFO - Evaluation ended, GO/character_accuracy: 0.000 GO/reasoning_accuracy: 1.000 
2024/08/03 11:55:31 - abl - INFO - loop(train) [2/3] segment(train) [1/1] 
2024/08/03 11:56:46 - abl - INFO - Eval start: loop(val) [2]
2024/08/03 11:58:06 - abl - INFO - Evaluation ended, GO/character_accuracy: 0.000 GO/reasoning_accuracy: 1.000 
2024/08/03 11:58:06 - abl - INFO - loop(train) [3/3] segment(train) [1/1] 
2024/08/03 11:59:24 - abl - INFO - Eval start: loop(val) [3]
2024/08/03 12:00:44 - abl - INFO - Evaluation ended, GO/character_accuracy: 0.000 GO/reasoning_accuracy: 1.000 
2024/08/03 12:00:44 - abl - INFO - ------- Test the final model -----------
2024/08/03 12:00:44 - abl - INFO - Test start:
2024/08/03 12:01:31 - abl - INFO - Evaluation ended, GO/character_accuracy: 0.000 GO/reasoning_accuracy: 1.000 
