2024/09/19 10:23:23 - abl - INFO - ---------------------- Single gene training start --------------------------------
2024/09/19 10:23:23 - abl - INFO - Abductive Learning on single gene SO_1171.
2024/09/19 10:23:23 - abl - INFO - Working with Data.
2024/09/19 10:23:24 - abl - INFO - Building the Learning Part.
2024/09/19 10:23:24 - abl - INFO - Building the Reasoning Part.
2024/09/19 10:23:24 - abl - INFO - Building Evaluation Metrics.
2024/09/19 10:23:24 - abl - INFO - Bridge Learning and Reasoning.
2024/09/19 10:23:24 - abl - INFO - ------- Use labeled data to pretrain the model -----------
2024/09/19 10:23:24 - abl - INFO - ------- Test the initial model -----------
2024/09/19 10:23:24 - abl - INFO - Test start:
2024/09/19 10:23:24 - abl - INFO - Evaluation ended, GO/character_accuracy: 0.767 GO/reasoning_accuracy: 0.600 
2024/09/19 10:23:24 - abl - INFO - ------- Use ABL to train the model -----------
2024/09/19 10:23:24 - abl - INFO - loop(train) [1/3] segment(train) [1/1] 
2024/09/19 10:23:37 - abl - INFO - Eval start: loop(val) [1]
2024/09/19 10:23:46 - abl - INFO - Evaluation ended, GO/character_accuracy: 0.998 GO/reasoning_accuracy: 0.977 
2024/09/19 10:23:46 - abl - INFO - loop(train) [2/3] segment(train) [1/1] 
2024/09/19 10:23:56 - abl - INFO - Eval start: loop(val) [2]
2024/09/19 10:24:05 - abl - INFO - Evaluation ended, GO/character_accuracy: 0.998 GO/reasoning_accuracy: 0.977 
2024/09/19 10:24:05 - abl - INFO - loop(train) [3/3] segment(train) [1/1] 
2024/09/19 10:24:15 - abl - INFO - Eval start: loop(val) [3]
2024/09/19 10:24:24 - abl - INFO - Evaluation ended, GO/character_accuracy: 0.998 GO/reasoning_accuracy: 0.977 
2024/09/19 10:24:24 - abl - INFO - ------- Test the final model -----------
2024/09/19 10:24:24 - abl - INFO - Test start:
2024/09/19 10:24:24 - abl - INFO - Evaluation ended, GO/character_accuracy: 0.738 GO/reasoning_accuracy: 0.638 
2024/09/19 10:24:24 - abl - INFO - ------- Save the final model -----------
2024/09/19 10:24:24 - abl - INFO - ---------------------- Single gene training end --------------------------------
