2024/09/15 20:48:02 - abl - INFO - ---------------------- Single gene training start --------------------------------
2024/09/15 20:48:02 - abl - INFO - Abductive Learning on single gene SO_2345.
2024/09/15 20:48:02 - abl - INFO - Working with Data.
2024/09/15 20:48:02 - abl - INFO - Building the Learning Part.
2024/09/15 20:48:02 - abl - INFO - Building the Reasoning Part.
2024/09/15 20:48:02 - abl - INFO - Building Evaluation Metrics.
2024/09/15 20:48:02 - abl - INFO - Bridge Learning and Reasoning.
2024/09/15 20:48:02 - abl - INFO - ------- Use labeled data to pretrain the model -----------
2024/09/15 20:48:02 - abl - INFO - ------- Test the initial model -----------
2024/09/15 20:48:02 - abl - INFO - Test start:
2024/09/15 20:48:02 - abl - INFO - Evaluation ended, GO/character_accuracy: 0.786 GO/reasoning_accuracy: 0.571 
2024/09/15 20:48:02 - abl - INFO - ------- Use ABL to train the model -----------
2024/09/15 20:48:02 - abl - INFO - loop(train) [1/3] segment(train) [1/1] 
2024/09/15 20:48:07 - abl - INFO - Eval start: loop(val) [1]
2024/09/15 20:48:09 - abl - INFO - Evaluation ended, GO/character_accuracy: 0.999 GO/reasoning_accuracy: 0.834 
2024/09/15 20:48:09 - abl - INFO - loop(train) [2/3] segment(train) [1/1] 
2024/09/15 20:48:12 - abl - INFO - Eval start: loop(val) [2]
2024/09/15 20:48:14 - abl - INFO - Evaluation ended, GO/character_accuracy: 1.000 GO/reasoning_accuracy: 0.834 
2024/09/15 20:48:14 - abl - INFO - loop(train) [3/3] segment(train) [1/1] 
2024/09/15 20:48:18 - abl - INFO - Eval start: loop(val) [3]
2024/09/15 20:48:20 - abl - INFO - Evaluation ended, GO/character_accuracy: 1.000 GO/reasoning_accuracy: 0.834 
2024/09/15 20:48:20 - abl - INFO - ------- Test the final model -----------
2024/09/15 20:48:20 - abl - INFO - Test start:
2024/09/15 20:48:20 - abl - INFO - Evaluation ended, GO/character_accuracy: 0.767 GO/reasoning_accuracy: 0.581 
2024/09/15 20:48:20 - abl - INFO - ------- Save the final model -----------
2024/09/15 20:48:20 - abl - INFO - ---------------------- Single gene training end --------------------------------
