2024/09/14 12:57:34 - abl - INFO - ---------------------- Single gene training start --------------------------------
2024/09/14 12:57:34 - abl - INFO - Abductive Learning on single gene SO_2345.
2024/09/14 12:57:34 - abl - INFO - Working with Data.
2024/09/14 12:57:34 - abl - INFO - Building the Learning Part.
2024/09/14 12:57:34 - abl - INFO - Building the Reasoning Part.
2024/09/14 12:57:34 - abl - INFO - Building Evaluation Metrics.
2024/09/14 12:57:34 - abl - INFO - Bridge Learning and Reasoning.
2024/09/14 12:57:34 - abl - INFO - ------- Use labeled data to pretrain the model -----------
2024/09/14 12:57:34 - abl - INFO - ------- Test the initial model -----------
2024/09/14 12:57:34 - abl - INFO - Test start:
2024/09/14 12:57:35 - abl - INFO - Evaluation ended, GO/character_accuracy: 0.748 GO/reasoning_accuracy: 0.486 
2024/09/14 12:57:35 - abl - INFO - ------- Use ABL to train the model -----------
2024/09/14 12:57:35 - abl - INFO - loop(train) [1/3] segment(train) [1/1] 
2024/09/14 12:57:39 - abl - INFO - Eval start: loop(val) [1]
2024/09/14 12:57:42 - abl - INFO - Evaluation ended, GO/character_accuracy: 0.993 GO/reasoning_accuracy: 0.843 
2024/09/14 12:57:42 - abl - INFO - loop(train) [2/3] segment(train) [1/1] 
2024/09/14 12:57:45 - abl - INFO - Eval start: loop(val) [2]
2024/09/14 12:57:48 - abl - INFO - Evaluation ended, GO/character_accuracy: 0.993 GO/reasoning_accuracy: 0.843 
2024/09/14 12:57:48 - abl - INFO - loop(train) [3/3] segment(train) [1/1] 
2024/09/14 12:57:51 - abl - INFO - Eval start: loop(val) [3]
2024/09/14 12:57:53 - abl - INFO - Evaluation ended, GO/character_accuracy: 0.993 GO/reasoning_accuracy: 0.843 
2024/09/14 12:57:53 - abl - INFO - ------- Test the final model -----------
2024/09/14 12:57:53 - abl - INFO - Test start:
2024/09/14 12:57:54 - abl - INFO - Evaluation ended, GO/character_accuracy: 0.776 GO/reasoning_accuracy: 0.476 
2024/09/14 12:57:54 - abl - INFO - ------- Save the final model -----------
2024/09/14 12:57:54 - abl - INFO - ---------------------- Single gene training end --------------------------------
