2024/09/19 10:26:53 - abl - INFO - ---------------------- Single gene training start --------------------------------
2024/09/19 10:26:53 - abl - INFO - Abductive Learning on single gene SO_2345.
2024/09/19 10:26:53 - abl - INFO - Working with Data.
2024/09/19 10:26:53 - abl - INFO - Building the Learning Part.
2024/09/19 10:26:53 - abl - INFO - Building the Reasoning Part.
2024/09/19 10:26:53 - abl - INFO - Building Evaluation Metrics.
2024/09/19 10:26:53 - abl - INFO - Bridge Learning and Reasoning.
2024/09/19 10:26:53 - abl - INFO - ------- Use labeled data to pretrain the model -----------
2024/09/19 10:26:53 - abl - INFO - ------- Test the initial model -----------
2024/09/19 10:26:53 - abl - INFO - Test start:
2024/09/19 10:26:54 - abl - INFO - Evaluation ended, GO/character_accuracy: 0.743 GO/reasoning_accuracy: 0.443 
2024/09/19 10:26:54 - abl - INFO - ------- Use ABL to train the model -----------
2024/09/19 10:26:54 - abl - INFO - loop(train) [1/3] segment(train) [1/1] 
2024/09/19 10:27:15 - abl - INFO - Eval start: loop(val) [1]
2024/09/19 10:27:26 - abl - INFO - Evaluation ended, GO/character_accuracy: 0.998 GO/reasoning_accuracy: 0.834 
2024/09/19 10:27:26 - abl - INFO - loop(train) [2/3] segment(train) [1/1] 
2024/09/19 10:27:41 - abl - INFO - Eval start: loop(val) [2]
2024/09/19 10:27:52 - abl - INFO - Evaluation ended, GO/character_accuracy: 0.998 GO/reasoning_accuracy: 0.834 
2024/09/19 10:27:52 - abl - INFO - loop(train) [3/3] segment(train) [1/1] 
2024/09/19 10:28:07 - abl - INFO - Eval start: loop(val) [3]
2024/09/19 10:28:19 - abl - INFO - Evaluation ended, GO/character_accuracy: 0.998 GO/reasoning_accuracy: 0.834 
2024/09/19 10:28:19 - abl - INFO - ------- Test the final model -----------
2024/09/19 10:28:19 - abl - INFO - Test start:
2024/09/19 10:28:19 - abl - INFO - Evaluation ended, GO/character_accuracy: 0.771 GO/reasoning_accuracy: 0.524 
2024/09/19 10:28:19 - abl - INFO - ------- Save the final model -----------
2024/09/19 10:28:19 - abl - INFO - ---------------------- Single gene training end --------------------------------
