2024/09/15 21:14:17 - abl - INFO - ---------------------- Single gene training start --------------------------------
2024/09/15 21:14:17 - abl - INFO - Abductive Learning on single gene SO_2345.
2024/09/15 21:14:17 - abl - INFO - Working with Data.
2024/09/15 21:14:17 - abl - INFO - Building the Learning Part.
2024/09/15 21:14:17 - abl - INFO - Building the Reasoning Part.
2024/09/15 21:14:17 - abl - INFO - Building Evaluation Metrics.
2024/09/15 21:14:17 - abl - INFO - Bridge Learning and Reasoning.
2024/09/15 21:14:17 - abl - INFO - ------- Use labeled data to pretrain the model -----------
2024/09/15 21:14:17 - abl - INFO - ------- Test the initial model -----------
2024/09/15 21:14:17 - abl - INFO - Test start:
2024/09/15 21:14:17 - abl - INFO - Evaluation ended, GO/character_accuracy: 0.733 GO/reasoning_accuracy: 0.533 
2024/09/15 21:14:17 - abl - INFO - ------- Use ABL to train the model -----------
2024/09/15 21:14:17 - abl - INFO - loop(train) [1/3] segment(train) [1/1] 
2024/09/15 21:14:22 - abl - INFO - Eval start: loop(val) [1]
2024/09/15 21:14:24 - abl - INFO - Evaluation ended, GO/character_accuracy: 0.991 GO/reasoning_accuracy: 0.842 
2024/09/15 21:14:24 - abl - INFO - loop(train) [2/3] segment(train) [1/1] 
2024/09/15 21:14:28 - abl - INFO - Eval start: loop(val) [2]
2024/09/15 21:14:30 - abl - INFO - Evaluation ended, GO/character_accuracy: 0.991 GO/reasoning_accuracy: 0.842 
2024/09/15 21:14:30 - abl - INFO - loop(train) [3/3] segment(train) [1/1] 
2024/09/15 21:14:34 - abl - INFO - Eval start: loop(val) [3]
2024/09/15 21:14:37 - abl - INFO - Evaluation ended, GO/character_accuracy: 0.991 GO/reasoning_accuracy: 0.842 
2024/09/15 21:14:37 - abl - INFO - ------- Test the final model -----------
2024/09/15 21:14:37 - abl - INFO - Test start:
2024/09/15 21:14:37 - abl - INFO - Evaluation ended, GO/character_accuracy: 0.719 GO/reasoning_accuracy: 0.567 
2024/09/15 21:14:37 - abl - INFO - ------- Save the final model -----------
2024/09/15 21:14:37 - abl - INFO - ---------------------- Single gene training end --------------------------------
