2024/09/15 12:26:59 - abl - INFO - ---------------------- Single gene training start --------------------------------
2024/09/15 12:26:59 - abl - INFO - Abductive Learning on single gene SO_2345.
2024/09/15 12:26:59 - abl - INFO - Working with Data.
2024/09/15 12:26:59 - abl - INFO - Building the Learning Part.
2024/09/15 12:26:59 - abl - INFO - Building the Reasoning Part.
2024/09/15 12:26:59 - abl - INFO - Building Evaluation Metrics.
2024/09/15 12:26:59 - abl - INFO - Bridge Learning and Reasoning.
2024/09/15 12:26:59 - abl - INFO - ------- Use labeled data to pretrain the model -----------
2024/09/15 12:26:59 - abl - INFO - ------- Test the initial model -----------
2024/09/15 12:26:59 - abl - INFO - Test start:
2024/09/15 12:26:59 - abl - INFO - Evaluation ended, GO/character_accuracy: 0.781 GO/reasoning_accuracy: 0.457 
2024/09/15 12:26:59 - abl - INFO - ------- Use ABL to train the model -----------
2024/09/15 12:26:59 - abl - INFO - loop(train) [1/3] segment(train) [1/1] 
2024/09/15 12:27:04 - abl - INFO - Eval start: loop(val) [1]
2024/09/15 12:27:06 - abl - INFO - Evaluation ended, GO/character_accuracy: 1.000 GO/reasoning_accuracy: 0.834 
2024/09/15 12:27:06 - abl - INFO - loop(train) [2/3] segment(train) [1/1] 
2024/09/15 12:27:10 - abl - INFO - Eval start: loop(val) [2]
2024/09/15 12:27:12 - abl - INFO - Evaluation ended, GO/character_accuracy: 0.996 GO/reasoning_accuracy: 0.834 
2024/09/15 12:27:12 - abl - INFO - loop(train) [3/3] segment(train) [1/1] 
2024/09/15 12:27:16 - abl - INFO - Eval start: loop(val) [3]
2024/09/15 12:27:18 - abl - INFO - Evaluation ended, GO/character_accuracy: 1.000 GO/reasoning_accuracy: 0.834 
2024/09/15 12:27:18 - abl - INFO - ------- Test the final model -----------
2024/09/15 12:27:18 - abl - INFO - Test start:
2024/09/15 12:27:19 - abl - INFO - Evaluation ended, GO/character_accuracy: 0.786 GO/reasoning_accuracy: 0.490 
2024/09/15 12:27:19 - abl - INFO - ------- Save the final model -----------
2024/09/15 12:27:19 - abl - INFO - ---------------------- Single gene training end --------------------------------
