2024/09/15 12:04:58 - abl - INFO - ---------------------- Single gene training start --------------------------------
2024/09/15 12:04:58 - abl - INFO - Abductive Learning on single gene SO_2345.
2024/09/15 12:04:58 - abl - INFO - Working with Data.
2024/09/15 12:04:58 - abl - INFO - Building the Learning Part.
2024/09/15 12:04:58 - abl - INFO - Building the Reasoning Part.
2024/09/15 12:04:58 - abl - INFO - Building Evaluation Metrics.
2024/09/15 12:04:58 - abl - INFO - Bridge Learning and Reasoning.
2024/09/15 12:04:58 - abl - INFO - ------- Use labeled data to pretrain the model -----------
2024/09/15 12:04:58 - abl - INFO - ------- Test the initial model -----------
2024/09/15 12:04:58 - abl - INFO - Test start:
2024/09/15 12:04:58 - abl - INFO - Evaluation ended, GO/character_accuracy: 0.776 GO/reasoning_accuracy: 0.490 
2024/09/15 12:04:58 - abl - INFO - ------- Use ABL to train the model -----------
2024/09/15 12:04:58 - abl - INFO - loop(train) [1/3] segment(train) [1/1] 
2024/09/15 12:05:03 - abl - INFO - Eval start: loop(val) [1]
2024/09/15 12:05:06 - abl - INFO - Evaluation ended, GO/character_accuracy: 1.000 GO/reasoning_accuracy: 0.835 
2024/09/15 12:05:06 - abl - INFO - loop(train) [2/3] segment(train) [1/1] 
2024/09/15 12:05:09 - abl - INFO - Eval start: loop(val) [2]
2024/09/15 12:05:12 - abl - INFO - Evaluation ended, GO/character_accuracy: 1.000 GO/reasoning_accuracy: 0.835 
2024/09/15 12:05:12 - abl - INFO - loop(train) [3/3] segment(train) [1/1] 
2024/09/15 12:05:15 - abl - INFO - Eval start: loop(val) [3]
2024/09/15 12:05:18 - abl - INFO - Evaluation ended, GO/character_accuracy: 1.000 GO/reasoning_accuracy: 0.835 
2024/09/15 12:05:18 - abl - INFO - ------- Test the final model -----------
2024/09/15 12:05:18 - abl - INFO - Test start:
2024/09/15 12:05:18 - abl - INFO - Evaluation ended, GO/character_accuracy: 0.757 GO/reasoning_accuracy: 0.519 
2024/09/15 12:05:18 - abl - INFO - ------- Save the final model -----------
2024/09/15 12:05:18 - abl - INFO - ---------------------- Single gene training end --------------------------------
