2024/09/15 22:08:58 - abl - INFO - ---------------------- Single gene training start --------------------------------
2024/09/15 22:08:58 - abl - INFO - Abductive Learning on single gene SO_2345.
2024/09/15 22:08:58 - abl - INFO - Working with Data.
2024/09/15 22:08:58 - abl - INFO - Building the Learning Part.
2024/09/15 22:08:58 - abl - INFO - Building the Reasoning Part.
2024/09/15 22:08:58 - abl - INFO - Building Evaluation Metrics.
2024/09/15 22:08:58 - abl - INFO - Bridge Learning and Reasoning.
2024/09/15 22:08:58 - abl - INFO - ------- Use labeled data to pretrain the model -----------
2024/09/15 22:08:58 - abl - INFO - ------- Test the initial model -----------
2024/09/15 22:08:58 - abl - INFO - Test start:
2024/09/15 22:08:59 - abl - INFO - Evaluation ended, GO/character_accuracy: 0.795 GO/reasoning_accuracy: 0.467 
2024/09/15 22:08:59 - abl - INFO - ------- Use ABL to train the model -----------
2024/09/15 22:08:59 - abl - INFO - loop(train) [1/3] segment(train) [1/1] 
2024/09/15 22:09:05 - abl - INFO - Eval start: loop(val) [1]
2024/09/15 22:09:07 - abl - INFO - Evaluation ended, GO/character_accuracy: 1.000 GO/reasoning_accuracy: 0.834 
2024/09/15 22:09:07 - abl - INFO - loop(train) [2/3] segment(train) [1/1] 
2024/09/15 22:09:11 - abl - INFO - Eval start: loop(val) [2]
2024/09/15 22:09:13 - abl - INFO - Evaluation ended, GO/character_accuracy: 1.000 GO/reasoning_accuracy: 0.834 
2024/09/15 22:09:13 - abl - INFO - loop(train) [3/3] segment(train) [1/1] 
2024/09/15 22:09:17 - abl - INFO - Eval start: loop(val) [3]
2024/09/15 22:09:19 - abl - INFO - Evaluation ended, GO/character_accuracy: 1.000 GO/reasoning_accuracy: 0.834 
2024/09/15 22:09:19 - abl - INFO - ------- Test the final model -----------
2024/09/15 22:09:19 - abl - INFO - Test start:
2024/09/15 22:09:19 - abl - INFO - Evaluation ended, GO/character_accuracy: 0.786 GO/reasoning_accuracy: 0.505 
2024/09/15 22:09:19 - abl - INFO - ------- Save the final model -----------
2024/09/15 22:09:20 - abl - INFO - ---------------------- Single gene training end --------------------------------
