2024/09/15 11:09:14 - abl - INFO - ---------------------- Single gene training start --------------------------------
2024/09/15 11:09:14 - abl - INFO - Abductive Learning on single gene SO_0624.
2024/09/15 11:09:14 - abl - INFO - Working with Data.
2024/09/15 11:09:14 - abl - INFO - Building the Learning Part.
2024/09/15 11:09:14 - abl - INFO - Building the Reasoning Part.
2024/09/15 11:09:14 - abl - INFO - Building Evaluation Metrics.
2024/09/15 11:09:14 - abl - INFO - Bridge Learning and Reasoning.
2024/09/15 11:09:14 - abl - INFO - ------- Use labeled data to pretrain the model -----------
2024/09/15 11:09:14 - abl - INFO - ------- Test the initial model -----------
2024/09/15 11:09:14 - abl - INFO - Test start:
2024/09/15 11:09:15 - abl - INFO - Evaluation ended, GO/character_accuracy: 0.814 GO/reasoning_accuracy: 0.319 
2024/09/15 11:09:15 - abl - INFO - ------- Use ABL to train the model -----------
2024/09/15 11:09:15 - abl - INFO - loop(train) [1/3] segment(train) [1/1] 
2024/09/15 11:09:18 - abl - INFO - Eval start: loop(val) [1]
2024/09/15 11:09:19 - abl - INFO - Evaluation ended, GO/character_accuracy: 1.000 GO/reasoning_accuracy: 0.927 
2024/09/15 11:09:19 - abl - INFO - loop(train) [2/3] segment(train) [1/1] 
2024/09/15 11:09:22 - abl - INFO - Eval start: loop(val) [2]
2024/09/15 11:09:23 - abl - INFO - Evaluation ended, GO/character_accuracy: 1.000 GO/reasoning_accuracy: 0.927 
2024/09/15 11:09:23 - abl - INFO - loop(train) [3/3] segment(train) [1/1] 
2024/09/15 11:09:25 - abl - INFO - Eval start: loop(val) [3]
2024/09/15 11:09:27 - abl - INFO - Evaluation ended, GO/character_accuracy: 1.000 GO/reasoning_accuracy: 0.927 
2024/09/15 11:09:27 - abl - INFO - ------- Test the final model -----------
2024/09/15 11:09:27 - abl - INFO - Test start:
2024/09/15 11:09:27 - abl - INFO - Evaluation ended, GO/character_accuracy: 0.771 GO/reasoning_accuracy: 0.438 
2024/09/15 11:09:27 - abl - INFO - ------- Save the final model -----------
2024/09/15 11:09:27 - abl - INFO - ---------------------- Single gene training end --------------------------------
