2024/09/19 10:12:01 - abl - INFO - ---------------------- Single gene training start --------------------------------
2024/09/19 10:12:01 - abl - INFO - Abductive Learning on single gene SO_0624.
2024/09/19 10:12:01 - abl - INFO - Working with Data.
2024/09/19 10:12:01 - abl - INFO - Building the Learning Part.
2024/09/19 10:12:01 - abl - INFO - Building the Reasoning Part.
2024/09/19 10:12:01 - abl - INFO - Building Evaluation Metrics.
2024/09/19 10:12:01 - abl - INFO - Bridge Learning and Reasoning.
2024/09/19 10:12:01 - abl - INFO - ------- Use labeled data to pretrain the model -----------
2024/09/19 10:12:01 - abl - INFO - ------- Test the initial model -----------
2024/09/19 10:12:01 - abl - INFO - Test start:
2024/09/19 10:12:02 - abl - INFO - Evaluation ended, GO/character_accuracy: 0.733 GO/reasoning_accuracy: 0.329 
2024/09/19 10:12:02 - abl - INFO - ------- Use ABL to train the model -----------
2024/09/19 10:12:02 - abl - INFO - loop(train) [1/3] segment(train) [1/1] 
2024/09/19 10:12:13 - abl - INFO - Eval start: loop(val) [1]
2024/09/19 10:12:19 - abl - INFO - Evaluation ended, GO/character_accuracy: 0.998 GO/reasoning_accuracy: 0.924 
2024/09/19 10:12:19 - abl - INFO - loop(train) [2/3] segment(train) [1/1] 
2024/09/19 10:12:26 - abl - INFO - Eval start: loop(val) [2]
2024/09/19 10:12:32 - abl - INFO - Evaluation ended, GO/character_accuracy: 0.998 GO/reasoning_accuracy: 0.924 
2024/09/19 10:12:32 - abl - INFO - loop(train) [3/3] segment(train) [1/1] 
2024/09/19 10:12:39 - abl - INFO - Eval start: loop(val) [3]
2024/09/19 10:12:45 - abl - INFO - Evaluation ended, GO/character_accuracy: 0.998 GO/reasoning_accuracy: 0.924 
2024/09/19 10:12:45 - abl - INFO - ------- Test the final model -----------
2024/09/19 10:12:45 - abl - INFO - Test start:
2024/09/19 10:12:46 - abl - INFO - Evaluation ended, GO/character_accuracy: 0.743 GO/reasoning_accuracy: 0.362 
2024/09/19 10:12:46 - abl - INFO - ------- Save the final model -----------
2024/09/19 10:12:46 - abl - INFO - ---------------------- Single gene training end --------------------------------
