2024/09/15 21:02:08 - abl - INFO - ---------------------- Single gene training start --------------------------------
2024/09/15 21:02:08 - abl - INFO - Abductive Learning on single gene SO_0624.
2024/09/15 21:02:08 - abl - INFO - Working with Data.
2024/09/15 21:02:08 - abl - INFO - Building the Learning Part.
2024/09/15 21:02:08 - abl - INFO - Building the Reasoning Part.
2024/09/15 21:02:08 - abl - INFO - Building Evaluation Metrics.
2024/09/15 21:02:08 - abl - INFO - Bridge Learning and Reasoning.
2024/09/15 21:02:08 - abl - INFO - ------- Use labeled data to pretrain the model -----------
2024/09/15 21:02:08 - abl - INFO - ------- Test the initial model -----------
2024/09/15 21:02:08 - abl - INFO - Test start:
2024/09/15 21:02:08 - abl - INFO - Evaluation ended, GO/character_accuracy: 0.805 GO/reasoning_accuracy: 0.371 
2024/09/15 21:02:08 - abl - INFO - ------- Use ABL to train the model -----------
2024/09/15 21:02:08 - abl - INFO - loop(train) [1/3] segment(train) [1/1] 
2024/09/15 21:02:11 - abl - INFO - Eval start: loop(val) [1]
2024/09/15 21:02:13 - abl - INFO - Evaluation ended, GO/character_accuracy: 0.998 GO/reasoning_accuracy: 0.925 
2024/09/15 21:02:13 - abl - INFO - loop(train) [2/3] segment(train) [1/1] 
2024/09/15 21:02:15 - abl - INFO - Eval start: loop(val) [2]
2024/09/15 21:02:16 - abl - INFO - Evaluation ended, GO/character_accuracy: 0.998 GO/reasoning_accuracy: 0.925 
2024/09/15 21:02:16 - abl - INFO - loop(train) [3/3] segment(train) [1/1] 
2024/09/15 21:02:18 - abl - INFO - Eval start: loop(val) [3]
2024/09/15 21:02:20 - abl - INFO - Evaluation ended, GO/character_accuracy: 0.998 GO/reasoning_accuracy: 0.925 
2024/09/15 21:02:20 - abl - INFO - ------- Test the final model -----------
2024/09/15 21:02:20 - abl - INFO - Test start:
2024/09/15 21:02:20 - abl - INFO - Evaluation ended, GO/character_accuracy: 0.781 GO/reasoning_accuracy: 0.419 
2024/09/15 21:02:20 - abl - INFO - ------- Save the final model -----------
2024/09/15 21:02:20 - abl - INFO - ---------------------- Single gene training end --------------------------------
