2024/09/15 21:57:36 - abl - INFO - ---------------------- Single gene training start --------------------------------
2024/09/15 21:57:36 - abl - INFO - Abductive Learning on single gene SO_0624.
2024/09/15 21:57:36 - abl - INFO - Working with Data.
2024/09/15 21:57:36 - abl - INFO - Building the Learning Part.
2024/09/15 21:57:36 - abl - INFO - Building the Reasoning Part.
2024/09/15 21:57:36 - abl - INFO - Building Evaluation Metrics.
2024/09/15 21:57:36 - abl - INFO - Bridge Learning and Reasoning.
2024/09/15 21:57:36 - abl - INFO - ------- Use labeled data to pretrain the model -----------
2024/09/15 21:57:36 - abl - INFO - ------- Test the initial model -----------
2024/09/15 21:57:36 - abl - INFO - Test start:
2024/09/15 21:57:36 - abl - INFO - Evaluation ended, GO/character_accuracy: 0.824 GO/reasoning_accuracy: 0.348 
2024/09/15 21:57:36 - abl - INFO - ------- Use ABL to train the model -----------
2024/09/15 21:57:36 - abl - INFO - loop(train) [1/3] segment(train) [1/1] 
2024/09/15 21:57:40 - abl - INFO - Eval start: loop(val) [1]
2024/09/15 21:57:41 - abl - INFO - Evaluation ended, GO/character_accuracy: 1.000 GO/reasoning_accuracy: 0.925 
2024/09/15 21:57:41 - abl - INFO - loop(train) [2/3] segment(train) [1/1] 
2024/09/15 21:57:43 - abl - INFO - Eval start: loop(val) [2]
2024/09/15 21:57:45 - abl - INFO - Evaluation ended, GO/character_accuracy: 1.000 GO/reasoning_accuracy: 0.925 
2024/09/15 21:57:45 - abl - INFO - loop(train) [3/3] segment(train) [1/1] 
2024/09/15 21:57:47 - abl - INFO - Eval start: loop(val) [3]
2024/09/15 21:57:49 - abl - INFO - Evaluation ended, GO/character_accuracy: 1.000 GO/reasoning_accuracy: 0.925 
2024/09/15 21:57:49 - abl - INFO - ------- Test the final model -----------
2024/09/15 21:57:49 - abl - INFO - Test start:
2024/09/15 21:57:49 - abl - INFO - Evaluation ended, GO/character_accuracy: 0.810 GO/reasoning_accuracy: 0.429 
2024/09/15 21:57:49 - abl - INFO - ------- Save the final model -----------
2024/09/15 21:57:49 - abl - INFO - ---------------------- Single gene training end --------------------------------
