2024/09/15 13:39:09 - abl - INFO - ---------------------- Single gene training start --------------------------------
2024/09/15 13:39:09 - abl - INFO - Abductive Learning on single gene SO_0624.
2024/09/15 13:39:09 - abl - INFO - Working with Data.
2024/09/15 13:39:09 - abl - INFO - Building the Learning Part.
2024/09/15 13:39:09 - abl - INFO - Building the Reasoning Part.
2024/09/15 13:39:09 - abl - INFO - Building Evaluation Metrics.
2024/09/15 13:39:09 - abl - INFO - Bridge Learning and Reasoning.
2024/09/15 13:39:09 - abl - INFO - ------- Use labeled data to pretrain the model -----------
2024/09/15 13:39:09 - abl - INFO - ------- Test the initial model -----------
2024/09/15 13:39:09 - abl - INFO - Test start:
2024/09/15 13:39:09 - abl - INFO - Evaluation ended, GO/character_accuracy: 0.752 GO/reasoning_accuracy: 0.305 
2024/09/15 13:39:09 - abl - INFO - ------- Use ABL to train the model -----------
2024/09/15 13:39:09 - abl - INFO - loop(train) [1/3] segment(train) [1/1] 
2024/09/15 13:39:12 - abl - INFO - Eval start: loop(val) [1]
2024/09/15 13:39:14 - abl - INFO - Evaluation ended, GO/character_accuracy: 1.000 GO/reasoning_accuracy: 0.925 
2024/09/15 13:39:14 - abl - INFO - loop(train) [2/3] segment(train) [1/1] 
2024/09/15 13:39:16 - abl - INFO - Eval start: loop(val) [2]
2024/09/15 13:39:17 - abl - INFO - Evaluation ended, GO/character_accuracy: 1.000 GO/reasoning_accuracy: 0.925 
2024/09/15 13:39:17 - abl - INFO - loop(train) [3/3] segment(train) [1/1] 
2024/09/15 13:39:19 - abl - INFO - Eval start: loop(val) [3]
2024/09/15 13:39:21 - abl - INFO - Evaluation ended, GO/character_accuracy: 1.000 GO/reasoning_accuracy: 0.925 
2024/09/15 13:39:21 - abl - INFO - ------- Test the final model -----------
2024/09/15 13:39:21 - abl - INFO - Test start:
2024/09/15 13:39:21 - abl - INFO - Evaluation ended, GO/character_accuracy: 0.790 GO/reasoning_accuracy: 0.405 
2024/09/15 13:39:21 - abl - INFO - ------- Save the final model -----------
2024/09/15 13:39:21 - abl - INFO - ---------------------- Single gene training end --------------------------------
