2024/09/13 10:24:46 - abl - INFO - ---------------------- Single gene training start --------------------------------
2024/09/13 10:24:46 - abl - INFO - Abductive Learning on single gene SO_0624.
2024/09/13 10:24:46 - abl - INFO - Working with Data.
2024/09/13 10:24:46 - abl - INFO - Building the Learning Part.
2024/09/13 10:24:46 - abl - INFO - Building the Reasoning Part.
2024/09/13 10:24:46 - abl - INFO - Building Evaluation Metrics.
2024/09/13 10:24:46 - abl - INFO - Bridge Learning and Reasoning.
2024/09/13 10:24:46 - abl - INFO - ------- Use labeled data to pretrain the model -----------
2024/09/13 10:24:46 - abl - INFO - ------- Test the initial model -----------
2024/09/13 10:24:46 - abl - INFO - Test start:
2024/09/13 10:24:46 - abl - INFO - Evaluation ended, GO/character_accuracy: 0.767 GO/reasoning_accuracy: 0.333 
2024/09/13 10:24:46 - abl - INFO - ------- Use ABL to train the model -----------
2024/09/13 10:24:46 - abl - INFO - loop(train) [1/3] segment(train) [1/1] 
2024/09/13 10:24:48 - abl - INFO - Eval start: loop(val) [1]
2024/09/13 10:24:50 - abl - INFO - Evaluation ended, GO/character_accuracy: 0.998 GO/reasoning_accuracy: 0.926 
2024/09/13 10:24:50 - abl - INFO - loop(train) [2/3] segment(train) [1/1] 
2024/09/13 10:24:51 - abl - INFO - Eval start: loop(val) [2]
2024/09/13 10:24:52 - abl - INFO - Evaluation ended, GO/character_accuracy: 0.998 GO/reasoning_accuracy: 0.926 
2024/09/13 10:24:52 - abl - INFO - loop(train) [3/3] segment(train) [1/1] 
2024/09/13 10:24:54 - abl - INFO - Eval start: loop(val) [3]
2024/09/13 10:24:55 - abl - INFO - Evaluation ended, GO/character_accuracy: 0.998 GO/reasoning_accuracy: 0.926 
2024/09/13 10:24:55 - abl - INFO - ------- Test the final model -----------
2024/09/13 10:24:55 - abl - INFO - Test start:
2024/09/13 10:24:55 - abl - INFO - Evaluation ended, GO/character_accuracy: 0.781 GO/reasoning_accuracy: 0.386 
2024/09/13 10:24:55 - abl - INFO - ------- Save the final model -----------
2024/09/13 10:24:55 - abl - INFO - ---------------------- Single gene training end --------------------------------
