2024/09/14 12:57:07 - abl - INFO - ---------------------- Single gene training start --------------------------------
2024/09/14 12:57:07 - abl - INFO - Abductive Learning on single gene SO_0624.
2024/09/14 12:57:07 - abl - INFO - Working with Data.
2024/09/14 12:57:07 - abl - INFO - Building the Learning Part.
2024/09/14 12:57:07 - abl - INFO - Building the Reasoning Part.
2024/09/14 12:57:07 - abl - INFO - Building Evaluation Metrics.
2024/09/14 12:57:07 - abl - INFO - Bridge Learning and Reasoning.
2024/09/14 12:57:07 - abl - INFO - ------- Use labeled data to pretrain the model -----------
2024/09/14 12:57:07 - abl - INFO - ------- Test the initial model -----------
2024/09/14 12:57:07 - abl - INFO - Test start:
2024/09/14 12:57:07 - abl - INFO - Evaluation ended, GO/character_accuracy: 0.786 GO/reasoning_accuracy: 0.324 
2024/09/14 12:57:07 - abl - INFO - ------- Use ABL to train the model -----------
2024/09/14 12:57:07 - abl - INFO - loop(train) [1/3] segment(train) [1/1] 
2024/09/14 12:57:10 - abl - INFO - Eval start: loop(val) [1]
2024/09/14 12:57:12 - abl - INFO - Evaluation ended, GO/character_accuracy: 1.000 GO/reasoning_accuracy: 0.927 
2024/09/14 12:57:12 - abl - INFO - loop(train) [2/3] segment(train) [1/1] 
2024/09/14 12:57:14 - abl - INFO - Eval start: loop(val) [2]
2024/09/14 12:57:15 - abl - INFO - Evaluation ended, GO/character_accuracy: 1.000 GO/reasoning_accuracy: 0.927 
2024/09/14 12:57:15 - abl - INFO - loop(train) [3/3] segment(train) [1/1] 
2024/09/14 12:57:17 - abl - INFO - Eval start: loop(val) [3]
2024/09/14 12:57:19 - abl - INFO - Evaluation ended, GO/character_accuracy: 1.000 GO/reasoning_accuracy: 0.927 
2024/09/14 12:57:19 - abl - INFO - ------- Test the final model -----------
2024/09/14 12:57:19 - abl - INFO - Test start:
2024/09/14 12:57:19 - abl - INFO - Evaluation ended, GO/character_accuracy: 0.762 GO/reasoning_accuracy: 0.410 
2024/09/14 12:57:19 - abl - INFO - ------- Save the final model -----------
2024/09/14 12:57:19 - abl - INFO - ---------------------- Single gene training end --------------------------------
