2024/09/15 12:29:21 - abl - INFO - ---------------------- Single gene training start --------------------------------
2024/09/15 12:29:21 - abl - INFO - Abductive Learning on single gene SO_3516.
2024/09/15 12:29:21 - abl - INFO - Working with Data.
2024/09/15 12:29:21 - abl - INFO - Building the Learning Part.
2024/09/15 12:29:21 - abl - INFO - Building the Reasoning Part.
2024/09/15 12:29:21 - abl - INFO - Building Evaluation Metrics.
2024/09/15 12:29:21 - abl - INFO - Bridge Learning and Reasoning.
2024/09/15 12:29:21 - abl - INFO - ------- Use labeled data to pretrain the model -----------
2024/09/15 12:29:21 - abl - INFO - ------- Test the initial model -----------
2024/09/15 12:29:21 - abl - INFO - Test start:
2024/09/15 12:29:21 - abl - INFO - Evaluation ended, GO/character_accuracy: 0.729 GO/reasoning_accuracy: 0.652 
2024/09/15 12:29:21 - abl - INFO - ------- Use ABL to train the model -----------
2024/09/15 12:29:21 - abl - INFO - loop(train) [1/3] segment(train) [1/1] 
2024/09/15 12:29:25 - abl - INFO - Eval start: loop(val) [1]
2024/09/15 12:29:27 - abl - INFO - Evaluation ended, GO/character_accuracy: 0.999 GO/reasoning_accuracy: 0.899 
2024/09/15 12:29:27 - abl - INFO - loop(train) [2/3] segment(train) [1/1] 
2024/09/15 12:29:30 - abl - INFO - Eval start: loop(val) [2]
2024/09/15 12:29:33 - abl - INFO - Evaluation ended, GO/character_accuracy: 0.999 GO/reasoning_accuracy: 0.899 
2024/09/15 12:29:33 - abl - INFO - loop(train) [3/3] segment(train) [1/1] 
2024/09/15 12:29:36 - abl - INFO - Eval start: loop(val) [3]
2024/09/15 12:29:38 - abl - INFO - Evaluation ended, GO/character_accuracy: 0.999 GO/reasoning_accuracy: 0.899 
2024/09/15 12:29:38 - abl - INFO - ------- Test the final model -----------
2024/09/15 12:29:38 - abl - INFO - Test start:
2024/09/15 12:29:38 - abl - INFO - Evaluation ended, GO/character_accuracy: 0.733 GO/reasoning_accuracy: 0.667 
2024/09/15 12:29:38 - abl - INFO - ------- Save the final model -----------
2024/09/15 12:29:38 - abl - INFO - ---------------------- Single gene training end --------------------------------
