2024/09/15 22:32:55 - abl - INFO - ---------------------- Single gene training start --------------------------------
2024/09/15 22:32:55 - abl - INFO - Abductive Learning on single gene SO_3516.
2024/09/15 22:32:55 - abl - INFO - Working with Data.
2024/09/15 22:32:55 - abl - INFO - Building the Learning Part.
2024/09/15 22:32:55 - abl - INFO - Building the Reasoning Part.
2024/09/15 22:32:55 - abl - INFO - Building Evaluation Metrics.
2024/09/15 22:32:55 - abl - INFO - Bridge Learning and Reasoning.
2024/09/15 22:32:55 - abl - INFO - ------- Use labeled data to pretrain the model -----------
2024/09/15 22:32:55 - abl - INFO - ------- Test the initial model -----------
2024/09/15 22:32:55 - abl - INFO - Test start:
2024/09/15 22:32:56 - abl - INFO - Evaluation ended, GO/character_accuracy: 0.795 GO/reasoning_accuracy: 0.767 
2024/09/15 22:32:56 - abl - INFO - ------- Use ABL to train the model -----------
2024/09/15 22:32:56 - abl - INFO - loop(train) [1/3] segment(train) [1/1] 
2024/09/15 22:33:06 - abl - INFO - Eval start: loop(val) [1]
2024/09/15 22:33:13 - abl - INFO - Evaluation ended, GO/character_accuracy: 1.000 GO/reasoning_accuracy: 0.899 
2024/09/15 22:33:13 - abl - INFO - loop(train) [2/3] segment(train) [1/1] 
2024/09/15 22:33:21 - abl - INFO - Eval start: loop(val) [2]
2024/09/15 22:33:27 - abl - INFO - Evaluation ended, GO/character_accuracy: 1.000 GO/reasoning_accuracy: 0.899 
2024/09/15 22:33:27 - abl - INFO - loop(train) [3/3] segment(train) [1/1] 
2024/09/15 22:33:35 - abl - INFO - Eval start: loop(val) [3]
2024/09/15 22:33:41 - abl - INFO - Evaluation ended, GO/character_accuracy: 1.000 GO/reasoning_accuracy: 0.899 
2024/09/15 22:33:41 - abl - INFO - ------- Test the final model -----------
2024/09/15 22:33:41 - abl - INFO - Test start:
2024/09/15 22:33:42 - abl - INFO - Evaluation ended, GO/character_accuracy: 0.752 GO/reasoning_accuracy: 0.781 
2024/09/15 22:33:42 - abl - INFO - ------- Save the final model -----------
2024/09/15 22:33:42 - abl - INFO - ---------------------- Single gene training end --------------------------------
