2024/09/15 13:05:45 - abl - INFO - ---------------------- Single gene training start --------------------------------
2024/09/15 13:05:45 - abl - INFO - Abductive Learning on single gene SO_3516.
2024/09/15 13:05:45 - abl - INFO - Working with Data.
2024/09/15 13:05:45 - abl - INFO - Building the Learning Part.
2024/09/15 13:05:45 - abl - INFO - Building the Reasoning Part.
2024/09/15 13:05:45 - abl - INFO - Building Evaluation Metrics.
2024/09/15 13:05:45 - abl - INFO - Bridge Learning and Reasoning.
2024/09/15 13:05:45 - abl - INFO - ------- Use labeled data to pretrain the model -----------
2024/09/15 13:05:45 - abl - INFO - ------- Test the initial model -----------
2024/09/15 13:05:45 - abl - INFO - Test start:
2024/09/15 13:05:46 - abl - INFO - Evaluation ended, GO/character_accuracy: 0.748 GO/reasoning_accuracy: 0.719 
2024/09/15 13:05:46 - abl - INFO - ------- Use ABL to train the model -----------
2024/09/15 13:05:46 - abl - INFO - loop(train) [1/3] segment(train) [1/1] 
2024/09/15 13:05:49 - abl - INFO - Eval start: loop(val) [1]
2024/09/15 13:05:51 - abl - INFO - Evaluation ended, GO/character_accuracy: 1.000 GO/reasoning_accuracy: 0.899 
2024/09/15 13:05:51 - abl - INFO - loop(train) [2/3] segment(train) [1/1] 
2024/09/15 13:05:54 - abl - INFO - Eval start: loop(val) [2]
2024/09/15 13:05:56 - abl - INFO - Evaluation ended, GO/character_accuracy: 1.000 GO/reasoning_accuracy: 0.899 
2024/09/15 13:05:56 - abl - INFO - loop(train) [3/3] segment(train) [1/1] 
2024/09/15 13:05:59 - abl - INFO - Eval start: loop(val) [3]
2024/09/15 13:06:01 - abl - INFO - Evaluation ended, GO/character_accuracy: 1.000 GO/reasoning_accuracy: 0.899 
2024/09/15 13:06:01 - abl - INFO - ------- Test the final model -----------
2024/09/15 13:06:01 - abl - INFO - Test start:
2024/09/15 13:06:01 - abl - INFO - Evaluation ended, GO/character_accuracy: 0.757 GO/reasoning_accuracy: 0.748 
2024/09/15 13:06:01 - abl - INFO - ------- Save the final model -----------
2024/09/15 13:06:01 - abl - INFO - ---------------------- Single gene training end --------------------------------
