2024/09/19 10:21:23 - abl - INFO - ---------------------- Single gene training start --------------------------------
2024/09/19 10:21:23 - abl - INFO - Abductive Learning on single gene SO_3922.
2024/09/19 10:21:23 - abl - INFO - Working with Data.
2024/09/19 10:21:24 - abl - INFO - Building the Learning Part.
2024/09/19 10:21:24 - abl - INFO - Building the Reasoning Part.
2024/09/19 10:21:24 - abl - INFO - Building Evaluation Metrics.
2024/09/19 10:21:24 - abl - INFO - Bridge Learning and Reasoning.
2024/09/19 10:21:24 - abl - INFO - ------- Use labeled data to pretrain the model -----------
2024/09/19 10:21:24 - abl - INFO - ------- Test the initial model -----------
2024/09/19 10:21:24 - abl - INFO - Test start:
2024/09/19 10:21:25 - abl - INFO - Evaluation ended, GO/character_accuracy: 0.738 GO/reasoning_accuracy: 0.233 
2024/09/19 10:21:25 - abl - INFO - ------- Use ABL to train the model -----------
2024/09/19 10:21:25 - abl - INFO - loop(train) [1/3] segment(train) [1/1] 
2024/09/19 10:21:54 - abl - INFO - Eval start: loop(val) [1]
2024/09/19 10:22:09 - abl - INFO - Evaluation ended, GO/character_accuracy: 0.998 GO/reasoning_accuracy: 0.854 
2024/09/19 10:22:09 - abl - INFO - loop(train) [2/3] segment(train) [1/1] 
2024/09/19 10:22:30 - abl - INFO - Eval start: loop(val) [2]
2024/09/19 10:22:46 - abl - INFO - Evaluation ended, GO/character_accuracy: 0.998 GO/reasoning_accuracy: 0.854 
2024/09/19 10:22:46 - abl - INFO - loop(train) [3/3] segment(train) [1/1] 
2024/09/19 10:23:07 - abl - INFO - Eval start: loop(val) [3]
2024/09/19 10:23:22 - abl - INFO - Evaluation ended, GO/character_accuracy: 0.998 GO/reasoning_accuracy: 0.854 
2024/09/19 10:23:22 - abl - INFO - ------- Test the final model -----------
2024/09/19 10:23:22 - abl - INFO - Test start:
2024/09/19 10:23:23 - abl - INFO - Evaluation ended, GO/character_accuracy: 0.724 GO/reasoning_accuracy: 0.305 
2024/09/19 10:23:23 - abl - INFO - ------- Save the final model -----------
2024/09/19 10:23:23 - abl - INFO - ---------------------- Single gene training end --------------------------------
