2024/09/15 12:25:40 - abl - INFO - ---------------------- Single gene training start --------------------------------
2024/09/15 12:25:40 - abl - INFO - Abductive Learning on single gene SO_3922.
2024/09/15 12:25:40 - abl - INFO - Working with Data.
2024/09/15 12:25:40 - abl - INFO - Building the Learning Part.
2024/09/15 12:25:40 - abl - INFO - Building the Reasoning Part.
2024/09/15 12:25:40 - abl - INFO - Building Evaluation Metrics.
2024/09/15 12:25:40 - abl - INFO - Bridge Learning and Reasoning.
2024/09/15 12:25:40 - abl - INFO - ------- Use labeled data to pretrain the model -----------
2024/09/15 12:25:40 - abl - INFO - ------- Test the initial model -----------
2024/09/15 12:25:40 - abl - INFO - Test start:
2024/09/15 12:25:41 - abl - INFO - Evaluation ended, GO/character_accuracy: 0.738 GO/reasoning_accuracy: 0.281 
2024/09/15 12:25:41 - abl - INFO - ------- Use ABL to train the model -----------
2024/09/15 12:25:41 - abl - INFO - loop(train) [1/3] segment(train) [1/1] 
2024/09/15 12:25:50 - abl - INFO - Eval start: loop(val) [1]
2024/09/15 12:25:55 - abl - INFO - Evaluation ended, GO/character_accuracy: 1.000 GO/reasoning_accuracy: 0.854 
2024/09/15 12:25:55 - abl - INFO - loop(train) [2/3] segment(train) [1/1] 
2024/09/15 12:26:02 - abl - INFO - Eval start: loop(val) [2]
2024/09/15 12:26:06 - abl - INFO - Evaluation ended, GO/character_accuracy: 1.000 GO/reasoning_accuracy: 0.854 
2024/09/15 12:26:06 - abl - INFO - loop(train) [3/3] segment(train) [1/1] 
2024/09/15 12:26:13 - abl - INFO - Eval start: loop(val) [3]
2024/09/15 12:26:17 - abl - INFO - Evaluation ended, GO/character_accuracy: 1.000 GO/reasoning_accuracy: 0.854 
2024/09/15 12:26:17 - abl - INFO - ------- Test the final model -----------
2024/09/15 12:26:17 - abl - INFO - Test start:
2024/09/15 12:26:18 - abl - INFO - Evaluation ended, GO/character_accuracy: 0.776 GO/reasoning_accuracy: 0.338 
2024/09/15 12:26:18 - abl - INFO - ------- Save the final model -----------
2024/09/15 12:26:18 - abl - INFO - ---------------------- Single gene training end --------------------------------
