2024/09/15 20:59:24 - abl - INFO - ---------------------- Single gene training start --------------------------------
2024/09/15 20:59:24 - abl - INFO - Abductive Learning on single gene SO_3922.
2024/09/15 20:59:24 - abl - INFO - Working with Data.
2024/09/15 20:59:24 - abl - INFO - Building the Learning Part.
2024/09/15 20:59:24 - abl - INFO - Building the Reasoning Part.
2024/09/15 20:59:24 - abl - INFO - Building Evaluation Metrics.
2024/09/15 20:59:24 - abl - INFO - Bridge Learning and Reasoning.
2024/09/15 20:59:24 - abl - INFO - ------- Use labeled data to pretrain the model -----------
2024/09/15 20:59:24 - abl - INFO - ------- Test the initial model -----------
2024/09/15 20:59:24 - abl - INFO - Test start:
2024/09/15 20:59:25 - abl - INFO - Evaluation ended, GO/character_accuracy: 0.719 GO/reasoning_accuracy: 0.329 
2024/09/15 20:59:25 - abl - INFO - ------- Use ABL to train the model -----------
2024/09/15 20:59:25 - abl - INFO - loop(train) [1/3] segment(train) [1/1] 
2024/09/15 20:59:35 - abl - INFO - Eval start: loop(val) [1]
2024/09/15 20:59:39 - abl - INFO - Evaluation ended, GO/character_accuracy: 0.998 GO/reasoning_accuracy: 0.854 
2024/09/15 20:59:39 - abl - INFO - loop(train) [2/3] segment(train) [1/1] 
2024/09/15 20:59:45 - abl - INFO - Eval start: loop(val) [2]
2024/09/15 20:59:49 - abl - INFO - Evaluation ended, GO/character_accuracy: 0.998 GO/reasoning_accuracy: 0.854 
2024/09/15 20:59:49 - abl - INFO - loop(train) [3/3] segment(train) [1/1] 
2024/09/15 20:59:55 - abl - INFO - Eval start: loop(val) [3]
2024/09/15 21:00:00 - abl - INFO - Evaluation ended, GO/character_accuracy: 0.998 GO/reasoning_accuracy: 0.854 
2024/09/15 21:00:00 - abl - INFO - ------- Test the final model -----------
2024/09/15 21:00:00 - abl - INFO - Test start:
2024/09/15 21:00:00 - abl - INFO - Evaluation ended, GO/character_accuracy: 0.710 GO/reasoning_accuracy: 0.376 
2024/09/15 21:00:00 - abl - INFO - ------- Save the final model -----------
2024/09/15 21:00:00 - abl - INFO - ---------------------- Single gene training end --------------------------------
