2024/09/15 11:21:14 - abl - INFO - ---------------------- Single gene training start --------------------------------
2024/09/15 11:21:14 - abl - INFO - Abductive Learning on single gene SO_3922.
2024/09/15 11:21:14 - abl - INFO - Working with Data.
2024/09/15 11:21:14 - abl - INFO - Building the Learning Part.
2024/09/15 11:21:14 - abl - INFO - Building the Reasoning Part.
2024/09/15 11:21:14 - abl - INFO - Building Evaluation Metrics.
2024/09/15 11:21:14 - abl - INFO - Bridge Learning and Reasoning.
2024/09/15 11:21:14 - abl - INFO - ------- Use labeled data to pretrain the model -----------
2024/09/15 11:21:14 - abl - INFO - ------- Test the initial model -----------
2024/09/15 11:21:14 - abl - INFO - Test start:
2024/09/15 11:21:15 - abl - INFO - Evaluation ended, GO/character_accuracy: 0.738 GO/reasoning_accuracy: 0.833 
2024/09/15 11:21:15 - abl - INFO - ------- Use ABL to train the model -----------
2024/09/15 11:21:15 - abl - INFO - loop(train) [1/3] segment(train) [1/1] 
2024/09/15 11:21:21 - abl - INFO - Eval start: loop(val) [1]
2024/09/15 11:21:25 - abl - INFO - Evaluation ended, GO/character_accuracy: 0.372 GO/reasoning_accuracy: 1.000 
2024/09/15 11:21:25 - abl - INFO - loop(train) [2/3] segment(train) [1/1] 
2024/09/15 11:21:31 - abl - INFO - Eval start: loop(val) [2]
2024/09/15 11:21:35 - abl - INFO - Evaluation ended, GO/character_accuracy: 0.372 GO/reasoning_accuracy: 1.000 
2024/09/15 11:21:35 - abl - INFO - loop(train) [3/3] segment(train) [1/1] 
2024/09/15 11:21:40 - abl - INFO - Eval start: loop(val) [3]
2024/09/15 11:21:45 - abl - INFO - Evaluation ended, GO/character_accuracy: 0.372 GO/reasoning_accuracy: 1.000 
2024/09/15 11:21:45 - abl - INFO - ------- Test the final model -----------
2024/09/15 11:21:45 - abl - INFO - Test start:
2024/09/15 11:21:46 - abl - INFO - Evaluation ended, GO/character_accuracy: 0.733 GO/reasoning_accuracy: 0.833 
2024/09/15 11:21:46 - abl - INFO - ------- Save the final model -----------
2024/09/15 11:21:46 - abl - INFO - ---------------------- Single gene training end --------------------------------
