2024/09/15 13:37:01 - abl - INFO - ---------------------- Single gene training start --------------------------------
2024/09/15 13:37:01 - abl - INFO - Abductive Learning on single gene SO_3922.
2024/09/15 13:37:01 - abl - INFO - Working with Data.
2024/09/15 13:37:01 - abl - INFO - Building the Learning Part.
2024/09/15 13:37:01 - abl - INFO - Building the Reasoning Part.
2024/09/15 13:37:01 - abl - INFO - Building Evaluation Metrics.
2024/09/15 13:37:01 - abl - INFO - Bridge Learning and Reasoning.
2024/09/15 13:37:01 - abl - INFO - ------- Use labeled data to pretrain the model -----------
2024/09/15 13:37:01 - abl - INFO - ------- Test the initial model -----------
2024/09/15 13:37:01 - abl - INFO - Test start:
2024/09/15 13:37:01 - abl - INFO - Evaluation ended, GO/character_accuracy: 0.743 GO/reasoning_accuracy: 0.310 
2024/09/15 13:37:01 - abl - INFO - ------- Use ABL to train the model -----------
2024/09/15 13:37:01 - abl - INFO - loop(train) [1/3] segment(train) [1/1] 
2024/09/15 13:37:13 - abl - INFO - Eval start: loop(val) [1]
2024/09/15 13:37:17 - abl - INFO - Evaluation ended, GO/character_accuracy: 0.999 GO/reasoning_accuracy: 0.856 
2024/09/15 13:37:17 - abl - INFO - loop(train) [2/3] segment(train) [1/1] 
2024/09/15 13:37:23 - abl - INFO - Eval start: loop(val) [2]
2024/09/15 13:37:27 - abl - INFO - Evaluation ended, GO/character_accuracy: 0.999 GO/reasoning_accuracy: 0.856 
2024/09/15 13:37:27 - abl - INFO - loop(train) [3/3] segment(train) [1/1] 
2024/09/15 13:37:33 - abl - INFO - Eval start: loop(val) [3]
2024/09/15 13:37:37 - abl - INFO - Evaluation ended, GO/character_accuracy: 0.999 GO/reasoning_accuracy: 0.856 
2024/09/15 13:37:37 - abl - INFO - ------- Test the final model -----------
2024/09/15 13:37:37 - abl - INFO - Test start:
2024/09/15 13:37:38 - abl - INFO - Evaluation ended, GO/character_accuracy: 0.729 GO/reasoning_accuracy: 0.333 
2024/09/15 13:37:38 - abl - INFO - ------- Save the final model -----------
2024/09/15 13:37:38 - abl - INFO - ---------------------- Single gene training end --------------------------------
