2024/09/15 11:59:06 - abl - INFO - ---------------------- Single gene training start --------------------------------
2024/09/15 11:59:06 - abl - INFO - Abductive Learning on single gene SO_3922.
2024/09/15 11:59:06 - abl - INFO - Working with Data.
2024/09/15 11:59:06 - abl - INFO - Building the Learning Part.
2024/09/15 11:59:06 - abl - INFO - Building the Reasoning Part.
2024/09/15 11:59:06 - abl - INFO - Building Evaluation Metrics.
2024/09/15 11:59:06 - abl - INFO - Bridge Learning and Reasoning.
2024/09/15 11:59:06 - abl - INFO - ------- Use labeled data to pretrain the model -----------
2024/09/15 11:59:07 - abl - INFO - ------- Test the initial model -----------
2024/09/15 11:59:07 - abl - INFO - Test start:
2024/09/15 11:59:07 - abl - INFO - Evaluation ended, GO/character_accuracy: 0.686 GO/reasoning_accuracy: 0.257 
2024/09/15 11:59:07 - abl - INFO - ------- Use ABL to train the model -----------
2024/09/15 11:59:07 - abl - INFO - loop(train) [1/3] segment(train) [1/1] 
2024/09/15 11:59:19 - abl - INFO - Eval start: loop(val) [1]
2024/09/15 11:59:23 - abl - INFO - Evaluation ended, GO/character_accuracy: 1.000 GO/reasoning_accuracy: 0.856 
2024/09/15 11:59:23 - abl - INFO - loop(train) [2/3] segment(train) [1/1] 
2024/09/15 11:59:30 - abl - INFO - Eval start: loop(val) [2]
2024/09/15 11:59:34 - abl - INFO - Evaluation ended, GO/character_accuracy: 1.000 GO/reasoning_accuracy: 0.856 
2024/09/15 11:59:34 - abl - INFO - loop(train) [3/3] segment(train) [1/1] 
2024/09/15 11:59:41 - abl - INFO - Eval start: loop(val) [3]
2024/09/15 11:59:46 - abl - INFO - Evaluation ended, GO/character_accuracy: 1.000 GO/reasoning_accuracy: 0.856 
2024/09/15 11:59:46 - abl - INFO - ------- Test the final model -----------
2024/09/15 11:59:46 - abl - INFO - Test start:
2024/09/15 11:59:46 - abl - INFO - Evaluation ended, GO/character_accuracy: 0.719 GO/reasoning_accuracy: 0.276 
2024/09/15 11:59:46 - abl - INFO - ------- Save the final model -----------
2024/09/15 11:59:46 - abl - INFO - ---------------------- Single gene training end --------------------------------
