2024/09/15 22:10:39 - abl - INFO - ---------------------- Single gene training start --------------------------------
2024/09/15 22:10:39 - abl - INFO - Abductive Learning on single gene SO_3922.
2024/09/15 22:10:39 - abl - INFO - Working with Data.
2024/09/15 22:10:39 - abl - INFO - Building the Learning Part.
2024/09/15 22:10:39 - abl - INFO - Building the Reasoning Part.
2024/09/15 22:10:39 - abl - INFO - Building Evaluation Metrics.
2024/09/15 22:10:39 - abl - INFO - Bridge Learning and Reasoning.
2024/09/15 22:10:39 - abl - INFO - ------- Use labeled data to pretrain the model -----------
2024/09/15 22:10:39 - abl - INFO - ------- Test the initial model -----------
2024/09/15 22:10:39 - abl - INFO - Test start:
2024/09/15 22:10:40 - abl - INFO - Evaluation ended, GO/character_accuracy: 0.714 GO/reasoning_accuracy: 0.410 
2024/09/15 22:10:40 - abl - INFO - ------- Use ABL to train the model -----------
2024/09/15 22:10:40 - abl - INFO - loop(train) [1/3] segment(train) [1/1] 
2024/09/15 22:10:51 - abl - INFO - Eval start: loop(val) [1]
2024/09/15 22:10:56 - abl - INFO - Evaluation ended, GO/character_accuracy: 0.986 GO/reasoning_accuracy: 0.868 
2024/09/15 22:10:56 - abl - INFO - loop(train) [2/3] segment(train) [1/1] 
2024/09/15 22:11:02 - abl - INFO - Eval start: loop(val) [2]
2024/09/15 22:11:07 - abl - INFO - Evaluation ended, GO/character_accuracy: 0.986 GO/reasoning_accuracy: 0.868 
2024/09/15 22:11:07 - abl - INFO - loop(train) [3/3] segment(train) [1/1] 
2024/09/15 22:11:13 - abl - INFO - Eval start: loop(val) [3]
2024/09/15 22:11:18 - abl - INFO - Evaluation ended, GO/character_accuracy: 0.986 GO/reasoning_accuracy: 0.868 
2024/09/15 22:11:18 - abl - INFO - ------- Test the final model -----------
2024/09/15 22:11:18 - abl - INFO - Test start:
2024/09/15 22:11:19 - abl - INFO - Evaluation ended, GO/character_accuracy: 0.710 GO/reasoning_accuracy: 0.448 
2024/09/15 22:11:19 - abl - INFO - ------- Save the final model -----------
2024/09/15 22:11:19 - abl - INFO - ---------------------- Single gene training end --------------------------------
