2024/09/15 12:28:04 - abl - INFO - ---------------------- Single gene training start --------------------------------
2024/09/15 12:28:04 - abl - INFO - Abductive Learning on single gene SO_2296.
2024/09/15 12:28:04 - abl - INFO - Working with Data.
2024/09/15 12:28:04 - abl - INFO - Building the Learning Part.
2024/09/15 12:28:04 - abl - INFO - Building the Reasoning Part.
2024/09/15 12:28:04 - abl - INFO - Building Evaluation Metrics.
2024/09/15 12:28:04 - abl - INFO - Bridge Learning and Reasoning.
2024/09/15 12:28:04 - abl - INFO - ------- Use labeled data to pretrain the model -----------
2024/09/15 12:28:04 - abl - INFO - ------- Test the initial model -----------
2024/09/15 12:28:04 - abl - INFO - Test start:
2024/09/15 12:28:04 - abl - INFO - Evaluation ended, GO/character_accuracy: 0.781 GO/reasoning_accuracy: 0.748 
2024/09/15 12:28:04 - abl - INFO - ------- Use ABL to train the model -----------
2024/09/15 12:28:04 - abl - INFO - loop(train) [1/3] segment(train) [1/1] 
2024/09/15 12:28:06 - abl - INFO - Eval start: loop(val) [1]
2024/09/15 12:28:07 - abl - INFO - Evaluation ended, GO/character_accuracy: 1.000 GO/reasoning_accuracy: 0.948 
2024/09/15 12:28:07 - abl - INFO - loop(train) [2/3] segment(train) [1/1] 
2024/09/15 12:28:08 - abl - INFO - Eval start: loop(val) [2]
2024/09/15 12:28:09 - abl - INFO - Evaluation ended, GO/character_accuracy: 1.000 GO/reasoning_accuracy: 0.948 
2024/09/15 12:28:09 - abl - INFO - loop(train) [3/3] segment(train) [1/1] 
2024/09/15 12:28:10 - abl - INFO - Eval start: loop(val) [3]
2024/09/15 12:28:11 - abl - INFO - Evaluation ended, GO/character_accuracy: 1.000 GO/reasoning_accuracy: 0.948 
2024/09/15 12:28:11 - abl - INFO - ------- Test the final model -----------
2024/09/15 12:28:11 - abl - INFO - Test start:
2024/09/15 12:28:11 - abl - INFO - Evaluation ended, GO/character_accuracy: 0.771 GO/reasoning_accuracy: 0.795 
2024/09/15 12:28:11 - abl - INFO - ------- Save the final model -----------
2024/09/15 12:28:11 - abl - INFO - ---------------------- Single gene training end --------------------------------
