2024/09/15 13:03:19 - abl - INFO - ---------------------- Single gene training start --------------------------------
2024/09/15 13:03:19 - abl - INFO - Abductive Learning on single gene SO_2296.
2024/09/15 13:03:19 - abl - INFO - Working with Data.
2024/09/15 13:03:20 - abl - INFO - Building the Learning Part.
2024/09/15 13:03:20 - abl - INFO - Building the Reasoning Part.
2024/09/15 13:03:20 - abl - INFO - Building Evaluation Metrics.
2024/09/15 13:03:20 - abl - INFO - Bridge Learning and Reasoning.
2024/09/15 13:03:20 - abl - INFO - ------- Use labeled data to pretrain the model -----------
2024/09/15 13:03:20 - abl - INFO - ------- Test the initial model -----------
2024/09/15 13:03:20 - abl - INFO - Test start:
2024/09/15 13:03:20 - abl - INFO - Evaluation ended, GO/character_accuracy: 0.810 GO/reasoning_accuracy: 0.800 
2024/09/15 13:03:20 - abl - INFO - ------- Use ABL to train the model -----------
2024/09/15 13:03:20 - abl - INFO - loop(train) [1/3] segment(train) [1/1] 
2024/09/15 13:03:21 - abl - INFO - Eval start: loop(val) [1]
2024/09/15 13:03:22 - abl - INFO - Evaluation ended, GO/character_accuracy: 0.948 GO/reasoning_accuracy: 1.000 
2024/09/15 13:03:22 - abl - INFO - loop(train) [2/3] segment(train) [1/1] 
2024/09/15 13:03:23 - abl - INFO - Eval start: loop(val) [2]
2024/09/15 13:03:24 - abl - INFO - Evaluation ended, GO/character_accuracy: 0.948 GO/reasoning_accuracy: 1.000 
2024/09/15 13:03:24 - abl - INFO - loop(train) [3/3] segment(train) [1/1] 
2024/09/15 13:03:25 - abl - INFO - Eval start: loop(val) [3]
2024/09/15 13:03:26 - abl - INFO - Evaluation ended, GO/character_accuracy: 0.948 GO/reasoning_accuracy: 1.000 
2024/09/15 13:03:26 - abl - INFO - ------- Test the final model -----------
2024/09/15 13:03:26 - abl - INFO - Test start:
2024/09/15 13:03:26 - abl - INFO - Evaluation ended, GO/character_accuracy: 0.786 GO/reasoning_accuracy: 0.805 
2024/09/15 13:03:26 - abl - INFO - ------- Save the final model -----------
2024/09/15 13:03:26 - abl - INFO - ---------------------- Single gene training end --------------------------------
