2024/09/15 21:02:20 - abl - INFO - ---------------------- Single gene training start --------------------------------
2024/09/15 21:02:20 - abl - INFO - Abductive Learning on single gene SO_2296.
2024/09/15 21:02:20 - abl - INFO - Working with Data.
2024/09/15 21:02:20 - abl - INFO - Building the Learning Part.
2024/09/15 21:02:20 - abl - INFO - Building the Reasoning Part.
2024/09/15 21:02:20 - abl - INFO - Building Evaluation Metrics.
2024/09/15 21:02:20 - abl - INFO - Bridge Learning and Reasoning.
2024/09/15 21:02:20 - abl - INFO - ------- Use labeled data to pretrain the model -----------
2024/09/15 21:02:20 - abl - INFO - ------- Test the initial model -----------
2024/09/15 21:02:20 - abl - INFO - Test start:
2024/09/15 21:02:20 - abl - INFO - Evaluation ended, GO/character_accuracy: 0.805 GO/reasoning_accuracy: 0.771 
2024/09/15 21:02:20 - abl - INFO - ------- Use ABL to train the model -----------
2024/09/15 21:02:20 - abl - INFO - loop(train) [1/3] segment(train) [1/1] 
2024/09/15 21:02:21 - abl - INFO - Eval start: loop(val) [1]
2024/09/15 21:02:22 - abl - INFO - Evaluation ended, GO/character_accuracy: 0.998 GO/reasoning_accuracy: 0.948 
2024/09/15 21:02:22 - abl - INFO - loop(train) [2/3] segment(train) [1/1] 
2024/09/15 21:02:23 - abl - INFO - Eval start: loop(val) [2]
2024/09/15 21:02:24 - abl - INFO - Evaluation ended, GO/character_accuracy: 0.998 GO/reasoning_accuracy: 0.948 
2024/09/15 21:02:24 - abl - INFO - loop(train) [3/3] segment(train) [1/1] 
2024/09/15 21:02:25 - abl - INFO - Eval start: loop(val) [3]
2024/09/15 21:02:26 - abl - INFO - Evaluation ended, GO/character_accuracy: 0.998 GO/reasoning_accuracy: 0.948 
2024/09/15 21:02:26 - abl - INFO - ------- Test the final model -----------
2024/09/15 21:02:26 - abl - INFO - Test start:
2024/09/15 21:02:26 - abl - INFO - Evaluation ended, GO/character_accuracy: 0.814 GO/reasoning_accuracy: 0.790 
2024/09/15 21:02:26 - abl - INFO - ------- Save the final model -----------
2024/09/15 21:02:26 - abl - INFO - ---------------------- Single gene training end --------------------------------
