2024/09/19 09:59:04 - abl - INFO - ---------------------- Single gene training start --------------------------------
2024/09/19 09:59:04 - abl - INFO - Abductive Learning on single gene SO_2185.
2024/09/19 09:59:04 - abl - INFO - Working with Data.
2024/09/19 09:59:04 - abl - INFO - Building the Learning Part.
2024/09/19 09:59:04 - abl - INFO - Building the Reasoning Part.
2024/09/19 09:59:04 - abl - INFO - Building Evaluation Metrics.
2024/09/19 09:59:04 - abl - INFO - Bridge Learning and Reasoning.
2024/09/19 09:59:04 - abl - INFO - ------- Use labeled data to pretrain the model -----------
2024/09/19 09:59:04 - abl - INFO - ------- Test the initial model -----------
2024/09/19 09:59:04 - abl - INFO - Test start:
2024/09/19 09:59:05 - abl - INFO - Evaluation ended, GO/character_accuracy: 0.724 GO/reasoning_accuracy: 0.738 
2024/09/19 09:59:05 - abl - INFO - ------- Use ABL to train the model -----------
2024/09/19 09:59:05 - abl - INFO - loop(train) [1/3] segment(train) [1/1] 
2024/09/19 09:59:13 - abl - INFO - Eval start: loop(val) [1]
2024/09/19 09:59:18 - abl - INFO - Evaluation ended, GO/character_accuracy: 0.999 GO/reasoning_accuracy: 0.867 
2024/09/19 09:59:18 - abl - INFO - loop(train) [2/3] segment(train) [1/1] 
2024/09/19 09:59:24 - abl - INFO - Eval start: loop(val) [2]
2024/09/19 09:59:29 - abl - INFO - Evaluation ended, GO/character_accuracy: 0.999 GO/reasoning_accuracy: 0.867 
2024/09/19 09:59:29 - abl - INFO - loop(train) [3/3] segment(train) [1/1] 
2024/09/19 09:59:36 - abl - INFO - Eval start: loop(val) [3]
2024/09/19 09:59:40 - abl - INFO - Evaluation ended, GO/character_accuracy: 0.999 GO/reasoning_accuracy: 0.867 
2024/09/19 09:59:40 - abl - INFO - ------- Test the final model -----------
2024/09/19 09:59:40 - abl - INFO - Test start:
2024/09/19 09:59:41 - abl - INFO - Evaluation ended, GO/character_accuracy: 0.771 GO/reasoning_accuracy: 0.805 
2024/09/19 09:59:41 - abl - INFO - ------- Save the final model -----------
2024/09/19 09:59:41 - abl - INFO - ---------------------- Single gene training end --------------------------------
