2024/09/19 09:33:23 - abl - INFO - ---------------------- Single gene training start --------------------------------
2024/09/19 09:33:23 - abl - INFO - Abductive Learning on single gene SO_2185.
2024/09/19 09:33:23 - abl - INFO - Working with Data.
2024/09/19 09:33:23 - abl - INFO - Building the Learning Part.
2024/09/19 09:33:23 - abl - INFO - Building the Reasoning Part.
2024/09/19 09:33:23 - abl - INFO - Building Evaluation Metrics.
2024/09/19 09:33:23 - abl - INFO - Bridge Learning and Reasoning.
2024/09/19 09:33:23 - abl - INFO - ------- Use labeled data to pretrain the model -----------
2024/09/19 09:33:23 - abl - INFO - ------- Test the initial model -----------
2024/09/19 09:33:23 - abl - INFO - Test start:
2024/09/19 09:33:24 - abl - INFO - Evaluation ended, GO/character_accuracy: 0.786 GO/reasoning_accuracy: 0.781 
2024/09/19 09:33:24 - abl - INFO - ------- Use ABL to train the model -----------
2024/09/19 09:33:24 - abl - INFO - loop(train) [1/3] segment(train) [1/1] 
2024/09/19 09:33:31 - abl - INFO - Eval start: loop(val) [1]
2024/09/19 09:33:36 - abl - INFO - Evaluation ended, GO/character_accuracy: 0.998 GO/reasoning_accuracy: 0.867 
2024/09/19 09:33:36 - abl - INFO - loop(train) [2/3] segment(train) [1/1] 
2024/09/19 09:33:43 - abl - INFO - Eval start: loop(val) [2]
2024/09/19 09:33:48 - abl - INFO - Evaluation ended, GO/character_accuracy: 0.998 GO/reasoning_accuracy: 0.867 
2024/09/19 09:33:48 - abl - INFO - loop(train) [3/3] segment(train) [1/1] 
2024/09/19 09:33:55 - abl - INFO - Eval start: loop(val) [3]
2024/09/19 09:34:00 - abl - INFO - Evaluation ended, GO/character_accuracy: 0.998 GO/reasoning_accuracy: 0.867 
2024/09/19 09:34:00 - abl - INFO - ------- Test the final model -----------
2024/09/19 09:34:00 - abl - INFO - Test start:
2024/09/19 09:34:00 - abl - INFO - Evaluation ended, GO/character_accuracy: 0.781 GO/reasoning_accuracy: 0.795 
2024/09/19 09:34:00 - abl - INFO - ------- Save the final model -----------
2024/09/19 09:34:00 - abl - INFO - ---------------------- Single gene training end --------------------------------
