2024/09/19 09:24:39 - abl - INFO - ---------------------- Single gene training start --------------------------------
2024/09/19 09:24:39 - abl - INFO - Abductive Learning on single gene SO_2185.
2024/09/19 09:24:39 - abl - INFO - Working with Data.
2024/09/19 09:24:39 - abl - INFO - Building the Learning Part.
2024/09/19 09:24:39 - abl - INFO - Building the Reasoning Part.
2024/09/19 09:24:39 - abl - INFO - Building Evaluation Metrics.
2024/09/19 09:24:39 - abl - INFO - Bridge Learning and Reasoning.
2024/09/19 09:24:39 - abl - INFO - ------- Use labeled data to pretrain the model -----------
2024/09/19 09:24:39 - abl - INFO - ------- Test the initial model -----------
2024/09/19 09:24:39 - abl - INFO - Test start:
2024/09/19 09:24:40 - abl - INFO - Evaluation ended, GO/character_accuracy: 0.776 GO/reasoning_accuracy: 0.733 
2024/09/19 09:24:40 - abl - INFO - ------- Use ABL to train the model -----------
2024/09/19 09:24:40 - abl - INFO - loop(train) [1/3] segment(train) [1/1] 
2024/09/19 09:24:47 - abl - INFO - Eval start: loop(val) [1]
2024/09/19 09:24:52 - abl - INFO - Evaluation ended, GO/character_accuracy: 1.000 GO/reasoning_accuracy: 0.867 
2024/09/19 09:24:52 - abl - INFO - loop(train) [2/3] segment(train) [1/1] 
2024/09/19 09:24:59 - abl - INFO - Eval start: loop(val) [2]
2024/09/19 09:25:03 - abl - INFO - Evaluation ended, GO/character_accuracy: 1.000 GO/reasoning_accuracy: 0.867 
2024/09/19 09:25:03 - abl - INFO - loop(train) [3/3] segment(train) [1/1] 
2024/09/19 09:25:10 - abl - INFO - Eval start: loop(val) [3]
2024/09/19 09:25:15 - abl - INFO - Evaluation ended, GO/character_accuracy: 1.000 GO/reasoning_accuracy: 0.867 
2024/09/19 09:25:15 - abl - INFO - ------- Test the final model -----------
2024/09/19 09:25:15 - abl - INFO - Test start:
2024/09/19 09:25:15 - abl - INFO - Evaluation ended, GO/character_accuracy: 0.795 GO/reasoning_accuracy: 0.781 
2024/09/19 09:25:15 - abl - INFO - ------- Save the final model -----------
2024/09/19 09:25:15 - abl - INFO - ---------------------- Single gene training end --------------------------------
