2024/09/19 09:54:58 - abl - INFO - ---------------------- Single gene training start --------------------------------
2024/09/19 09:54:58 - abl - INFO - Abductive Learning on single gene SO_3077.
2024/09/19 09:54:58 - abl - INFO - Working with Data.
2024/09/19 09:54:58 - abl - INFO - Building the Learning Part.
2024/09/19 09:54:58 - abl - INFO - Building the Reasoning Part.
2024/09/19 09:54:58 - abl - INFO - Building Evaluation Metrics.
2024/09/19 09:54:58 - abl - INFO - Bridge Learning and Reasoning.
2024/09/19 09:54:58 - abl - INFO - ------- Use labeled data to pretrain the model -----------
2024/09/19 09:54:59 - abl - INFO - ------- Test the initial model -----------
2024/09/19 09:54:59 - abl - INFO - Test start:
2024/09/19 09:54:59 - abl - INFO - Evaluation ended, GO/character_accuracy: 0.796 GO/reasoning_accuracy: 0.735 
2024/09/19 09:54:59 - abl - INFO - ------- Use ABL to train the model -----------
2024/09/19 09:54:59 - abl - INFO - loop(train) [1/3] segment(train) [1/1] 
2024/09/19 09:55:00 - abl - INFO - Eval start: loop(val) [1]
2024/09/19 09:55:01 - abl - INFO - Evaluation ended, GO/character_accuracy: 0.997 GO/reasoning_accuracy: 0.827 
2024/09/19 09:55:01 - abl - INFO - loop(train) [2/3] segment(train) [1/1] 
2024/09/19 09:55:02 - abl - INFO - Eval start: loop(val) [2]
2024/09/19 09:55:03 - abl - INFO - Evaluation ended, GO/character_accuracy: 0.998 GO/reasoning_accuracy: 0.827 
2024/09/19 09:55:03 - abl - INFO - loop(train) [3/3] segment(train) [1/1] 
2024/09/19 09:55:04 - abl - INFO - Eval start: loop(val) [3]
2024/09/19 09:55:05 - abl - INFO - Evaluation ended, GO/character_accuracy: 0.998 GO/reasoning_accuracy: 0.827 
2024/09/19 09:55:05 - abl - INFO - ------- Test the final model -----------
2024/09/19 09:55:05 - abl - INFO - Test start:
2024/09/19 09:55:05 - abl - INFO - Evaluation ended, GO/character_accuracy: 0.791 GO/reasoning_accuracy: 0.739 
2024/09/19 09:55:05 - abl - INFO - ------- Save the final model -----------
2024/09/19 09:55:05 - abl - INFO - ---------------------- Single gene training end --------------------------------
