2024/09/19 09:52:41 - abl - INFO - ---------------------- Single gene training start --------------------------------
2024/09/19 09:52:41 - abl - INFO - Abductive Learning on single gene SO_3077.
2024/09/19 09:52:41 - abl - INFO - Working with Data.
2024/09/19 09:52:42 - abl - INFO - Building the Learning Part.
2024/09/19 09:52:42 - abl - INFO - Building the Reasoning Part.
2024/09/19 09:52:42 - abl - INFO - Building Evaluation Metrics.
2024/09/19 09:52:42 - abl - INFO - Bridge Learning and Reasoning.
2024/09/19 09:52:42 - abl - INFO - ------- Use labeled data to pretrain the model -----------
2024/09/19 09:52:42 - abl - INFO - ------- Test the initial model -----------
2024/09/19 09:52:42 - abl - INFO - Test start:
2024/09/19 09:52:42 - abl - INFO - Evaluation ended, GO/character_accuracy: 0.767 GO/reasoning_accuracy: 0.729 
2024/09/19 09:52:42 - abl - INFO - ------- Use ABL to train the model -----------
2024/09/19 09:52:42 - abl - INFO - loop(train) [1/3] segment(train) [1/1] 
2024/09/19 09:52:43 - abl - INFO - Eval start: loop(val) [1]
2024/09/19 09:52:44 - abl - INFO - Evaluation ended, GO/character_accuracy: 0.998 GO/reasoning_accuracy: 0.827 
2024/09/19 09:52:44 - abl - INFO - loop(train) [2/3] segment(train) [1/1] 
2024/09/19 09:52:45 - abl - INFO - Eval start: loop(val) [2]
2024/09/19 09:52:46 - abl - INFO - Evaluation ended, GO/character_accuracy: 0.998 GO/reasoning_accuracy: 0.827 
2024/09/19 09:52:46 - abl - INFO - loop(train) [3/3] segment(train) [1/1] 
2024/09/19 09:52:47 - abl - INFO - Eval start: loop(val) [3]
2024/09/19 09:52:48 - abl - INFO - Evaluation ended, GO/character_accuracy: 0.998 GO/reasoning_accuracy: 0.827 
2024/09/19 09:52:48 - abl - INFO - ------- Test the final model -----------
2024/09/19 09:52:48 - abl - INFO - Test start:
2024/09/19 09:52:48 - abl - INFO - Evaluation ended, GO/character_accuracy: 0.767 GO/reasoning_accuracy: 0.748 
2024/09/19 09:52:48 - abl - INFO - ------- Save the final model -----------
2024/09/19 09:52:48 - abl - INFO - ---------------------- Single gene training end --------------------------------
