2024/09/19 09:56:19 - abl - INFO - ---------------------- Single gene training start --------------------------------
2024/09/19 09:56:19 - abl - INFO - Abductive Learning on single gene SO_3077.
2024/09/19 09:56:19 - abl - INFO - Working with Data.
2024/09/19 09:56:19 - abl - INFO - Building the Learning Part.
2024/09/19 09:56:19 - abl - INFO - Building the Reasoning Part.
2024/09/19 09:56:19 - abl - INFO - Building Evaluation Metrics.
2024/09/19 09:56:19 - abl - INFO - Bridge Learning and Reasoning.
2024/09/19 09:56:19 - abl - INFO - ------- Use labeled data to pretrain the model -----------
2024/09/19 09:56:19 - abl - INFO - ------- Test the initial model -----------
2024/09/19 09:56:19 - abl - INFO - Test start:
2024/09/19 09:56:19 - abl - INFO - Evaluation ended, GO/character_accuracy: 0.735 GO/reasoning_accuracy: 0.692 
2024/09/19 09:56:19 - abl - INFO - ------- Use ABL to train the model -----------
2024/09/19 09:56:19 - abl - INFO - loop(train) [1/3] segment(train) [1/1] 
2024/09/19 09:56:20 - abl - INFO - Eval start: loop(val) [1]
2024/09/19 09:56:21 - abl - INFO - Evaluation ended, GO/character_accuracy: 0.998 GO/reasoning_accuracy: 0.827 
2024/09/19 09:56:21 - abl - INFO - loop(train) [2/3] segment(train) [1/1] 
2024/09/19 09:56:22 - abl - INFO - Eval start: loop(val) [2]
2024/09/19 09:56:23 - abl - INFO - Evaluation ended, GO/character_accuracy: 0.998 GO/reasoning_accuracy: 0.827 
2024/09/19 09:56:23 - abl - INFO - loop(train) [3/3] segment(train) [1/1] 
2024/09/19 09:56:24 - abl - INFO - Eval start: loop(val) [3]
2024/09/19 09:56:25 - abl - INFO - Evaluation ended, GO/character_accuracy: 0.998 GO/reasoning_accuracy: 0.827 
2024/09/19 09:56:25 - abl - INFO - ------- Test the final model -----------
2024/09/19 09:56:25 - abl - INFO - Test start:
2024/09/19 09:56:25 - abl - INFO - Evaluation ended, GO/character_accuracy: 0.744 GO/reasoning_accuracy: 0.749 
2024/09/19 09:56:25 - abl - INFO - ------- Save the final model -----------
2024/09/19 09:56:25 - abl - INFO - ---------------------- Single gene training end --------------------------------
