2024/09/15 21:00:00 - abl - INFO - ---------------------- Single gene training start --------------------------------
2024/09/15 21:00:00 - abl - INFO - Abductive Learning on single gene SO_4511.
2024/09/15 21:00:00 - abl - INFO - Working with Data.
2024/09/15 21:00:00 - abl - INFO - Building the Learning Part.
2024/09/15 21:00:00 - abl - INFO - Building the Reasoning Part.
2024/09/15 21:00:00 - abl - INFO - Building Evaluation Metrics.
2024/09/15 21:00:00 - abl - INFO - Bridge Learning and Reasoning.
2024/09/15 21:00:00 - abl - INFO - ------- Use labeled data to pretrain the model -----------
2024/09/15 21:00:00 - abl - INFO - ------- Test the initial model -----------
2024/09/15 21:00:00 - abl - INFO - Test start:
2024/09/15 21:00:01 - abl - INFO - Evaluation ended, GO/character_accuracy: 0.695 GO/reasoning_accuracy: 0.305 
2024/09/15 21:00:01 - abl - INFO - ------- Use ABL to train the model -----------
2024/09/15 21:00:01 - abl - INFO - loop(train) [1/3] segment(train) [1/1] 
2024/09/15 21:00:12 - abl - INFO - Eval start: loop(val) [1]
2024/09/15 21:00:17 - abl - INFO - Evaluation ended, GO/character_accuracy: 0.998 GO/reasoning_accuracy: 0.848 
2024/09/15 21:00:17 - abl - INFO - loop(train) [2/3] segment(train) [1/1] 
2024/09/15 21:00:24 - abl - INFO - Eval start: loop(val) [2]
2024/09/15 21:00:28 - abl - INFO - Evaluation ended, GO/character_accuracy: 0.998 GO/reasoning_accuracy: 0.848 
2024/09/15 21:00:28 - abl - INFO - loop(train) [3/3] segment(train) [1/1] 
2024/09/15 21:00:35 - abl - INFO - Eval start: loop(val) [3]
2024/09/15 21:00:40 - abl - INFO - Evaluation ended, GO/character_accuracy: 0.998 GO/reasoning_accuracy: 0.848 
2024/09/15 21:00:40 - abl - INFO - ------- Test the final model -----------
2024/09/15 21:00:40 - abl - INFO - Test start:
2024/09/15 21:00:40 - abl - INFO - Evaluation ended, GO/character_accuracy: 0.681 GO/reasoning_accuracy: 0.410 
2024/09/15 21:00:40 - abl - INFO - ------- Save the final model -----------
2024/09/15 21:00:40 - abl - INFO - ---------------------- Single gene training end --------------------------------
