2024/09/15 13:35:13 - abl - INFO - ---------------------- Single gene training start --------------------------------
2024/09/15 13:35:13 - abl - INFO - Abductive Learning on single gene SO_4511.
2024/09/15 13:35:13 - abl - INFO - Working with Data.
2024/09/15 13:35:13 - abl - INFO - Building the Learning Part.
2024/09/15 13:35:13 - abl - INFO - Building the Reasoning Part.
2024/09/15 13:35:13 - abl - INFO - Building Evaluation Metrics.
2024/09/15 13:35:13 - abl - INFO - Bridge Learning and Reasoning.
2024/09/15 13:35:13 - abl - INFO - ------- Use labeled data to pretrain the model -----------
2024/09/15 13:35:14 - abl - INFO - ------- Test the initial model -----------
2024/09/15 13:35:14 - abl - INFO - Test start:
2024/09/15 13:35:14 - abl - INFO - Evaluation ended, GO/character_accuracy: 0.714 GO/reasoning_accuracy: 0.310 
2024/09/15 13:35:14 - abl - INFO - ------- Use ABL to train the model -----------
2024/09/15 13:35:14 - abl - INFO - loop(train) [1/3] segment(train) [1/1] 
2024/09/15 13:35:25 - abl - INFO - Eval start: loop(val) [1]
2024/09/15 13:35:30 - abl - INFO - Evaluation ended, GO/character_accuracy: 1.000 GO/reasoning_accuracy: 0.848 
2024/09/15 13:35:30 - abl - INFO - loop(train) [2/3] segment(train) [1/1] 
2024/09/15 13:35:36 - abl - INFO - Eval start: loop(val) [2]
2024/09/15 13:35:41 - abl - INFO - Evaluation ended, GO/character_accuracy: 1.000 GO/reasoning_accuracy: 0.848 
2024/09/15 13:35:41 - abl - INFO - loop(train) [3/3] segment(train) [1/1] 
2024/09/15 13:35:48 - abl - INFO - Eval start: loop(val) [3]
2024/09/15 13:35:52 - abl - INFO - Evaluation ended, GO/character_accuracy: 1.000 GO/reasoning_accuracy: 0.848 
2024/09/15 13:35:52 - abl - INFO - ------- Test the final model -----------
2024/09/15 13:35:52 - abl - INFO - Test start:
2024/09/15 13:35:53 - abl - INFO - Evaluation ended, GO/character_accuracy: 0.719 GO/reasoning_accuracy: 0.414 
2024/09/15 13:35:53 - abl - INFO - ------- Save the final model -----------
2024/09/15 13:35:53 - abl - INFO - ---------------------- Single gene training end --------------------------------
