2024/09/15 13:40:39 - abl - INFO - ---------------------- Single gene training start --------------------------------
2024/09/15 13:40:39 - abl - INFO - Abductive Learning on single gene SO_4511.
2024/09/15 13:40:39 - abl - INFO - Working with Data.
2024/09/15 13:40:39 - abl - INFO - Building the Learning Part.
2024/09/15 13:40:39 - abl - INFO - Building the Reasoning Part.
2024/09/15 13:40:39 - abl - INFO - Building Evaluation Metrics.
2024/09/15 13:40:39 - abl - INFO - Bridge Learning and Reasoning.
2024/09/15 13:40:39 - abl - INFO - ------- Use labeled data to pretrain the model -----------
2024/09/15 13:40:39 - abl - INFO - ------- Test the initial model -----------
2024/09/15 13:40:39 - abl - INFO - Test start:
2024/09/15 13:40:39 - abl - INFO - Evaluation ended, GO/character_accuracy: 0.714 GO/reasoning_accuracy: 0.386 
2024/09/15 13:40:39 - abl - INFO - ------- Use ABL to train the model -----------
2024/09/15 13:40:39 - abl - INFO - loop(train) [1/3] segment(train) [1/1] 
2024/09/15 13:40:50 - abl - INFO - Eval start: loop(val) [1]
2024/09/15 13:40:55 - abl - INFO - Evaluation ended, GO/character_accuracy: 1.000 GO/reasoning_accuracy: 0.848 
2024/09/15 13:40:55 - abl - INFO - loop(train) [2/3] segment(train) [1/1] 
2024/09/15 13:41:01 - abl - INFO - Eval start: loop(val) [2]
2024/09/15 13:41:06 - abl - INFO - Evaluation ended, GO/character_accuracy: 1.000 GO/reasoning_accuracy: 0.848 
2024/09/15 13:41:06 - abl - INFO - loop(train) [3/3] segment(train) [1/1] 
2024/09/15 13:41:12 - abl - INFO - Eval start: loop(val) [3]
2024/09/15 13:41:17 - abl - INFO - Evaluation ended, GO/character_accuracy: 0.999 GO/reasoning_accuracy: 0.848 
2024/09/15 13:41:17 - abl - INFO - ------- Test the final model -----------
2024/09/15 13:41:17 - abl - INFO - Test start:
2024/09/15 13:41:17 - abl - INFO - Evaluation ended, GO/character_accuracy: 0.738 GO/reasoning_accuracy: 0.433 
2024/09/15 13:41:17 - abl - INFO - ------- Save the final model -----------
2024/09/15 13:41:17 - abl - INFO - ---------------------- Single gene training end --------------------------------
