2024/09/19 10:31:40 - abl - INFO - ---------------------- Single gene training start --------------------------------
2024/09/19 10:31:40 - abl - INFO - Abductive Learning on single gene SO_4511.
2024/09/19 10:31:40 - abl - INFO - Working with Data.
2024/09/19 10:31:41 - abl - INFO - Building the Learning Part.
2024/09/19 10:31:41 - abl - INFO - Building the Reasoning Part.
2024/09/19 10:31:41 - abl - INFO - Building Evaluation Metrics.
2024/09/19 10:31:41 - abl - INFO - Bridge Learning and Reasoning.
2024/09/19 10:31:41 - abl - INFO - ------- Use labeled data to pretrain the model -----------
2024/09/19 10:31:41 - abl - INFO - ------- Test the initial model -----------
2024/09/19 10:31:41 - abl - INFO - Test start:
2024/09/19 10:31:42 - abl - INFO - Evaluation ended, GO/character_accuracy: 0.719 GO/reasoning_accuracy: 0.352 
2024/09/19 10:31:42 - abl - INFO - ------- Use ABL to train the model -----------
2024/09/19 10:31:42 - abl - INFO - loop(train) [1/3] segment(train) [1/1] 
2024/09/19 10:32:28 - abl - INFO - Eval start: loop(val) [1]
2024/09/19 10:32:46 - abl - INFO - Evaluation ended, GO/character_accuracy: 0.998 GO/reasoning_accuracy: 0.848 
2024/09/19 10:32:46 - abl - INFO - loop(train) [2/3] segment(train) [1/1] 
2024/09/19 10:33:10 - abl - INFO - Eval start: loop(val) [2]
2024/09/19 10:33:29 - abl - INFO - Evaluation ended, GO/character_accuracy: 0.998 GO/reasoning_accuracy: 0.848 
2024/09/19 10:33:29 - abl - INFO - loop(train) [3/3] segment(train) [1/1] 
2024/09/19 10:33:53 - abl - INFO - Eval start: loop(val) [3]
2024/09/19 10:34:11 - abl - INFO - Evaluation ended, GO/character_accuracy: 0.998 GO/reasoning_accuracy: 0.848 
2024/09/19 10:34:11 - abl - INFO - ------- Test the final model -----------
2024/09/19 10:34:11 - abl - INFO - Test start:
2024/09/19 10:34:12 - abl - INFO - Evaluation ended, GO/character_accuracy: 0.700 GO/reasoning_accuracy: 0.371 
2024/09/19 10:34:12 - abl - INFO - ------- Save the final model -----------
2024/09/19 10:34:12 - abl - INFO - ---------------------- Single gene training end --------------------------------
