2024/09/15 20:46:24 - abl - INFO - ---------------------- Single gene training start --------------------------------
2024/09/15 20:46:24 - abl - INFO - Abductive Learning on single gene SO_4511.
2024/09/15 20:46:24 - abl - INFO - Working with Data.
2024/09/15 20:46:25 - abl - INFO - Building the Learning Part.
2024/09/15 20:46:25 - abl - INFO - Building the Reasoning Part.
2024/09/15 20:46:25 - abl - INFO - Building Evaluation Metrics.
2024/09/15 20:46:25 - abl - INFO - Bridge Learning and Reasoning.
2024/09/15 20:46:25 - abl - INFO - ------- Use labeled data to pretrain the model -----------
2024/09/15 20:46:25 - abl - INFO - ------- Test the initial model -----------
2024/09/15 20:46:25 - abl - INFO - Test start:
2024/09/15 20:46:25 - abl - INFO - Evaluation ended, GO/character_accuracy: 0.690 GO/reasoning_accuracy: 0.490 
2024/09/15 20:46:25 - abl - INFO - ------- Use ABL to train the model -----------
2024/09/15 20:46:25 - abl - INFO - loop(train) [1/3] segment(train) [1/1] 
2024/09/15 20:46:36 - abl - INFO - Eval start: loop(val) [1]
2024/09/15 20:46:41 - abl - INFO - Evaluation ended, GO/character_accuracy: 1.000 GO/reasoning_accuracy: 0.848 
2024/09/15 20:46:41 - abl - INFO - loop(train) [2/3] segment(train) [1/1] 
2024/09/15 20:46:47 - abl - INFO - Eval start: loop(val) [2]
2024/09/15 20:46:52 - abl - INFO - Evaluation ended, GO/character_accuracy: 1.000 GO/reasoning_accuracy: 0.848 
2024/09/15 20:46:52 - abl - INFO - loop(train) [3/3] segment(train) [1/1] 
2024/09/15 20:46:58 - abl - INFO - Eval start: loop(val) [3]
2024/09/15 20:47:03 - abl - INFO - Evaluation ended, GO/character_accuracy: 1.000 GO/reasoning_accuracy: 0.848 
2024/09/15 20:47:03 - abl - INFO - ------- Test the final model -----------
2024/09/15 20:47:03 - abl - INFO - Test start:
2024/09/15 20:47:04 - abl - INFO - Evaluation ended, GO/character_accuracy: 0.676 GO/reasoning_accuracy: 0.533 
2024/09/15 20:47:04 - abl - INFO - ------- Save the final model -----------
2024/09/15 20:47:04 - abl - INFO - ---------------------- Single gene training end --------------------------------
