2024/09/15 22:31:19 - abl - INFO - ---------------------- Single gene training start --------------------------------
2024/09/15 22:31:19 - abl - INFO - Abductive Learning on single gene SO_4511.
2024/09/15 22:31:19 - abl - INFO - Working with Data.
2024/09/15 22:31:19 - abl - INFO - Building the Learning Part.
2024/09/15 22:31:19 - abl - INFO - Building the Reasoning Part.
2024/09/15 22:31:19 - abl - INFO - Building Evaluation Metrics.
2024/09/15 22:31:19 - abl - INFO - Bridge Learning and Reasoning.
2024/09/15 22:31:19 - abl - INFO - ------- Use labeled data to pretrain the model -----------
2024/09/15 22:31:19 - abl - INFO - ------- Test the initial model -----------
2024/09/15 22:31:19 - abl - INFO - Test start:
2024/09/15 22:31:20 - abl - INFO - Evaluation ended, GO/character_accuracy: 0.714 GO/reasoning_accuracy: 0.314 
2024/09/15 22:31:20 - abl - INFO - ------- Use ABL to train the model -----------
2024/09/15 22:31:20 - abl - INFO - loop(train) [1/3] segment(train) [1/1] 
2024/09/15 22:31:47 - abl - INFO - Eval start: loop(val) [1]
2024/09/15 22:31:58 - abl - INFO - Evaluation ended, GO/character_accuracy: 1.000 GO/reasoning_accuracy: 0.848 
2024/09/15 22:31:58 - abl - INFO - loop(train) [2/3] segment(train) [1/1] 
2024/09/15 22:32:14 - abl - INFO - Eval start: loop(val) [2]
2024/09/15 22:32:26 - abl - INFO - Evaluation ended, GO/character_accuracy: 1.000 GO/reasoning_accuracy: 0.848 
2024/09/15 22:32:26 - abl - INFO - loop(train) [3/3] segment(train) [1/1] 
2024/09/15 22:32:42 - abl - INFO - Eval start: loop(val) [3]
2024/09/15 22:32:54 - abl - INFO - Evaluation ended, GO/character_accuracy: 1.000 GO/reasoning_accuracy: 0.848 
2024/09/15 22:32:54 - abl - INFO - ------- Test the final model -----------
2024/09/15 22:32:54 - abl - INFO - Test start:
2024/09/15 22:32:55 - abl - INFO - Evaluation ended, GO/character_accuracy: 0.752 GO/reasoning_accuracy: 0.362 
2024/09/15 22:32:55 - abl - INFO - ------- Save the final model -----------
2024/09/15 22:32:55 - abl - INFO - ---------------------- Single gene training end --------------------------------
