2024/09/15 11:45:25 - abl - INFO - ---------------------- Single gene training start --------------------------------
2024/09/15 11:45:25 - abl - INFO - Abductive Learning on single gene SO_2021.
2024/09/15 11:45:25 - abl - INFO - Working with Data.
2024/09/15 11:45:25 - abl - INFO - Building the Learning Part.
2024/09/15 11:45:25 - abl - INFO - Building the Reasoning Part.
2024/09/15 11:45:25 - abl - INFO - Building Evaluation Metrics.
2024/09/15 11:45:25 - abl - INFO - Bridge Learning and Reasoning.
2024/09/15 11:45:25 - abl - INFO - ------- Use labeled data to pretrain the model -----------
2024/09/15 11:45:25 - abl - INFO - ------- Test the initial model -----------
2024/09/15 11:45:25 - abl - INFO - Test start:
2024/09/15 11:45:25 - abl - INFO - Evaluation ended, GO/character_accuracy: 0.767 GO/reasoning_accuracy: 0.619 
2024/09/15 11:45:25 - abl - INFO - ------- Use ABL to train the model -----------
2024/09/15 11:45:25 - abl - INFO - loop(train) [1/3] segment(train) [1/1] 
2024/09/15 11:45:30 - abl - INFO - Eval start: loop(val) [1]
2024/09/15 11:45:33 - abl - INFO - Evaluation ended, GO/character_accuracy: 0.999 GO/reasoning_accuracy: 0.863 
2024/09/15 11:45:33 - abl - INFO - loop(train) [2/3] segment(train) [1/1] 
2024/09/15 11:45:38 - abl - INFO - Eval start: loop(val) [2]
2024/09/15 11:45:41 - abl - INFO - Evaluation ended, GO/character_accuracy: 1.000 GO/reasoning_accuracy: 0.863 
2024/09/15 11:45:41 - abl - INFO - loop(train) [3/3] segment(train) [1/1] 
2024/09/15 11:45:46 - abl - INFO - Eval start: loop(val) [3]
2024/09/15 11:45:49 - abl - INFO - Evaluation ended, GO/character_accuracy: 1.000 GO/reasoning_accuracy: 0.863 
2024/09/15 11:45:49 - abl - INFO - ------- Test the final model -----------
2024/09/15 11:45:49 - abl - INFO - Test start:
2024/09/15 11:45:50 - abl - INFO - Evaluation ended, GO/character_accuracy: 0.771 GO/reasoning_accuracy: 0.624 
2024/09/15 11:45:50 - abl - INFO - ------- Save the final model -----------
2024/09/15 11:45:50 - abl - INFO - ---------------------- Single gene training end --------------------------------
