2024/09/15 21:56:41 - abl - INFO - ---------------------- Single gene training start --------------------------------
2024/09/15 21:56:41 - abl - INFO - Abductive Learning on single gene SO_2021.
2024/09/15 21:56:41 - abl - INFO - Working with Data.
2024/09/15 21:56:41 - abl - INFO - Building the Learning Part.
2024/09/15 21:56:41 - abl - INFO - Building the Reasoning Part.
2024/09/15 21:56:41 - abl - INFO - Building Evaluation Metrics.
2024/09/15 21:56:41 - abl - INFO - Bridge Learning and Reasoning.
2024/09/15 21:56:41 - abl - INFO - ------- Use labeled data to pretrain the model -----------
2024/09/15 21:56:41 - abl - INFO - ------- Test the initial model -----------
2024/09/15 21:56:41 - abl - INFO - Test start:
2024/09/15 21:56:42 - abl - INFO - Evaluation ended, GO/character_accuracy: 0.814 GO/reasoning_accuracy: 0.619 
2024/09/15 21:56:42 - abl - INFO - ------- Use ABL to train the model -----------
2024/09/15 21:56:42 - abl - INFO - loop(train) [1/3] segment(train) [1/1] 
2024/09/15 21:56:47 - abl - INFO - Eval start: loop(val) [1]
2024/09/15 21:56:50 - abl - INFO - Evaluation ended, GO/character_accuracy: 0.993 GO/reasoning_accuracy: 0.869 
2024/09/15 21:56:50 - abl - INFO - loop(train) [2/3] segment(train) [1/1] 
2024/09/15 21:56:55 - abl - INFO - Eval start: loop(val) [2]
2024/09/15 21:56:58 - abl - INFO - Evaluation ended, GO/character_accuracy: 0.993 GO/reasoning_accuracy: 0.869 
2024/09/15 21:56:58 - abl - INFO - loop(train) [3/3] segment(train) [1/1] 
2024/09/15 21:57:03 - abl - INFO - Eval start: loop(val) [3]
2024/09/15 21:57:07 - abl - INFO - Evaluation ended, GO/character_accuracy: 0.993 GO/reasoning_accuracy: 0.869 
2024/09/15 21:57:07 - abl - INFO - ------- Test the final model -----------
2024/09/15 21:57:07 - abl - INFO - Test start:
2024/09/15 21:57:07 - abl - INFO - Evaluation ended, GO/character_accuracy: 0.814 GO/reasoning_accuracy: 0.619 
2024/09/15 21:57:07 - abl - INFO - ------- Save the final model -----------
2024/09/15 21:57:07 - abl - INFO - ---------------------- Single gene training end --------------------------------
