2024/09/15 13:03:41 - abl - INFO - ---------------------- Single gene training start --------------------------------
2024/09/15 13:03:41 - abl - INFO - Abductive Learning on single gene SO_2021.
2024/09/15 13:03:41 - abl - INFO - Working with Data.
2024/09/15 13:03:41 - abl - INFO - Building the Learning Part.
2024/09/15 13:03:41 - abl - INFO - Building the Reasoning Part.
2024/09/15 13:03:41 - abl - INFO - Building Evaluation Metrics.
2024/09/15 13:03:41 - abl - INFO - Bridge Learning and Reasoning.
2024/09/15 13:03:41 - abl - INFO - ------- Use labeled data to pretrain the model -----------
2024/09/15 13:03:41 - abl - INFO - ------- Test the initial model -----------
2024/09/15 13:03:41 - abl - INFO - Test start:
2024/09/15 13:03:41 - abl - INFO - Evaluation ended, GO/character_accuracy: 0.795 GO/reasoning_accuracy: 0.624 
2024/09/15 13:03:41 - abl - INFO - ------- Use ABL to train the model -----------
2024/09/15 13:03:41 - abl - INFO - loop(train) [1/3] segment(train) [1/1] 
2024/09/15 13:03:45 - abl - INFO - Eval start: loop(val) [1]
2024/09/15 13:03:48 - abl - INFO - Evaluation ended, GO/character_accuracy: 0.991 GO/reasoning_accuracy: 0.869 
2024/09/15 13:03:48 - abl - INFO - loop(train) [2/3] segment(train) [1/1] 
2024/09/15 13:03:53 - abl - INFO - Eval start: loop(val) [2]
2024/09/15 13:03:56 - abl - INFO - Evaluation ended, GO/character_accuracy: 0.993 GO/reasoning_accuracy: 0.869 
2024/09/15 13:03:56 - abl - INFO - loop(train) [3/3] segment(train) [1/1] 
2024/09/15 13:04:00 - abl - INFO - Eval start: loop(val) [3]
2024/09/15 13:04:03 - abl - INFO - Evaluation ended, GO/character_accuracy: 0.993 GO/reasoning_accuracy: 0.869 
2024/09/15 13:04:03 - abl - INFO - ------- Test the final model -----------
2024/09/15 13:04:03 - abl - INFO - Test start:
2024/09/15 13:04:04 - abl - INFO - Evaluation ended, GO/character_accuracy: 0.790 GO/reasoning_accuracy: 0.624 
2024/09/15 13:04:04 - abl - INFO - ------- Save the final model -----------
2024/09/15 13:04:04 - abl - INFO - ---------------------- Single gene training end --------------------------------
