2024/09/15 22:24:03 - abl - INFO - ---------------------- Single gene training start --------------------------------
2024/09/15 22:24:03 - abl - INFO - Abductive Learning on single gene SO_2021.
2024/09/15 22:24:03 - abl - INFO - Working with Data.
2024/09/15 22:24:03 - abl - INFO - Building the Learning Part.
2024/09/15 22:24:03 - abl - INFO - Building the Reasoning Part.
2024/09/15 22:24:03 - abl - INFO - Building Evaluation Metrics.
2024/09/15 22:24:03 - abl - INFO - Bridge Learning and Reasoning.
2024/09/15 22:24:03 - abl - INFO - ------- Use labeled data to pretrain the model -----------
2024/09/15 22:24:04 - abl - INFO - ------- Test the initial model -----------
2024/09/15 22:24:04 - abl - INFO - Test start:
2024/09/15 22:24:04 - abl - INFO - Evaluation ended, GO/character_accuracy: 0.762 GO/reasoning_accuracy: 0.629 
2024/09/15 22:24:04 - abl - INFO - ------- Use ABL to train the model -----------
2024/09/15 22:24:04 - abl - INFO - loop(train) [1/3] segment(train) [1/1] 
2024/09/15 22:24:15 - abl - INFO - Eval start: loop(val) [1]
2024/09/15 22:24:23 - abl - INFO - Evaluation ended, GO/character_accuracy: 0.999 GO/reasoning_accuracy: 0.861 
2024/09/15 22:24:23 - abl - INFO - loop(train) [2/3] segment(train) [1/1] 
2024/09/15 22:24:34 - abl - INFO - Eval start: loop(val) [2]
2024/09/15 22:24:42 - abl - INFO - Evaluation ended, GO/character_accuracy: 0.999 GO/reasoning_accuracy: 0.861 
2024/09/15 22:24:42 - abl - INFO - loop(train) [3/3] segment(train) [1/1] 
2024/09/15 22:24:53 - abl - INFO - Eval start: loop(val) [3]
2024/09/15 22:25:01 - abl - INFO - Evaluation ended, GO/character_accuracy: 0.999 GO/reasoning_accuracy: 0.861 
2024/09/15 22:25:01 - abl - INFO - ------- Test the final model -----------
2024/09/15 22:25:01 - abl - INFO - Test start:
2024/09/15 22:25:01 - abl - INFO - Evaluation ended, GO/character_accuracy: 0.776 GO/reasoning_accuracy: 0.629 
2024/09/15 22:25:01 - abl - INFO - ------- Save the final model -----------
2024/09/15 22:25:01 - abl - INFO - ---------------------- Single gene training end --------------------------------
