2024/09/14 12:54:54 - abl - INFO - ---------------------- Single gene training start --------------------------------
2024/09/14 12:54:54 - abl - INFO - Abductive Learning on single gene SO_2021.
2024/09/14 12:54:54 - abl - INFO - Working with Data.
2024/09/14 12:54:55 - abl - INFO - Building the Learning Part.
2024/09/14 12:54:55 - abl - INFO - Building the Reasoning Part.
2024/09/14 12:54:55 - abl - INFO - Building Evaluation Metrics.
2024/09/14 12:54:55 - abl - INFO - Bridge Learning and Reasoning.
2024/09/14 12:54:55 - abl - INFO - ------- Use labeled data to pretrain the model -----------
2024/09/14 12:54:55 - abl - INFO - ------- Test the initial model -----------
2024/09/14 12:54:55 - abl - INFO - Test start:
2024/09/14 12:54:55 - abl - INFO - Evaluation ended, GO/character_accuracy: 0.776 GO/reasoning_accuracy: 0.600 
2024/09/14 12:54:55 - abl - INFO - ------- Use ABL to train the model -----------
2024/09/14 12:54:55 - abl - INFO - loop(train) [1/3] segment(train) [1/1] 
2024/09/14 12:55:00 - abl - INFO - Eval start: loop(val) [1]
2024/09/14 12:55:03 - abl - INFO - Evaluation ended, GO/character_accuracy: 0.993 GO/reasoning_accuracy: 0.870 
2024/09/14 12:55:03 - abl - INFO - loop(train) [2/3] segment(train) [1/1] 
2024/09/14 12:55:08 - abl - INFO - Eval start: loop(val) [2]
2024/09/14 12:55:11 - abl - INFO - Evaluation ended, GO/character_accuracy: 0.993 GO/reasoning_accuracy: 0.870 
2024/09/14 12:55:11 - abl - INFO - loop(train) [3/3] segment(train) [1/1] 
2024/09/14 12:55:16 - abl - INFO - Eval start: loop(val) [3]
2024/09/14 12:55:19 - abl - INFO - Evaluation ended, GO/character_accuracy: 0.991 GO/reasoning_accuracy: 0.870 
2024/09/14 12:55:19 - abl - INFO - ------- Test the final model -----------
2024/09/14 12:55:19 - abl - INFO - Test start:
2024/09/14 12:55:20 - abl - INFO - Evaluation ended, GO/character_accuracy: 0.786 GO/reasoning_accuracy: 0.610 
2024/09/14 12:55:20 - abl - INFO - ------- Save the final model -----------
2024/09/14 12:55:20 - abl - INFO - ---------------------- Single gene training end --------------------------------
