2024/09/15 21:58:30 - abl - INFO - ---------------------- Single gene training start --------------------------------
2024/09/15 21:58:30 - abl - INFO - Abductive Learning on single gene SO_2912.
2024/09/15 21:58:30 - abl - INFO - Working with Data.
2024/09/15 21:58:31 - abl - INFO - Building the Learning Part.
2024/09/15 21:58:31 - abl - INFO - Building the Reasoning Part.
2024/09/15 21:58:31 - abl - INFO - Building Evaluation Metrics.
2024/09/15 21:58:31 - abl - INFO - Bridge Learning and Reasoning.
2024/09/15 21:58:31 - abl - INFO - ------- Use labeled data to pretrain the model -----------
2024/09/15 21:58:31 - abl - INFO - ------- Test the initial model -----------
2024/09/15 21:58:31 - abl - INFO - Test start:
2024/09/15 21:58:31 - abl - INFO - Evaluation ended, GO/character_accuracy: 0.762 GO/reasoning_accuracy: 0.500 
2024/09/15 21:58:31 - abl - INFO - ------- Use ABL to train the model -----------
2024/09/15 21:58:31 - abl - INFO - loop(train) [1/3] segment(train) [1/1] 
2024/09/15 21:58:41 - abl - INFO - Eval start: loop(val) [1]
2024/09/15 21:58:45 - abl - INFO - Evaluation ended, GO/character_accuracy: 0.660 GO/reasoning_accuracy: 1.000 
2024/09/15 21:58:45 - abl - INFO - loop(train) [2/3] segment(train) [1/1] 
2024/09/15 21:58:49 - abl - INFO - Eval start: loop(val) [2]
2024/09/15 21:58:53 - abl - INFO - Evaluation ended, GO/character_accuracy: 0.660 GO/reasoning_accuracy: 1.000 
2024/09/15 21:58:53 - abl - INFO - loop(train) [3/3] segment(train) [1/1] 
2024/09/15 21:58:57 - abl - INFO - Eval start: loop(val) [3]
2024/09/15 21:59:01 - abl - INFO - Evaluation ended, GO/character_accuracy: 0.660 GO/reasoning_accuracy: 1.000 
2024/09/15 21:59:01 - abl - INFO - ------- Test the final model -----------
2024/09/15 21:59:01 - abl - INFO - Test start:
2024/09/15 21:59:02 - abl - INFO - Evaluation ended, GO/character_accuracy: 0.748 GO/reasoning_accuracy: 0.562 
2024/09/15 21:59:02 - abl - INFO - ------- Save the final model -----------
2024/09/15 21:59:02 - abl - INFO - ---------------------- Single gene training end --------------------------------
