2024/09/15 22:29:25 - abl - INFO - ---------------------- Single gene training start --------------------------------
2024/09/15 22:29:25 - abl - INFO - Abductive Learning on single gene SO_2912.
2024/09/15 22:29:25 - abl - INFO - Working with Data.
2024/09/15 22:29:25 - abl - INFO - Building the Learning Part.
2024/09/15 22:29:25 - abl - INFO - Building the Reasoning Part.
2024/09/15 22:29:25 - abl - INFO - Building Evaluation Metrics.
2024/09/15 22:29:25 - abl - INFO - Bridge Learning and Reasoning.
2024/09/15 22:29:25 - abl - INFO - ------- Use labeled data to pretrain the model -----------
2024/09/15 22:29:25 - abl - INFO - ------- Test the initial model -----------
2024/09/15 22:29:25 - abl - INFO - Test start:
2024/09/15 22:29:26 - abl - INFO - Evaluation ended, GO/character_accuracy: 0.729 GO/reasoning_accuracy: 0.371 
2024/09/15 22:29:26 - abl - INFO - ------- Use ABL to train the model -----------
2024/09/15 22:29:26 - abl - INFO - loop(train) [1/3] segment(train) [1/1] 
2024/09/15 22:29:45 - abl - INFO - Eval start: loop(val) [1]
2024/09/15 22:29:52 - abl - INFO - Evaluation ended, GO/character_accuracy: 0.997 GO/reasoning_accuracy: 0.661 
2024/09/15 22:29:52 - abl - INFO - loop(train) [2/3] segment(train) [1/1] 
2024/09/15 22:30:05 - abl - INFO - Eval start: loop(val) [2]
2024/09/15 22:30:12 - abl - INFO - Evaluation ended, GO/character_accuracy: 0.997 GO/reasoning_accuracy: 0.661 
2024/09/15 22:30:12 - abl - INFO - loop(train) [3/3] segment(train) [1/1] 
2024/09/15 22:30:25 - abl - INFO - Eval start: loop(val) [3]
2024/09/15 22:30:32 - abl - INFO - Evaluation ended, GO/character_accuracy: 0.998 GO/reasoning_accuracy: 0.661 
2024/09/15 22:30:32 - abl - INFO - ------- Test the final model -----------
2024/09/15 22:30:32 - abl - INFO - Test start:
2024/09/15 22:30:32 - abl - INFO - Evaluation ended, GO/character_accuracy: 0.719 GO/reasoning_accuracy: 0.405 
2024/09/15 22:30:32 - abl - INFO - ------- Save the final model -----------
2024/09/15 22:30:32 - abl - INFO - ---------------------- Single gene training end --------------------------------
