2024/09/15 20:47:29 - abl - INFO - ---------------------- Single gene training start --------------------------------
2024/09/15 20:47:29 - abl - INFO - Abductive Learning on single gene SO_2912.
2024/09/15 20:47:29 - abl - INFO - Working with Data.
2024/09/15 20:47:29 - abl - INFO - Building the Learning Part.
2024/09/15 20:47:29 - abl - INFO - Building the Reasoning Part.
2024/09/15 20:47:29 - abl - INFO - Building Evaluation Metrics.
2024/09/15 20:47:29 - abl - INFO - Bridge Learning and Reasoning.
2024/09/15 20:47:29 - abl - INFO - ------- Use labeled data to pretrain the model -----------
2024/09/15 20:47:29 - abl - INFO - ------- Test the initial model -----------
2024/09/15 20:47:29 - abl - INFO - Test start:
2024/09/15 20:47:29 - abl - INFO - Evaluation ended, GO/character_accuracy: 0.686 GO/reasoning_accuracy: 0.314 
2024/09/15 20:47:29 - abl - INFO - ------- Use ABL to train the model -----------
2024/09/15 20:47:29 - abl - INFO - loop(train) [1/3] segment(train) [1/1] 
2024/09/15 20:47:38 - abl - INFO - Eval start: loop(val) [1]
2024/09/15 20:47:42 - abl - INFO - Evaluation ended, GO/character_accuracy: 1.000 GO/reasoning_accuracy: 0.660 
2024/09/15 20:47:42 - abl - INFO - loop(train) [2/3] segment(train) [1/1] 
2024/09/15 20:47:48 - abl - INFO - Eval start: loop(val) [2]
2024/09/15 20:47:52 - abl - INFO - Evaluation ended, GO/character_accuracy: 0.999 GO/reasoning_accuracy: 0.660 
2024/09/15 20:47:52 - abl - INFO - loop(train) [3/3] segment(train) [1/1] 
2024/09/15 20:47:58 - abl - INFO - Eval start: loop(val) [3]
2024/09/15 20:48:02 - abl - INFO - Evaluation ended, GO/character_accuracy: 1.000 GO/reasoning_accuracy: 0.660 
2024/09/15 20:48:02 - abl - INFO - ------- Test the final model -----------
2024/09/15 20:48:02 - abl - INFO - Test start:
2024/09/15 20:48:02 - abl - INFO - Evaluation ended, GO/character_accuracy: 0.695 GO/reasoning_accuracy: 0.362 
2024/09/15 20:48:02 - abl - INFO - ------- Save the final model -----------
2024/09/15 20:48:02 - abl - INFO - ---------------------- Single gene training end --------------------------------
