2024/09/15 22:14:57 - abl - INFO - ---------------------- Single gene training start --------------------------------
2024/09/15 22:14:57 - abl - INFO - Abductive Learning on single gene SO_2912.
2024/09/15 22:14:57 - abl - INFO - Working with Data.
2024/09/15 22:14:57 - abl - INFO - Building the Learning Part.
2024/09/15 22:14:57 - abl - INFO - Building the Reasoning Part.
2024/09/15 22:14:57 - abl - INFO - Building Evaluation Metrics.
2024/09/15 22:14:57 - abl - INFO - Bridge Learning and Reasoning.
2024/09/15 22:14:57 - abl - INFO - ------- Use labeled data to pretrain the model -----------
2024/09/15 22:14:57 - abl - INFO - ------- Test the initial model -----------
2024/09/15 22:14:57 - abl - INFO - Test start:
2024/09/15 22:14:57 - abl - INFO - Evaluation ended, GO/character_accuracy: 0.748 GO/reasoning_accuracy: 0.338 
2024/09/15 22:14:57 - abl - INFO - ------- Use ABL to train the model -----------
2024/09/15 22:14:57 - abl - INFO - loop(train) [1/3] segment(train) [1/1] 
2024/09/15 22:15:08 - abl - INFO - Eval start: loop(val) [1]
2024/09/15 22:15:12 - abl - INFO - Evaluation ended, GO/character_accuracy: 0.999 GO/reasoning_accuracy: 0.661 
2024/09/15 22:15:12 - abl - INFO - loop(train) [2/3] segment(train) [1/1] 
2024/09/15 22:15:19 - abl - INFO - Eval start: loop(val) [2]
2024/09/15 22:15:23 - abl - INFO - Evaluation ended, GO/character_accuracy: 0.999 GO/reasoning_accuracy: 0.661 
2024/09/15 22:15:23 - abl - INFO - loop(train) [3/3] segment(train) [1/1] 
2024/09/15 22:15:30 - abl - INFO - Eval start: loop(val) [3]
2024/09/15 22:15:34 - abl - INFO - Evaluation ended, GO/character_accuracy: 0.999 GO/reasoning_accuracy: 0.661 
2024/09/15 22:15:34 - abl - INFO - ------- Test the final model -----------
2024/09/15 22:15:34 - abl - INFO - Test start:
2024/09/15 22:15:35 - abl - INFO - Evaluation ended, GO/character_accuracy: 0.767 GO/reasoning_accuracy: 0.381 
2024/09/15 22:15:35 - abl - INFO - ------- Save the final model -----------
2024/09/15 22:15:35 - abl - INFO - ---------------------- Single gene training end --------------------------------
