2024/09/15 21:03:30 - abl - INFO - ---------------------- Single gene training start --------------------------------
2024/09/15 21:03:30 - abl - INFO - Abductive Learning on single gene SO_2912.
2024/09/15 21:03:30 - abl - INFO - Working with Data.
2024/09/15 21:03:30 - abl - INFO - Building the Learning Part.
2024/09/15 21:03:30 - abl - INFO - Building the Reasoning Part.
2024/09/15 21:03:30 - abl - INFO - Building Evaluation Metrics.
2024/09/15 21:03:30 - abl - INFO - Bridge Learning and Reasoning.
2024/09/15 21:03:30 - abl - INFO - ------- Use labeled data to pretrain the model -----------
2024/09/15 21:03:30 - abl - INFO - ------- Test the initial model -----------
2024/09/15 21:03:30 - abl - INFO - Test start:
2024/09/15 21:03:30 - abl - INFO - Evaluation ended, GO/character_accuracy: 0.738 GO/reasoning_accuracy: 0.367 
2024/09/15 21:03:30 - abl - INFO - ------- Use ABL to train the model -----------
2024/09/15 21:03:30 - abl - INFO - loop(train) [1/3] segment(train) [1/1] 
2024/09/15 21:03:40 - abl - INFO - Eval start: loop(val) [1]
2024/09/15 21:03:43 - abl - INFO - Evaluation ended, GO/character_accuracy: 0.998 GO/reasoning_accuracy: 0.660 
2024/09/15 21:03:43 - abl - INFO - loop(train) [2/3] segment(train) [1/1] 
2024/09/15 21:03:50 - abl - INFO - Eval start: loop(val) [2]
2024/09/15 21:03:53 - abl - INFO - Evaluation ended, GO/character_accuracy: 0.998 GO/reasoning_accuracy: 0.660 
2024/09/15 21:03:53 - abl - INFO - loop(train) [3/3] segment(train) [1/1] 
2024/09/15 21:04:00 - abl - INFO - Eval start: loop(val) [3]
2024/09/15 21:04:03 - abl - INFO - Evaluation ended, GO/character_accuracy: 0.998 GO/reasoning_accuracy: 0.660 
2024/09/15 21:04:03 - abl - INFO - ------- Test the final model -----------
2024/09/15 21:04:03 - abl - INFO - Test start:
2024/09/15 21:04:03 - abl - INFO - Evaluation ended, GO/character_accuracy: 0.710 GO/reasoning_accuracy: 0.400 
2024/09/15 21:04:03 - abl - INFO - ------- Save the final model -----------
2024/09/15 21:04:03 - abl - INFO - ---------------------- Single gene training end --------------------------------
