2024/09/19 10:14:07 - abl - INFO - ---------------------- Single gene training start --------------------------------
2024/09/19 10:14:07 - abl - INFO - Abductive Learning on single gene SO_2912.
2024/09/19 10:14:07 - abl - INFO - Working with Data.
2024/09/19 10:14:07 - abl - INFO - Building the Learning Part.
2024/09/19 10:14:07 - abl - INFO - Building the Reasoning Part.
2024/09/19 10:14:07 - abl - INFO - Building Evaluation Metrics.
2024/09/19 10:14:07 - abl - INFO - Bridge Learning and Reasoning.
2024/09/19 10:14:07 - abl - INFO - ------- Use labeled data to pretrain the model -----------
2024/09/19 10:14:07 - abl - INFO - ------- Test the initial model -----------
2024/09/19 10:14:07 - abl - INFO - Test start:
2024/09/19 10:14:08 - abl - INFO - Evaluation ended, GO/character_accuracy: 0.719 GO/reasoning_accuracy: 0.343 
2024/09/19 10:14:08 - abl - INFO - ------- Use ABL to train the model -----------
2024/09/19 10:14:08 - abl - INFO - loop(train) [1/3] segment(train) [1/1] 
2024/09/19 10:14:33 - abl - INFO - Eval start: loop(val) [1]
2024/09/19 10:14:43 - abl - INFO - Evaluation ended, GO/character_accuracy: 1.000 GO/reasoning_accuracy: 0.661 
2024/09/19 10:14:43 - abl - INFO - loop(train) [2/3] segment(train) [1/1] 
2024/09/19 10:15:01 - abl - INFO - Eval start: loop(val) [2]
2024/09/19 10:15:12 - abl - INFO - Evaluation ended, GO/character_accuracy: 1.000 GO/reasoning_accuracy: 0.661 
2024/09/19 10:15:12 - abl - INFO - loop(train) [3/3] segment(train) [1/1] 
2024/09/19 10:15:30 - abl - INFO - Eval start: loop(val) [3]
2024/09/19 10:15:40 - abl - INFO - Evaluation ended, GO/character_accuracy: 1.000 GO/reasoning_accuracy: 0.661 
2024/09/19 10:15:40 - abl - INFO - ------- Test the final model -----------
2024/09/19 10:15:40 - abl - INFO - Test start:
2024/09/19 10:15:41 - abl - INFO - Evaluation ended, GO/character_accuracy: 0.690 GO/reasoning_accuracy: 0.386 
2024/09/19 10:15:41 - abl - INFO - ------- Save the final model -----------
2024/09/19 10:15:41 - abl - INFO - ---------------------- Single gene training end --------------------------------
