2024/09/14 12:53:41 - abl - INFO - ---------------------- Single gene training start --------------------------------
2024/09/14 12:53:41 - abl - INFO - Abductive Learning on single gene SO_2912.
2024/09/14 12:53:41 - abl - INFO - Working with Data.
2024/09/14 12:53:41 - abl - INFO - Building the Learning Part.
2024/09/14 12:53:41 - abl - INFO - Building the Reasoning Part.
2024/09/14 12:53:41 - abl - INFO - Building Evaluation Metrics.
2024/09/14 12:53:41 - abl - INFO - Bridge Learning and Reasoning.
2024/09/14 12:53:41 - abl - INFO - ------- Use labeled data to pretrain the model -----------
2024/09/14 12:53:41 - abl - INFO - ------- Test the initial model -----------
2024/09/14 12:53:41 - abl - INFO - Test start:
2024/09/14 12:53:42 - abl - INFO - Evaluation ended, GO/character_accuracy: 0.748 GO/reasoning_accuracy: 0.910 
2024/09/14 12:53:42 - abl - INFO - ------- Use ABL to train the model -----------
2024/09/14 12:53:42 - abl - INFO - loop(train) [1/3] segment(train) [1/1] 
2024/09/14 12:53:48 - abl - INFO - Eval start: loop(val) [1]
2024/09/14 12:53:52 - abl - INFO - Evaluation ended, GO/character_accuracy: 0.342 GO/reasoning_accuracy: 1.000 
2024/09/14 12:53:52 - abl - INFO - loop(train) [2/3] segment(train) [1/1] 
2024/09/14 12:53:56 - abl - INFO - Eval start: loop(val) [2]
2024/09/14 12:54:00 - abl - INFO - Evaluation ended, GO/character_accuracy: 0.342 GO/reasoning_accuracy: 1.000 
2024/09/14 12:54:00 - abl - INFO - loop(train) [3/3] segment(train) [1/1] 
2024/09/14 12:54:04 - abl - INFO - Eval start: loop(val) [3]
2024/09/14 12:54:08 - abl - INFO - Evaluation ended, GO/character_accuracy: 0.342 GO/reasoning_accuracy: 1.000 
2024/09/14 12:54:08 - abl - INFO - ------- Test the final model -----------
2024/09/14 12:54:08 - abl - INFO - Test start:
2024/09/14 12:54:09 - abl - INFO - Evaluation ended, GO/character_accuracy: 0.776 GO/reasoning_accuracy: 0.910 
2024/09/14 12:54:09 - abl - INFO - ------- Save the final model -----------
2024/09/14 12:54:09 - abl - INFO - ---------------------- Single gene training end --------------------------------
