2024/09/15 11:11:47 - abl - INFO - ---------------------- Single gene training start --------------------------------
2024/09/15 11:11:47 - abl - INFO - Abductive Learning on single gene SO_2912.
2024/09/15 11:11:47 - abl - INFO - Working with Data.
2024/09/15 11:11:47 - abl - INFO - Building the Learning Part.
2024/09/15 11:11:47 - abl - INFO - Building the Reasoning Part.
2024/09/15 11:11:47 - abl - INFO - Building Evaluation Metrics.
2024/09/15 11:11:47 - abl - INFO - Bridge Learning and Reasoning.
2024/09/15 11:11:47 - abl - INFO - ------- Use labeled data to pretrain the model -----------
2024/09/15 11:11:47 - abl - INFO - ------- Test the initial model -----------
2024/09/15 11:11:47 - abl - INFO - Test start:
2024/09/15 11:11:48 - abl - INFO - Evaluation ended, GO/character_accuracy: 0.757 GO/reasoning_accuracy: 0.914 
2024/09/15 11:11:48 - abl - INFO - ------- Use ABL to train the model -----------
2024/09/15 11:11:48 - abl - INFO - loop(train) [1/3] segment(train) [1/1] 
2024/09/15 11:11:52 - abl - INFO - Eval start: loop(val) [1]
2024/09/15 11:11:56 - abl - INFO - Evaluation ended, GO/character_accuracy: 0.272 GO/reasoning_accuracy: 1.000 
2024/09/15 11:11:56 - abl - INFO - loop(train) [2/3] segment(train) [1/1] 
2024/09/15 11:12:01 - abl - INFO - Eval start: loop(val) [2]
2024/09/15 11:12:05 - abl - INFO - Evaluation ended, GO/character_accuracy: 0.272 GO/reasoning_accuracy: 1.000 
2024/09/15 11:12:05 - abl - INFO - loop(train) [3/3] segment(train) [1/1] 
2024/09/15 11:12:09 - abl - INFO - Eval start: loop(val) [3]
2024/09/15 11:12:13 - abl - INFO - Evaluation ended, GO/character_accuracy: 0.272 GO/reasoning_accuracy: 1.000 
2024/09/15 11:12:13 - abl - INFO - ------- Test the final model -----------
2024/09/15 11:12:13 - abl - INFO - Test start:
2024/09/15 11:12:13 - abl - INFO - Evaluation ended, GO/character_accuracy: 0.767 GO/reasoning_accuracy: 0.924 
2024/09/15 11:12:13 - abl - INFO - ------- Save the final model -----------
2024/09/15 11:12:13 - abl - INFO - ---------------------- Single gene training end --------------------------------
