2024/09/15 13:06:19 - abl - INFO - ---------------------- Single gene training start --------------------------------
2024/09/15 13:06:19 - abl - INFO - Abductive Learning on single gene SO_2912.
2024/09/15 13:06:19 - abl - INFO - Working with Data.
2024/09/15 13:06:19 - abl - INFO - Building the Learning Part.
2024/09/15 13:06:19 - abl - INFO - Building the Reasoning Part.
2024/09/15 13:06:19 - abl - INFO - Building Evaluation Metrics.
2024/09/15 13:06:19 - abl - INFO - Bridge Learning and Reasoning.
2024/09/15 13:06:19 - abl - INFO - ------- Use labeled data to pretrain the model -----------
2024/09/15 13:06:19 - abl - INFO - ------- Test the initial model -----------
2024/09/15 13:06:19 - abl - INFO - Test start:
2024/09/15 13:06:19 - abl - INFO - Evaluation ended, GO/character_accuracy: 0.719 GO/reasoning_accuracy: 0.495 
2024/09/15 13:06:19 - abl - INFO - ------- Use ABL to train the model -----------
2024/09/15 13:06:19 - abl - INFO - loop(train) [1/3] segment(train) [1/1] 
2024/09/15 13:06:28 - abl - INFO - Eval start: loop(val) [1]
2024/09/15 13:06:31 - abl - INFO - Evaluation ended, GO/character_accuracy: 0.660 GO/reasoning_accuracy: 1.000 
2024/09/15 13:06:31 - abl - INFO - loop(train) [2/3] segment(train) [1/1] 
2024/09/15 13:06:35 - abl - INFO - Eval start: loop(val) [2]
2024/09/15 13:06:39 - abl - INFO - Evaluation ended, GO/character_accuracy: 0.660 GO/reasoning_accuracy: 1.000 
2024/09/15 13:06:39 - abl - INFO - loop(train) [3/3] segment(train) [1/1] 
2024/09/15 13:06:43 - abl - INFO - Eval start: loop(val) [3]
2024/09/15 13:06:47 - abl - INFO - Evaluation ended, GO/character_accuracy: 0.660 GO/reasoning_accuracy: 1.000 
2024/09/15 13:06:47 - abl - INFO - ------- Test the final model -----------
2024/09/15 13:06:47 - abl - INFO - Test start:
2024/09/15 13:06:47 - abl - INFO - Evaluation ended, GO/character_accuracy: 0.700 GO/reasoning_accuracy: 0.505 
2024/09/15 13:06:47 - abl - INFO - ------- Save the final model -----------
2024/09/15 13:06:47 - abl - INFO - ---------------------- Single gene training end --------------------------------
