2024/09/15 12:15:12 - abl - INFO - ---------------------- Single gene training start --------------------------------
2024/09/15 12:15:12 - abl - INFO - Abductive Learning on single gene SO_2912.
2024/09/15 12:15:12 - abl - INFO - Working with Data.
2024/09/15 12:15:12 - abl - INFO - Building the Learning Part.
2024/09/15 12:15:12 - abl - INFO - Building the Reasoning Part.
2024/09/15 12:15:12 - abl - INFO - Building Evaluation Metrics.
2024/09/15 12:15:12 - abl - INFO - Bridge Learning and Reasoning.
2024/09/15 12:15:12 - abl - INFO - ------- Use labeled data to pretrain the model -----------
2024/09/15 12:15:12 - abl - INFO - ------- Test the initial model -----------
2024/09/15 12:15:12 - abl - INFO - Test start:
2024/09/15 12:15:12 - abl - INFO - Evaluation ended, GO/character_accuracy: 0.719 GO/reasoning_accuracy: 0.324 
2024/09/15 12:15:12 - abl - INFO - ------- Use ABL to train the model -----------
2024/09/15 12:15:12 - abl - INFO - loop(train) [1/3] segment(train) [1/1] 
2024/09/15 12:15:23 - abl - INFO - Eval start: loop(val) [1]
2024/09/15 12:15:27 - abl - INFO - Evaluation ended, GO/character_accuracy: 1.000 GO/reasoning_accuracy: 0.661 
2024/09/15 12:15:27 - abl - INFO - loop(train) [2/3] segment(train) [1/1] 
2024/09/15 12:15:34 - abl - INFO - Eval start: loop(val) [2]
2024/09/15 12:15:38 - abl - INFO - Evaluation ended, GO/character_accuracy: 1.000 GO/reasoning_accuracy: 0.661 
2024/09/15 12:15:38 - abl - INFO - loop(train) [3/3] segment(train) [1/1] 
2024/09/15 12:15:45 - abl - INFO - Eval start: loop(val) [3]
2024/09/15 12:15:49 - abl - INFO - Evaluation ended, GO/character_accuracy: 1.000 GO/reasoning_accuracy: 0.661 
2024/09/15 12:15:49 - abl - INFO - ------- Test the final model -----------
2024/09/15 12:15:49 - abl - INFO - Test start:
2024/09/15 12:15:50 - abl - INFO - Evaluation ended, GO/character_accuracy: 0.752 GO/reasoning_accuracy: 0.367 
2024/09/15 12:15:50 - abl - INFO - ------- Save the final model -----------
2024/09/15 12:15:50 - abl - INFO - ---------------------- Single gene training end --------------------------------
