2024/09/15 13:37:38 - abl - INFO - ---------------------- Single gene training start --------------------------------
2024/09/15 13:37:38 - abl - INFO - Abductive Learning on single gene SO_2912.
2024/09/15 13:37:38 - abl - INFO - Working with Data.
2024/09/15 13:37:38 - abl - INFO - Building the Learning Part.
2024/09/15 13:37:38 - abl - INFO - Building the Reasoning Part.
2024/09/15 13:37:38 - abl - INFO - Building Evaluation Metrics.
2024/09/15 13:37:38 - abl - INFO - Bridge Learning and Reasoning.
2024/09/15 13:37:38 - abl - INFO - ------- Use labeled data to pretrain the model -----------
2024/09/15 13:37:38 - abl - INFO - ------- Test the initial model -----------
2024/09/15 13:37:38 - abl - INFO - Test start:
2024/09/15 13:37:38 - abl - INFO - Evaluation ended, GO/character_accuracy: 0.738 GO/reasoning_accuracy: 0.276 
2024/09/15 13:37:38 - abl - INFO - ------- Use ABL to train the model -----------
2024/09/15 13:37:38 - abl - INFO - loop(train) [1/3] segment(train) [1/1] 
2024/09/15 13:37:47 - abl - INFO - Eval start: loop(val) [1]
2024/09/15 13:37:51 - abl - INFO - Evaluation ended, GO/character_accuracy: 0.999 GO/reasoning_accuracy: 0.661 
2024/09/15 13:37:51 - abl - INFO - loop(train) [2/3] segment(train) [1/1] 
2024/09/15 13:37:57 - abl - INFO - Eval start: loop(val) [2]
2024/09/15 13:38:01 - abl - INFO - Evaluation ended, GO/character_accuracy: 0.999 GO/reasoning_accuracy: 0.661 
2024/09/15 13:38:01 - abl - INFO - loop(train) [3/3] segment(train) [1/1] 
2024/09/15 13:38:07 - abl - INFO - Eval start: loop(val) [3]
2024/09/15 13:38:10 - abl - INFO - Evaluation ended, GO/character_accuracy: 0.999 GO/reasoning_accuracy: 0.661 
2024/09/15 13:38:10 - abl - INFO - ------- Test the final model -----------
2024/09/15 13:38:10 - abl - INFO - Test start:
2024/09/15 13:38:11 - abl - INFO - Evaluation ended, GO/character_accuracy: 0.729 GO/reasoning_accuracy: 0.371 
2024/09/15 13:38:11 - abl - INFO - ------- Save the final model -----------
2024/09/15 13:38:11 - abl - INFO - ---------------------- Single gene training end --------------------------------
