2024/09/15 13:14:42 - abl - INFO - ---------------------- Single gene training start --------------------------------
2024/09/15 13:14:42 - abl - INFO - Abductive Learning on single gene SO_2912.
2024/09/15 13:14:42 - abl - INFO - Working with Data.
2024/09/15 13:14:42 - abl - INFO - Building the Learning Part.
2024/09/15 13:14:42 - abl - INFO - Building the Reasoning Part.
2024/09/15 13:14:42 - abl - INFO - Building Evaluation Metrics.
2024/09/15 13:14:42 - abl - INFO - Bridge Learning and Reasoning.
2024/09/15 13:14:42 - abl - INFO - ------- Use labeled data to pretrain the model -----------
2024/09/15 13:14:42 - abl - INFO - ------- Test the initial model -----------
2024/09/15 13:14:42 - abl - INFO - Test start:
2024/09/15 13:14:43 - abl - INFO - Evaluation ended, GO/character_accuracy: 0.743 GO/reasoning_accuracy: 0.295 
2024/09/15 13:14:43 - abl - INFO - ------- Use ABL to train the model -----------
2024/09/15 13:14:43 - abl - INFO - loop(train) [1/3] segment(train) [1/1] 
2024/09/15 13:14:52 - abl - INFO - Eval start: loop(val) [1]
2024/09/15 13:14:55 - abl - INFO - Evaluation ended, GO/character_accuracy: 0.999 GO/reasoning_accuracy: 0.661 
2024/09/15 13:14:55 - abl - INFO - loop(train) [2/3] segment(train) [1/1] 
2024/09/15 13:15:02 - abl - INFO - Eval start: loop(val) [2]
2024/09/15 13:15:05 - abl - INFO - Evaluation ended, GO/character_accuracy: 0.999 GO/reasoning_accuracy: 0.661 
2024/09/15 13:15:05 - abl - INFO - loop(train) [3/3] segment(train) [1/1] 
2024/09/15 13:15:11 - abl - INFO - Eval start: loop(val) [3]
2024/09/15 13:15:15 - abl - INFO - Evaluation ended, GO/character_accuracy: 0.999 GO/reasoning_accuracy: 0.661 
2024/09/15 13:15:15 - abl - INFO - ------- Test the final model -----------
2024/09/15 13:15:15 - abl - INFO - Test start:
2024/09/15 13:15:15 - abl - INFO - Evaluation ended, GO/character_accuracy: 0.738 GO/reasoning_accuracy: 0.376 
2024/09/15 13:15:15 - abl - INFO - ------- Save the final model -----------
2024/09/15 13:15:15 - abl - INFO - ---------------------- Single gene training end --------------------------------
