2024/09/15 12:14:22 - abl - INFO - ---------------------- Single gene training start --------------------------------
2024/09/15 12:14:22 - abl - INFO - Abductive Learning on single gene SO_0107.
2024/09/15 12:14:22 - abl - INFO - Working with Data.
2024/09/15 12:14:22 - abl - INFO - Building the Learning Part.
2024/09/15 12:14:22 - abl - INFO - Building the Reasoning Part.
2024/09/15 12:14:22 - abl - INFO - Building Evaluation Metrics.
2024/09/15 12:14:22 - abl - INFO - Bridge Learning and Reasoning.
2024/09/15 12:14:22 - abl - INFO - ------- Use labeled data to pretrain the model -----------
2024/09/15 12:14:22 - abl - INFO - ------- Test the initial model -----------
2024/09/15 12:14:22 - abl - INFO - Test start:
2024/09/15 12:14:22 - abl - INFO - Evaluation ended, GO/character_accuracy: 0.752 GO/reasoning_accuracy: 0.448 
2024/09/15 12:14:22 - abl - INFO - ------- Use ABL to train the model -----------
2024/09/15 12:14:22 - abl - INFO - loop(train) [1/3] segment(train) [1/1] 
2024/09/15 12:14:28 - abl - INFO - Eval start: loop(val) [1]
2024/09/15 12:14:31 - abl - INFO - Evaluation ended, GO/character_accuracy: 0.999 GO/reasoning_accuracy: 0.875 
2024/09/15 12:14:31 - abl - INFO - loop(train) [2/3] segment(train) [1/1] 
2024/09/15 12:14:34 - abl - INFO - Eval start: loop(val) [2]
2024/09/15 12:14:37 - abl - INFO - Evaluation ended, GO/character_accuracy: 0.999 GO/reasoning_accuracy: 0.875 
2024/09/15 12:14:37 - abl - INFO - loop(train) [3/3] segment(train) [1/1] 
2024/09/15 12:14:41 - abl - INFO - Eval start: loop(val) [3]
2024/09/15 12:14:43 - abl - INFO - Evaluation ended, GO/character_accuracy: 0.999 GO/reasoning_accuracy: 0.875 
2024/09/15 12:14:43 - abl - INFO - ------- Test the final model -----------
2024/09/15 12:14:43 - abl - INFO - Test start:
2024/09/15 12:14:43 - abl - INFO - Evaluation ended, GO/character_accuracy: 0.757 GO/reasoning_accuracy: 0.500 
2024/09/15 12:14:43 - abl - INFO - ------- Save the final model -----------
2024/09/15 12:14:43 - abl - INFO - ---------------------- Single gene training end --------------------------------
