2024/09/15 12:23:40 - abl - INFO - ---------------------- Single gene training start --------------------------------
2024/09/15 12:23:40 - abl - INFO - Abductive Learning on single gene SO_0107.
2024/09/15 12:23:40 - abl - INFO - Working with Data.
2024/09/15 12:23:40 - abl - INFO - Building the Learning Part.
2024/09/15 12:23:40 - abl - INFO - Building the Reasoning Part.
2024/09/15 12:23:40 - abl - INFO - Building Evaluation Metrics.
2024/09/15 12:23:40 - abl - INFO - Bridge Learning and Reasoning.
2024/09/15 12:23:40 - abl - INFO - ------- Use labeled data to pretrain the model -----------
2024/09/15 12:23:40 - abl - INFO - ------- Test the initial model -----------
2024/09/15 12:23:40 - abl - INFO - Test start:
2024/09/15 12:23:40 - abl - INFO - Evaluation ended, GO/character_accuracy: 0.748 GO/reasoning_accuracy: 0.524 
2024/09/15 12:23:40 - abl - INFO - ------- Use ABL to train the model -----------
2024/09/15 12:23:40 - abl - INFO - loop(train) [1/3] segment(train) [1/1] 
2024/09/15 12:23:46 - abl - INFO - Eval start: loop(val) [1]
2024/09/15 12:23:48 - abl - INFO - Evaluation ended, GO/character_accuracy: 0.999 GO/reasoning_accuracy: 0.874 
2024/09/15 12:23:48 - abl - INFO - loop(train) [2/3] segment(train) [1/1] 
2024/09/15 12:23:52 - abl - INFO - Eval start: loop(val) [2]
2024/09/15 12:23:55 - abl - INFO - Evaluation ended, GO/character_accuracy: 0.999 GO/reasoning_accuracy: 0.874 
2024/09/15 12:23:55 - abl - INFO - loop(train) [3/3] segment(train) [1/1] 
2024/09/15 12:23:58 - abl - INFO - Eval start: loop(val) [3]
2024/09/15 12:24:01 - abl - INFO - Evaluation ended, GO/character_accuracy: 0.999 GO/reasoning_accuracy: 0.874 
2024/09/15 12:24:01 - abl - INFO - ------- Test the final model -----------
2024/09/15 12:24:01 - abl - INFO - Test start:
2024/09/15 12:24:01 - abl - INFO - Evaluation ended, GO/character_accuracy: 0.781 GO/reasoning_accuracy: 0.562 
2024/09/15 12:24:01 - abl - INFO - ------- Save the final model -----------
2024/09/15 12:24:01 - abl - INFO - ---------------------- Single gene training end --------------------------------
