2024/09/14 12:43:24 - abl - INFO - ---------------------- Single gene training start --------------------------------
2024/09/14 12:43:24 - abl - INFO - Abductive Learning on single gene SO_0107.
2024/09/14 12:43:24 - abl - INFO - Working with Data.
2024/09/14 12:43:24 - abl - INFO - Building the Learning Part.
2024/09/14 12:43:24 - abl - INFO - Building the Reasoning Part.
2024/09/14 12:43:24 - abl - INFO - Building Evaluation Metrics.
2024/09/14 12:43:24 - abl - INFO - Bridge Learning and Reasoning.
2024/09/14 12:43:24 - abl - INFO - ------- Use labeled data to pretrain the model -----------
2024/09/14 12:43:25 - abl - INFO - ------- Test the initial model -----------
2024/09/14 12:43:25 - abl - INFO - Test start:
2024/09/14 12:43:25 - abl - INFO - Evaluation ended, GO/character_accuracy: 0.767 GO/reasoning_accuracy: 0.857 
2024/09/14 12:43:25 - abl - INFO - ------- Use ABL to train the model -----------
2024/09/14 12:43:25 - abl - INFO - loop(train) [1/3] segment(train) [1/1] 
2024/09/14 12:43:30 - abl - INFO - Eval start: loop(val) [1]
2024/09/14 12:43:34 - abl - INFO - Evaluation ended, GO/character_accuracy: 0.412 GO/reasoning_accuracy: 1.000 
2024/09/14 12:43:34 - abl - INFO - loop(train) [2/3] segment(train) [1/1] 
2024/09/14 12:43:39 - abl - INFO - Eval start: loop(val) [2]
2024/09/14 12:43:43 - abl - INFO - Evaluation ended, GO/character_accuracy: 0.412 GO/reasoning_accuracy: 1.000 
2024/09/14 12:43:43 - abl - INFO - loop(train) [3/3] segment(train) [1/1] 
2024/09/14 12:43:48 - abl - INFO - Eval start: loop(val) [3]
2024/09/14 12:43:52 - abl - INFO - Evaluation ended, GO/character_accuracy: 0.412 GO/reasoning_accuracy: 1.000 
2024/09/14 12:43:52 - abl - INFO - ------- Test the final model -----------
2024/09/14 12:43:52 - abl - INFO - Test start:
2024/09/14 12:43:52 - abl - INFO - Evaluation ended, GO/character_accuracy: 0.762 GO/reasoning_accuracy: 0.857 
2024/09/14 12:43:52 - abl - INFO - ------- Save the final model -----------
2024/09/14 12:43:53 - abl - INFO - ---------------------- Single gene training end --------------------------------
