2024/09/15 22:39:36 - abl - INFO - ---------------------- Single gene training start --------------------------------
2024/09/15 22:39:36 - abl - INFO - Abductive Learning on single gene SO_0107.
2024/09/15 22:39:36 - abl - INFO - Working with Data.
2024/09/15 22:39:36 - abl - INFO - Building the Learning Part.
2024/09/15 22:39:36 - abl - INFO - Building the Reasoning Part.
2024/09/15 22:39:36 - abl - INFO - Building Evaluation Metrics.
2024/09/15 22:39:36 - abl - INFO - Bridge Learning and Reasoning.
2024/09/15 22:39:36 - abl - INFO - ------- Use labeled data to pretrain the model -----------
2024/09/15 22:39:36 - abl - INFO - ------- Test the initial model -----------
2024/09/15 22:39:36 - abl - INFO - Test start:
2024/09/15 22:39:37 - abl - INFO - Evaluation ended, GO/character_accuracy: 0.800 GO/reasoning_accuracy: 0.424 
2024/09/15 22:39:37 - abl - INFO - ------- Use ABL to train the model -----------
2024/09/15 22:39:37 - abl - INFO - loop(train) [1/3] segment(train) [1/1] 
2024/09/15 22:39:48 - abl - INFO - Eval start: loop(val) [1]
2024/09/15 22:39:52 - abl - INFO - Evaluation ended, GO/character_accuracy: 0.997 GO/reasoning_accuracy: 0.875 
2024/09/15 22:39:52 - abl - INFO - loop(train) [2/3] segment(train) [1/1] 
2024/09/15 22:39:59 - abl - INFO - Eval start: loop(val) [2]
2024/09/15 22:40:04 - abl - INFO - Evaluation ended, GO/character_accuracy: 0.997 GO/reasoning_accuracy: 0.875 
2024/09/15 22:40:04 - abl - INFO - loop(train) [3/3] segment(train) [1/1] 
2024/09/15 22:40:10 - abl - INFO - Eval start: loop(val) [3]
2024/09/15 22:40:15 - abl - INFO - Evaluation ended, GO/character_accuracy: 0.997 GO/reasoning_accuracy: 0.875 
2024/09/15 22:40:15 - abl - INFO - ------- Test the final model -----------
2024/09/15 22:40:15 - abl - INFO - Test start:
2024/09/15 22:40:15 - abl - INFO - Evaluation ended, GO/character_accuracy: 0.819 GO/reasoning_accuracy: 0.490 
2024/09/15 22:40:15 - abl - INFO - ------- Save the final model -----------
2024/09/15 22:40:15 - abl - INFO - ---------------------- Single gene training end --------------------------------
