2024/09/15 20:48:59 - abl - INFO - ---------------------- Single gene training start --------------------------------
2024/09/15 20:48:59 - abl - INFO - Abductive Learning on single gene SO_0107.
2024/09/15 20:48:59 - abl - INFO - Working with Data.
2024/09/15 20:48:59 - abl - INFO - Building the Learning Part.
2024/09/15 20:48:59 - abl - INFO - Building the Reasoning Part.
2024/09/15 20:48:59 - abl - INFO - Building Evaluation Metrics.
2024/09/15 20:48:59 - abl - INFO - Bridge Learning and Reasoning.
2024/09/15 20:48:59 - abl - INFO - ------- Use labeled data to pretrain the model -----------
2024/09/15 20:48:59 - abl - INFO - ------- Test the initial model -----------
2024/09/15 20:48:59 - abl - INFO - Test start:
2024/09/15 20:48:59 - abl - INFO - Evaluation ended, GO/character_accuracy: 0.762 GO/reasoning_accuracy: 0.376 
2024/09/15 20:48:59 - abl - INFO - ------- Use ABL to train the model -----------
2024/09/15 20:48:59 - abl - INFO - loop(train) [1/3] segment(train) [1/1] 
2024/09/15 20:49:04 - abl - INFO - Eval start: loop(val) [1]
2024/09/15 20:49:06 - abl - INFO - Evaluation ended, GO/character_accuracy: 0.999 GO/reasoning_accuracy: 0.874 
2024/09/15 20:49:06 - abl - INFO - loop(train) [2/3] segment(train) [1/1] 
2024/09/15 20:49:10 - abl - INFO - Eval start: loop(val) [2]
2024/09/15 20:49:12 - abl - INFO - Evaluation ended, GO/character_accuracy: 0.999 GO/reasoning_accuracy: 0.874 
2024/09/15 20:49:12 - abl - INFO - loop(train) [3/3] segment(train) [1/1] 
2024/09/15 20:49:15 - abl - INFO - Eval start: loop(val) [3]
2024/09/15 20:49:18 - abl - INFO - Evaluation ended, GO/character_accuracy: 0.999 GO/reasoning_accuracy: 0.874 
2024/09/15 20:49:18 - abl - INFO - ------- Test the final model -----------
2024/09/15 20:49:18 - abl - INFO - Test start:
2024/09/15 20:49:18 - abl - INFO - Evaluation ended, GO/character_accuracy: 0.757 GO/reasoning_accuracy: 0.405 
2024/09/15 20:49:18 - abl - INFO - ------- Save the final model -----------
2024/09/15 20:49:18 - abl - INFO - ---------------------- Single gene training end --------------------------------
