2024/09/19 10:18:35 - abl - INFO - ---------------------- Single gene training start --------------------------------
2024/09/19 10:18:35 - abl - INFO - Abductive Learning on single gene SO_0107.
2024/09/19 10:18:35 - abl - INFO - Working with Data.
2024/09/19 10:18:35 - abl - INFO - Building the Learning Part.
2024/09/19 10:18:35 - abl - INFO - Building the Reasoning Part.
2024/09/19 10:18:35 - abl - INFO - Building Evaluation Metrics.
2024/09/19 10:18:35 - abl - INFO - Bridge Learning and Reasoning.
2024/09/19 10:18:35 - abl - INFO - ------- Use labeled data to pretrain the model -----------
2024/09/19 10:18:35 - abl - INFO - ------- Test the initial model -----------
2024/09/19 10:18:35 - abl - INFO - Test start:
2024/09/19 10:18:36 - abl - INFO - Evaluation ended, GO/character_accuracy: 0.790 GO/reasoning_accuracy: 0.457 
2024/09/19 10:18:36 - abl - INFO - ------- Use ABL to train the model -----------
2024/09/19 10:18:36 - abl - INFO - loop(train) [1/3] segment(train) [1/1] 
2024/09/19 10:18:50 - abl - INFO - Eval start: loop(val) [1]
2024/09/19 10:18:57 - abl - INFO - Evaluation ended, GO/character_accuracy: 1.000 GO/reasoning_accuracy: 0.875 
2024/09/19 10:18:57 - abl - INFO - loop(train) [2/3] segment(train) [1/1] 
2024/09/19 10:19:06 - abl - INFO - Eval start: loop(val) [2]
2024/09/19 10:19:13 - abl - INFO - Evaluation ended, GO/character_accuracy: 1.000 GO/reasoning_accuracy: 0.875 
2024/09/19 10:19:13 - abl - INFO - loop(train) [3/3] segment(train) [1/1] 
2024/09/19 10:19:22 - abl - INFO - Eval start: loop(val) [3]
2024/09/19 10:19:29 - abl - INFO - Evaluation ended, GO/character_accuracy: 1.000 GO/reasoning_accuracy: 0.875 
2024/09/19 10:19:29 - abl - INFO - ------- Test the final model -----------
2024/09/19 10:19:29 - abl - INFO - Test start:
2024/09/19 10:19:30 - abl - INFO - Evaluation ended, GO/character_accuracy: 0.752 GO/reasoning_accuracy: 0.543 
2024/09/19 10:19:30 - abl - INFO - ------- Save the final model -----------
2024/09/19 10:19:30 - abl - INFO - ---------------------- Single gene training end --------------------------------
