2024/09/13 10:24:10 - abl - INFO - ---------------------- Single gene training start --------------------------------
2024/09/13 10:24:10 - abl - INFO - Abductive Learning on single gene SO_0107.
2024/09/13 10:24:10 - abl - INFO - Working with Data.
2024/09/13 10:24:11 - abl - INFO - Building the Learning Part.
2024/09/13 10:24:11 - abl - INFO - Building the Reasoning Part.
2024/09/13 10:24:11 - abl - INFO - Building Evaluation Metrics.
2024/09/13 10:24:11 - abl - INFO - Bridge Learning and Reasoning.
2024/09/13 10:24:11 - abl - INFO - ------- Use labeled data to pretrain the model -----------
2024/09/13 10:24:11 - abl - INFO - ------- Test the initial model -----------
2024/09/13 10:24:11 - abl - INFO - Test start:
2024/09/13 10:24:11 - abl - INFO - Evaluation ended, GO/character_accuracy: 0.724 GO/reasoning_accuracy: 0.867 
2024/09/13 10:24:11 - abl - INFO - ------- Use ABL to train the model -----------
2024/09/13 10:24:11 - abl - INFO - loop(train) [1/3] segment(train) [1/1] 
2024/09/13 10:24:14 - abl - INFO - Eval start: loop(val) [1]
2024/09/13 10:24:16 - abl - INFO - Evaluation ended, GO/character_accuracy: 0.476 GO/reasoning_accuracy: 1.000 
2024/09/13 10:24:16 - abl - INFO - loop(train) [2/3] segment(train) [1/1] 
2024/09/13 10:24:19 - abl - INFO - Eval start: loop(val) [2]
2024/09/13 10:24:21 - abl - INFO - Evaluation ended, GO/character_accuracy: 0.476 GO/reasoning_accuracy: 1.000 
2024/09/13 10:24:21 - abl - INFO - loop(train) [3/3] segment(train) [1/1] 
2024/09/13 10:24:23 - abl - INFO - Eval start: loop(val) [3]
2024/09/13 10:24:26 - abl - INFO - Evaluation ended, GO/character_accuracy: 0.476 GO/reasoning_accuracy: 1.000 
2024/09/13 10:24:26 - abl - INFO - ------- Test the final model -----------
2024/09/13 10:24:26 - abl - INFO - Test start:
2024/09/13 10:24:26 - abl - INFO - Evaluation ended, GO/character_accuracy: 0.762 GO/reasoning_accuracy: 0.867 
2024/09/13 10:24:26 - abl - INFO - ------- Save the final model -----------
2024/09/13 10:24:26 - abl - INFO - ---------------------- Single gene training end --------------------------------
