2024/09/15 13:06:01 - abl - INFO - ---------------------- Single gene training start --------------------------------
2024/09/15 13:06:01 - abl - INFO - Abductive Learning on single gene SO_0107.
2024/09/15 13:06:01 - abl - INFO - Working with Data.
2024/09/15 13:06:01 - abl - INFO - Building the Learning Part.
2024/09/15 13:06:01 - abl - INFO - Building the Reasoning Part.
2024/09/15 13:06:01 - abl - INFO - Building Evaluation Metrics.
2024/09/15 13:06:01 - abl - INFO - Bridge Learning and Reasoning.
2024/09/15 13:06:01 - abl - INFO - ------- Use labeled data to pretrain the model -----------
2024/09/15 13:06:02 - abl - INFO - ------- Test the initial model -----------
2024/09/15 13:06:02 - abl - INFO - Test start:
2024/09/15 13:06:02 - abl - INFO - Evaluation ended, GO/character_accuracy: 0.738 GO/reasoning_accuracy: 0.457 
2024/09/15 13:06:02 - abl - INFO - ------- Use ABL to train the model -----------
2024/09/15 13:06:02 - abl - INFO - loop(train) [1/3] segment(train) [1/1] 
2024/09/15 13:06:06 - abl - INFO - Eval start: loop(val) [1]
2024/09/15 13:06:08 - abl - INFO - Evaluation ended, GO/character_accuracy: 0.874 GO/reasoning_accuracy: 1.000 
2024/09/15 13:06:08 - abl - INFO - loop(train) [2/3] segment(train) [1/1] 
2024/09/15 13:06:11 - abl - INFO - Eval start: loop(val) [2]
2024/09/15 13:06:13 - abl - INFO - Evaluation ended, GO/character_accuracy: 0.874 GO/reasoning_accuracy: 1.000 
2024/09/15 13:06:13 - abl - INFO - loop(train) [3/3] segment(train) [1/1] 
2024/09/15 13:06:16 - abl - INFO - Eval start: loop(val) [3]
2024/09/15 13:06:19 - abl - INFO - Evaluation ended, GO/character_accuracy: 0.874 GO/reasoning_accuracy: 1.000 
2024/09/15 13:06:19 - abl - INFO - ------- Test the final model -----------
2024/09/15 13:06:19 - abl - INFO - Test start:
2024/09/15 13:06:19 - abl - INFO - Evaluation ended, GO/character_accuracy: 0.752 GO/reasoning_accuracy: 0.510 
2024/09/15 13:06:19 - abl - INFO - ------- Save the final model -----------
2024/09/15 13:06:19 - abl - INFO - ---------------------- Single gene training end --------------------------------
