2024/09/19 09:25:59 - abl - INFO - ---------------------- Single gene training start --------------------------------
2024/09/19 09:25:59 - abl - INFO - Abductive Learning on single gene SO_1523.
2024/09/19 09:25:59 - abl - INFO - Working with Data.
2024/09/19 09:25:59 - abl - INFO - Building the Learning Part.
2024/09/19 09:25:59 - abl - INFO - Building the Reasoning Part.
2024/09/19 09:25:59 - abl - INFO - Building Evaluation Metrics.
2024/09/19 09:25:59 - abl - INFO - Bridge Learning and Reasoning.
2024/09/19 09:25:59 - abl - INFO - ------- Use labeled data to pretrain the model -----------
2024/09/19 09:25:59 - abl - INFO - ------- Test the initial model -----------
2024/09/19 09:25:59 - abl - INFO - Test start:
2024/09/19 09:26:00 - abl - INFO - Evaluation ended, GO/character_accuracy: 0.814 GO/reasoning_accuracy: 0.529 
2024/09/19 09:26:00 - abl - INFO - ------- Use ABL to train the model -----------
2024/09/19 09:26:00 - abl - INFO - loop(train) [1/3] segment(train) [1/1] 
2024/09/19 09:26:12 - abl - INFO - Eval start: loop(val) [1]
2024/09/19 09:26:20 - abl - INFO - Evaluation ended, GO/character_accuracy: 0.996 GO/reasoning_accuracy: 0.713 
2024/09/19 09:26:20 - abl - INFO - loop(train) [2/3] segment(train) [1/1] 
2024/09/19 09:26:32 - abl - INFO - Eval start: loop(val) [2]
2024/09/19 09:26:39 - abl - INFO - Evaluation ended, GO/character_accuracy: 0.995 GO/reasoning_accuracy: 0.713 
2024/09/19 09:26:39 - abl - INFO - loop(train) [3/3] segment(train) [1/1] 
2024/09/19 09:26:51 - abl - INFO - Eval start: loop(val) [3]
2024/09/19 09:26:58 - abl - INFO - Evaluation ended, GO/character_accuracy: 0.998 GO/reasoning_accuracy: 0.713 
2024/09/19 09:26:58 - abl - INFO - ------- Test the final model -----------
2024/09/19 09:26:58 - abl - INFO - Test start:
2024/09/19 09:26:58 - abl - INFO - Evaluation ended, GO/character_accuracy: 0.786 GO/reasoning_accuracy: 0.543 
2024/09/19 09:26:58 - abl - INFO - ------- Save the final model -----------
2024/09/19 09:26:58 - abl - INFO - ---------------------- Single gene training end --------------------------------
