2024/09/19 09:59:49 - abl - INFO - ---------------------- Single gene training start --------------------------------
2024/09/19 09:59:49 - abl - INFO - Abductive Learning on single gene SO_1523.
2024/09/19 09:59:49 - abl - INFO - Working with Data.
2024/09/19 09:59:49 - abl - INFO - Building the Learning Part.
2024/09/19 09:59:49 - abl - INFO - Building the Reasoning Part.
2024/09/19 09:59:49 - abl - INFO - Building Evaluation Metrics.
2024/09/19 09:59:49 - abl - INFO - Bridge Learning and Reasoning.
2024/09/19 09:59:49 - abl - INFO - ------- Use labeled data to pretrain the model -----------
2024/09/19 09:59:50 - abl - INFO - ------- Test the initial model -----------
2024/09/19 09:59:50 - abl - INFO - Test start:
2024/09/19 09:59:50 - abl - INFO - Evaluation ended, GO/character_accuracy: 0.862 GO/reasoning_accuracy: 0.414 
2024/09/19 09:59:50 - abl - INFO - ------- Use ABL to train the model -----------
2024/09/19 09:59:50 - abl - INFO - loop(train) [1/3] segment(train) [1/1] 
2024/09/19 10:00:04 - abl - INFO - Eval start: loop(val) [1]
2024/09/19 10:00:11 - abl - INFO - Evaluation ended, GO/character_accuracy: 0.996 GO/reasoning_accuracy: 0.713 
2024/09/19 10:00:11 - abl - INFO - loop(train) [2/3] segment(train) [1/1] 
2024/09/19 10:00:23 - abl - INFO - Eval start: loop(val) [2]
2024/09/19 10:00:30 - abl - INFO - Evaluation ended, GO/character_accuracy: 0.996 GO/reasoning_accuracy: 0.713 
2024/09/19 10:00:30 - abl - INFO - loop(train) [3/3] segment(train) [1/1] 
2024/09/19 10:00:42 - abl - INFO - Eval start: loop(val) [3]
2024/09/19 10:00:49 - abl - INFO - Evaluation ended, GO/character_accuracy: 0.996 GO/reasoning_accuracy: 0.713 
2024/09/19 10:00:49 - abl - INFO - ------- Test the final model -----------
2024/09/19 10:00:49 - abl - INFO - Test start:
2024/09/19 10:00:50 - abl - INFO - Evaluation ended, GO/character_accuracy: 0.867 GO/reasoning_accuracy: 0.424 
2024/09/19 10:00:50 - abl - INFO - ------- Save the final model -----------
2024/09/19 10:00:50 - abl - INFO - ---------------------- Single gene training end --------------------------------
