2024/09/19 10:02:07 - abl - INFO - ---------------------- Single gene training start --------------------------------
2024/09/19 10:02:07 - abl - INFO - Abductive Learning on single gene SO_1523.
2024/09/19 10:02:07 - abl - INFO - Working with Data.
2024/09/19 10:02:07 - abl - INFO - Building the Learning Part.
2024/09/19 10:02:07 - abl - INFO - Building the Reasoning Part.
2024/09/19 10:02:07 - abl - INFO - Building Evaluation Metrics.
2024/09/19 10:02:07 - abl - INFO - Bridge Learning and Reasoning.
2024/09/19 10:02:07 - abl - INFO - ------- Use labeled data to pretrain the model -----------
2024/09/19 10:02:07 - abl - INFO - ------- Test the initial model -----------
2024/09/19 10:02:07 - abl - INFO - Test start:
2024/09/19 10:02:08 - abl - INFO - Evaluation ended, GO/character_accuracy: 0.805 GO/reasoning_accuracy: 0.443 
2024/09/19 10:02:08 - abl - INFO - ------- Use ABL to train the model -----------
2024/09/19 10:02:08 - abl - INFO - loop(train) [1/3] segment(train) [1/1] 
2024/09/19 10:02:22 - abl - INFO - Eval start: loop(val) [1]
2024/09/19 10:02:29 - abl - INFO - Evaluation ended, GO/character_accuracy: 0.997 GO/reasoning_accuracy: 0.713 
2024/09/19 10:02:29 - abl - INFO - loop(train) [2/3] segment(train) [1/1] 
2024/09/19 10:02:41 - abl - INFO - Eval start: loop(val) [2]
2024/09/19 10:02:48 - abl - INFO - Evaluation ended, GO/character_accuracy: 0.998 GO/reasoning_accuracy: 0.713 
2024/09/19 10:02:48 - abl - INFO - loop(train) [3/3] segment(train) [1/1] 
2024/09/19 10:03:00 - abl - INFO - Eval start: loop(val) [3]
2024/09/19 10:03:07 - abl - INFO - Evaluation ended, GO/character_accuracy: 0.995 GO/reasoning_accuracy: 0.713 
2024/09/19 10:03:07 - abl - INFO - ------- Test the final model -----------
2024/09/19 10:03:07 - abl - INFO - Test start:
2024/09/19 10:03:08 - abl - INFO - Evaluation ended, GO/character_accuracy: 0.805 GO/reasoning_accuracy: 0.471 
2024/09/19 10:03:08 - abl - INFO - ------- Save the final model -----------
2024/09/19 10:03:08 - abl - INFO - ---------------------- Single gene training end --------------------------------
