2024/08/03 19:54:41 - abl - INFO - Abductive Learning on the GO example.
2024/08/03 19:54:41 - abl - INFO - Working with Data.
2024/08/03 19:54:42 - abl - INFO - Building the Learning Part.
2024/08/03 19:54:42 - abl - INFO - Building the Reasoning Part.
2024/08/03 19:54:42 - abl - INFO - Building Evaluation Metrics.
2024/08/03 19:54:42 - abl - INFO - Bridge Learning and Reasoning.
2024/08/03 19:54:42 - abl - INFO - ------- Use labeled data to pretrain the model -----------
2024/08/03 19:54:42 - abl - INFO - ------- Test the initial model -----------
2024/08/03 19:54:42 - abl - INFO - Test start:
2024/08/03 19:55:30 - abl - INFO - Evaluation ended, GO/character_accuracy: 0.000 GO/reasoning_accuracy: 1.000 
2024/08/03 19:55:30 - abl - INFO - ------- Use ABL to train the model -----------
2024/08/03 19:55:30 - abl - INFO - loop(train) [1/3] segment(train) [1/1] 
2024/08/03 19:56:52 - abl - INFO - Eval start: loop(val) [1]
2024/08/03 19:58:18 - abl - INFO - Evaluation ended, GO/character_accuracy: 0.000 GO/reasoning_accuracy: 1.000 
2024/08/03 19:58:18 - abl - INFO - loop(train) [2/3] segment(train) [1/1] 
2024/08/03 19:59:45 - abl - INFO - Eval start: loop(val) [2]
2024/08/03 20:01:11 - abl - INFO - Evaluation ended, GO/character_accuracy: 0.000 GO/reasoning_accuracy: 1.000 
2024/08/03 20:01:11 - abl - INFO - loop(train) [3/3] segment(train) [1/1] 
2024/08/03 20:02:30 - abl - INFO - Eval start: loop(val) [3]
2024/08/03 20:03:50 - abl - INFO - Evaluation ended, GO/character_accuracy: 0.000 GO/reasoning_accuracy: 1.000 
2024/08/03 20:03:50 - abl - INFO - ------- Test the final model -----------
2024/08/03 20:03:50 - abl - INFO - Test start:
2024/08/03 20:04:36 - abl - INFO - Evaluation ended, GO/character_accuracy: 0.000 GO/reasoning_accuracy: 1.000 
