2024/09/15 12:03:35 - abl - INFO - ---------------------- Single gene training start --------------------------------
2024/09/15 12:03:35 - abl - INFO - Abductive Learning on single gene SO_1776.
2024/09/15 12:03:35 - abl - INFO - Working with Data.
2024/09/15 12:03:35 - abl - INFO - Building the Learning Part.
2024/09/15 12:03:35 - abl - INFO - Building the Reasoning Part.
2024/09/15 12:03:35 - abl - INFO - Building Evaluation Metrics.
2024/09/15 12:03:35 - abl - INFO - Bridge Learning and Reasoning.
2024/09/15 12:03:35 - abl - INFO - ------- Use labeled data to pretrain the model -----------
2024/09/15 12:03:35 - abl - INFO - ------- Test the initial model -----------
2024/09/15 12:03:35 - abl - INFO - Test start:
2024/09/15 12:03:35 - abl - INFO - Evaluation ended, GO/character_accuracy: 0.767 GO/reasoning_accuracy: 0.429 
2024/09/15 12:03:35 - abl - INFO - ------- Use ABL to train the model -----------
2024/09/15 12:03:35 - abl - INFO - loop(train) [1/3] segment(train) [1/1] 
2024/09/15 12:03:40 - abl - INFO - Eval start: loop(val) [1]
2024/09/15 12:03:42 - abl - INFO - Evaluation ended, GO/character_accuracy: 1.000 GO/reasoning_accuracy: 0.875 
2024/09/15 12:03:42 - abl - INFO - loop(train) [2/3] segment(train) [1/1] 
2024/09/15 12:03:46 - abl - INFO - Eval start: loop(val) [2]
2024/09/15 12:03:48 - abl - INFO - Evaluation ended, GO/character_accuracy: 1.000 GO/reasoning_accuracy: 0.875 
2024/09/15 12:03:48 - abl - INFO - loop(train) [3/3] segment(train) [1/1] 
2024/09/15 12:03:51 - abl - INFO - Eval start: loop(val) [3]
2024/09/15 12:03:53 - abl - INFO - Evaluation ended, GO/character_accuracy: 1.000 GO/reasoning_accuracy: 0.875 
2024/09/15 12:03:53 - abl - INFO - ------- Test the final model -----------
2024/09/15 12:03:53 - abl - INFO - Test start:
2024/09/15 12:03:53 - abl - INFO - Evaluation ended, GO/character_accuracy: 0.767 GO/reasoning_accuracy: 0.524 
2024/09/15 12:03:53 - abl - INFO - ------- Save the final model -----------
2024/09/15 12:03:53 - abl - INFO - ---------------------- Single gene training end --------------------------------
