2024/09/14 12:57:19 - abl - INFO - ---------------------- Single gene training start --------------------------------
2024/09/14 12:57:19 - abl - INFO - Abductive Learning on single gene SO_1776.
2024/09/14 12:57:19 - abl - INFO - Working with Data.
2024/09/14 12:57:19 - abl - INFO - Building the Learning Part.
2024/09/14 12:57:19 - abl - INFO - Building the Reasoning Part.
2024/09/14 12:57:19 - abl - INFO - Building Evaluation Metrics.
2024/09/14 12:57:19 - abl - INFO - Bridge Learning and Reasoning.
2024/09/14 12:57:19 - abl - INFO - ------- Use labeled data to pretrain the model -----------
2024/09/14 12:57:19 - abl - INFO - ------- Test the initial model -----------
2024/09/14 12:57:19 - abl - INFO - Test start:
2024/09/14 12:57:20 - abl - INFO - Evaluation ended, GO/character_accuracy: 0.762 GO/reasoning_accuracy: 1.000 
2024/09/14 12:57:20 - abl - INFO - ------- Use ABL to train the model -----------
2024/09/14 12:57:20 - abl - INFO - loop(train) [1/3] segment(train) [1/1] 
2024/09/14 12:57:22 - abl - INFO - Eval start: loop(val) [1]
2024/09/14 12:57:24 - abl - INFO - Evaluation ended, GO/character_accuracy: 0.456 GO/reasoning_accuracy: 1.000 
2024/09/14 12:57:24 - abl - INFO - loop(train) [2/3] segment(train) [1/1] 
2024/09/14 12:57:27 - abl - INFO - Eval start: loop(val) [2]
2024/09/14 12:57:29 - abl - INFO - Evaluation ended, GO/character_accuracy: 0.456 GO/reasoning_accuracy: 1.000 
2024/09/14 12:57:29 - abl - INFO - loop(train) [3/3] segment(train) [1/1] 
2024/09/14 12:57:32 - abl - INFO - Eval start: loop(val) [3]
2024/09/14 12:57:34 - abl - INFO - Evaluation ended, GO/character_accuracy: 0.456 GO/reasoning_accuracy: 1.000 
2024/09/14 12:57:34 - abl - INFO - ------- Test the final model -----------
2024/09/14 12:57:34 - abl - INFO - Test start:
2024/09/14 12:57:34 - abl - INFO - Evaluation ended, GO/character_accuracy: 0.719 GO/reasoning_accuracy: 1.000 
2024/09/14 12:57:34 - abl - INFO - ------- Save the final model -----------
2024/09/14 12:57:34 - abl - INFO - ---------------------- Single gene training end --------------------------------
