2024/09/15 22:08:12 - abl - INFO - ---------------------- Single gene training start --------------------------------
2024/09/15 22:08:12 - abl - INFO - Abductive Learning on single gene SO_1776.
2024/09/15 22:08:12 - abl - INFO - Working with Data.
2024/09/15 22:08:13 - abl - INFO - Building the Learning Part.
2024/09/15 22:08:13 - abl - INFO - Building the Reasoning Part.
2024/09/15 22:08:13 - abl - INFO - Building Evaluation Metrics.
2024/09/15 22:08:13 - abl - INFO - Bridge Learning and Reasoning.
2024/09/15 22:08:13 - abl - INFO - ------- Use labeled data to pretrain the model -----------
2024/09/15 22:08:13 - abl - INFO - ------- Test the initial model -----------
2024/09/15 22:08:13 - abl - INFO - Test start:
2024/09/15 22:08:13 - abl - INFO - Evaluation ended, GO/character_accuracy: 0.786 GO/reasoning_accuracy: 0.429 
2024/09/15 22:08:13 - abl - INFO - ------- Use ABL to train the model -----------
2024/09/15 22:08:13 - abl - INFO - loop(train) [1/3] segment(train) [1/1] 
2024/09/15 22:08:18 - abl - INFO - Eval start: loop(val) [1]
2024/09/15 22:08:20 - abl - INFO - Evaluation ended, GO/character_accuracy: 1.000 GO/reasoning_accuracy: 0.874 
2024/09/15 22:08:20 - abl - INFO - loop(train) [2/3] segment(train) [1/1] 
2024/09/15 22:08:23 - abl - INFO - Eval start: loop(val) [2]
2024/09/15 22:08:25 - abl - INFO - Evaluation ended, GO/character_accuracy: 1.000 GO/reasoning_accuracy: 0.874 
2024/09/15 22:08:25 - abl - INFO - loop(train) [3/3] segment(train) [1/1] 
2024/09/15 22:08:28 - abl - INFO - Eval start: loop(val) [3]
2024/09/15 22:08:30 - abl - INFO - Evaluation ended, GO/character_accuracy: 1.000 GO/reasoning_accuracy: 0.874 
2024/09/15 22:08:30 - abl - INFO - ------- Test the final model -----------
2024/09/15 22:08:30 - abl - INFO - Test start:
2024/09/15 22:08:31 - abl - INFO - Evaluation ended, GO/character_accuracy: 0.771 GO/reasoning_accuracy: 0.529 
2024/09/15 22:08:31 - abl - INFO - ------- Save the final model -----------
2024/09/15 22:08:31 - abl - INFO - ---------------------- Single gene training end --------------------------------
