2024/09/15 22:36:06 - abl - INFO - ---------------------- Single gene training start --------------------------------
2024/09/15 22:36:06 - abl - INFO - Abductive Learning on single gene SO_1776.
2024/09/15 22:36:06 - abl - INFO - Working with Data.
2024/09/15 22:36:06 - abl - INFO - Building the Learning Part.
2024/09/15 22:36:06 - abl - INFO - Building the Reasoning Part.
2024/09/15 22:36:06 - abl - INFO - Building Evaluation Metrics.
2024/09/15 22:36:06 - abl - INFO - Bridge Learning and Reasoning.
2024/09/15 22:36:06 - abl - INFO - ------- Use labeled data to pretrain the model -----------
2024/09/15 22:36:06 - abl - INFO - ------- Test the initial model -----------
2024/09/15 22:36:06 - abl - INFO - Test start:
2024/09/15 22:36:07 - abl - INFO - Evaluation ended, GO/character_accuracy: 0.814 GO/reasoning_accuracy: 0.457 
2024/09/15 22:36:07 - abl - INFO - ------- Use ABL to train the model -----------
2024/09/15 22:36:07 - abl - INFO - loop(train) [1/3] segment(train) [1/1] 
2024/09/15 22:36:12 - abl - INFO - Eval start: loop(val) [1]
2024/09/15 22:36:15 - abl - INFO - Evaluation ended, GO/character_accuracy: 0.999 GO/reasoning_accuracy: 0.875 
2024/09/15 22:36:15 - abl - INFO - loop(train) [2/3] segment(train) [1/1] 
2024/09/15 22:36:19 - abl - INFO - Eval start: loop(val) [2]
2024/09/15 22:36:22 - abl - INFO - Evaluation ended, GO/character_accuracy: 0.999 GO/reasoning_accuracy: 0.875 
2024/09/15 22:36:22 - abl - INFO - loop(train) [3/3] segment(train) [1/1] 
2024/09/15 22:36:25 - abl - INFO - Eval start: loop(val) [3]
2024/09/15 22:36:28 - abl - INFO - Evaluation ended, GO/character_accuracy: 0.999 GO/reasoning_accuracy: 0.875 
2024/09/15 22:36:28 - abl - INFO - ------- Test the final model -----------
2024/09/15 22:36:28 - abl - INFO - Test start:
2024/09/15 22:36:28 - abl - INFO - Evaluation ended, GO/character_accuracy: 0.771 GO/reasoning_accuracy: 0.567 
2024/09/15 22:36:28 - abl - INFO - ------- Save the final model -----------
2024/09/15 22:36:28 - abl - INFO - ---------------------- Single gene training end --------------------------------
