2024/09/15 11:44:03 - abl - INFO - ---------------------- Single gene training start --------------------------------
2024/09/15 11:44:03 - abl - INFO - Abductive Learning on single gene SO_1776.
2024/09/15 11:44:03 - abl - INFO - Working with Data.
2024/09/15 11:44:03 - abl - INFO - Building the Learning Part.
2024/09/15 11:44:03 - abl - INFO - Building the Reasoning Part.
2024/09/15 11:44:03 - abl - INFO - Building Evaluation Metrics.
2024/09/15 11:44:03 - abl - INFO - Bridge Learning and Reasoning.
2024/09/15 11:44:03 - abl - INFO - ------- Use labeled data to pretrain the model -----------
2024/09/15 11:44:03 - abl - INFO - ------- Test the initial model -----------
2024/09/15 11:44:03 - abl - INFO - Test start:
2024/09/15 11:44:03 - abl - INFO - Evaluation ended, GO/character_accuracy: 0.800 GO/reasoning_accuracy: 0.471 
2024/09/15 11:44:03 - abl - INFO - ------- Use ABL to train the model -----------
2024/09/15 11:44:03 - abl - INFO - loop(train) [1/3] segment(train) [1/1] 
2024/09/15 11:44:08 - abl - INFO - Eval start: loop(val) [1]
2024/09/15 11:44:11 - abl - INFO - Evaluation ended, GO/character_accuracy: 1.000 GO/reasoning_accuracy: 0.875 
2024/09/15 11:44:11 - abl - INFO - loop(train) [2/3] segment(train) [1/1] 
2024/09/15 11:44:14 - abl - INFO - Eval start: loop(val) [2]
2024/09/15 11:44:16 - abl - INFO - Evaluation ended, GO/character_accuracy: 1.000 GO/reasoning_accuracy: 0.875 
2024/09/15 11:44:16 - abl - INFO - loop(train) [3/3] segment(train) [1/1] 
2024/09/15 11:44:19 - abl - INFO - Eval start: loop(val) [3]
2024/09/15 11:44:21 - abl - INFO - Evaluation ended, GO/character_accuracy: 1.000 GO/reasoning_accuracy: 0.875 
2024/09/15 11:44:21 - abl - INFO - ------- Test the final model -----------
2024/09/15 11:44:21 - abl - INFO - Test start:
2024/09/15 11:44:21 - abl - INFO - Evaluation ended, GO/character_accuracy: 0.776 GO/reasoning_accuracy: 0.571 
2024/09/15 11:44:21 - abl - INFO - ------- Save the final model -----------
2024/09/15 11:44:21 - abl - INFO - ---------------------- Single gene training end --------------------------------
