2024/09/14 12:43:53 - abl - INFO - ---------------------- Single gene training start --------------------------------
2024/09/14 12:43:53 - abl - INFO - Abductive Learning on single gene SO_1776.
2024/09/14 12:43:53 - abl - INFO - Working with Data.
2024/09/14 12:43:53 - abl - INFO - Building the Learning Part.
2024/09/14 12:43:53 - abl - INFO - Building the Reasoning Part.
2024/09/14 12:43:53 - abl - INFO - Building Evaluation Metrics.
2024/09/14 12:43:53 - abl - INFO - Bridge Learning and Reasoning.
2024/09/14 12:43:53 - abl - INFO - ------- Use labeled data to pretrain the model -----------
2024/09/14 12:43:53 - abl - INFO - ------- Test the initial model -----------
2024/09/14 12:43:53 - abl - INFO - Test start:
2024/09/14 12:43:53 - abl - INFO - Evaluation ended, GO/character_accuracy: 0.781 GO/reasoning_accuracy: 1.000 
2024/09/14 12:43:53 - abl - INFO - ------- Use ABL to train the model -----------
2024/09/14 12:43:53 - abl - INFO - loop(train) [1/3] segment(train) [1/1] 
2024/09/14 12:43:56 - abl - INFO - Eval start: loop(val) [1]
2024/09/14 12:43:59 - abl - INFO - Evaluation ended, GO/character_accuracy: 0.333 GO/reasoning_accuracy: 1.000 
2024/09/14 12:43:59 - abl - INFO - loop(train) [2/3] segment(train) [1/1] 
2024/09/14 12:44:02 - abl - INFO - Eval start: loop(val) [2]
2024/09/14 12:44:04 - abl - INFO - Evaluation ended, GO/character_accuracy: 0.333 GO/reasoning_accuracy: 1.000 
2024/09/14 12:44:04 - abl - INFO - loop(train) [3/3] segment(train) [1/1] 
2024/09/14 12:44:07 - abl - INFO - Eval start: loop(val) [3]
2024/09/14 12:44:10 - abl - INFO - Evaluation ended, GO/character_accuracy: 0.333 GO/reasoning_accuracy: 1.000 
2024/09/14 12:44:10 - abl - INFO - ------- Test the final model -----------
2024/09/14 12:44:10 - abl - INFO - Test start:
2024/09/14 12:44:10 - abl - INFO - Evaluation ended, GO/character_accuracy: 0.790 GO/reasoning_accuracy: 1.000 
2024/09/14 12:44:10 - abl - INFO - ------- Save the final model -----------
2024/09/14 12:44:10 - abl - INFO - ---------------------- Single gene training end --------------------------------
