2024/09/19 10:34:12 - abl - INFO - ---------------------- Single gene training start --------------------------------
2024/09/19 10:34:12 - abl - INFO - Abductive Learning on single gene SO_3370.
2024/09/19 10:34:12 - abl - INFO - Working with Data.
2024/09/19 10:34:13 - abl - INFO - Building the Learning Part.
2024/09/19 10:34:13 - abl - INFO - Building the Reasoning Part.
2024/09/19 10:34:13 - abl - INFO - Building Evaluation Metrics.
2024/09/19 10:34:13 - abl - INFO - Bridge Learning and Reasoning.
2024/09/19 10:34:13 - abl - INFO - ------- Use labeled data to pretrain the model -----------
2024/09/19 10:34:13 - abl - INFO - ------- Test the initial model -----------
2024/09/19 10:34:13 - abl - INFO - Test start:
2024/09/19 10:34:13 - abl - INFO - Evaluation ended, GO/character_accuracy: 0.686 GO/reasoning_accuracy: 0.624 
2024/09/19 10:34:13 - abl - INFO - ------- Use ABL to train the model -----------
2024/09/19 10:34:13 - abl - INFO - loop(train) [1/3] segment(train) [1/1] 
2024/09/19 10:34:15 - abl - INFO - Eval start: loop(val) [1]
2024/09/19 10:34:16 - abl - INFO - Evaluation ended, GO/character_accuracy: 1.000 GO/reasoning_accuracy: 0.998 
2024/09/19 10:34:16 - abl - INFO - loop(train) [2/3] segment(train) [1/1] 
2024/09/19 10:34:18 - abl - INFO - Eval start: loop(val) [2]
2024/09/19 10:34:20 - abl - INFO - Evaluation ended, GO/character_accuracy: 1.000 GO/reasoning_accuracy: 0.998 
2024/09/19 10:34:20 - abl - INFO - loop(train) [3/3] segment(train) [1/1] 
2024/09/19 10:34:21 - abl - INFO - Eval start: loop(val) [3]
2024/09/19 10:34:23 - abl - INFO - Evaluation ended, GO/character_accuracy: 1.000 GO/reasoning_accuracy: 0.998 
2024/09/19 10:34:23 - abl - INFO - ------- Test the final model -----------
2024/09/19 10:34:23 - abl - INFO - Test start:
2024/09/19 10:34:23 - abl - INFO - Evaluation ended, GO/character_accuracy: 0.719 GO/reasoning_accuracy: 0.686 
2024/09/19 10:34:23 - abl - INFO - ------- Save the final model -----------
2024/09/19 10:34:23 - abl - INFO - ---------------------- Single gene training end --------------------------------
