2024/09/15 20:19:16 - abl - INFO - ---------------------- Single gene training start --------------------------------
2024/09/15 20:19:16 - abl - INFO - Abductive Learning on single gene SO_0272.
2024/09/15 20:19:16 - abl - INFO - Working with Data.
2024/09/15 20:19:16 - abl - INFO - Building the Learning Part.
2024/09/15 20:19:16 - abl - INFO - Building the Reasoning Part.
2024/09/15 20:19:16 - abl - INFO - Building Evaluation Metrics.
2024/09/15 20:19:16 - abl - INFO - Bridge Learning and Reasoning.
2024/09/15 20:19:16 - abl - INFO - ------- Use labeled data to pretrain the model -----------
2024/09/15 20:19:17 - abl - INFO - ------- Test the initial model -----------
2024/09/15 20:19:17 - abl - INFO - Test start:
2024/09/15 20:19:17 - abl - INFO - Evaluation ended, GO/character_accuracy: 0.633 GO/reasoning_accuracy: 0.705 
2024/09/15 20:19:17 - abl - INFO - ------- Use ABL to train the model -----------
2024/09/15 20:19:17 - abl - INFO - loop(train) [1/3] segment(train) [1/1] 
2024/09/15 20:19:19 - abl - INFO - Eval start: loop(val) [1]
2024/09/15 20:19:20 - abl - INFO - Evaluation ended, GO/character_accuracy: 1.000 GO/reasoning_accuracy: 0.916 
2024/09/15 20:19:20 - abl - INFO - loop(train) [2/3] segment(train) [1/1] 
2024/09/15 20:19:21 - abl - INFO - Eval start: loop(val) [2]
2024/09/15 20:19:22 - abl - INFO - Evaluation ended, GO/character_accuracy: 1.000 GO/reasoning_accuracy: 0.916 
2024/09/15 20:19:22 - abl - INFO - loop(train) [3/3] segment(train) [1/1] 
2024/09/15 20:19:24 - abl - INFO - Eval start: loop(val) [3]
2024/09/15 20:19:25 - abl - INFO - Evaluation ended, GO/character_accuracy: 1.000 GO/reasoning_accuracy: 0.916 
2024/09/15 20:19:25 - abl - INFO - ------- Test the final model -----------
2024/09/15 20:19:25 - abl - INFO - Test start:
2024/09/15 20:19:25 - abl - INFO - Evaluation ended, GO/character_accuracy: 0.652 GO/reasoning_accuracy: 0.762 
2024/09/15 20:19:25 - abl - INFO - ------- Save the final model -----------
2024/09/15 20:19:25 - abl - INFO - ---------------------- Single gene training end --------------------------------
