2024/09/15 13:17:37 - abl - INFO - ---------------------- Single gene training start --------------------------------
2024/09/15 13:17:37 - abl - INFO - Abductive Learning on single gene SO_0272.
2024/09/15 13:17:37 - abl - INFO - Working with Data.
2024/09/15 13:17:37 - abl - INFO - Building the Learning Part.
2024/09/15 13:17:37 - abl - INFO - Building the Reasoning Part.
2024/09/15 13:17:37 - abl - INFO - Building Evaluation Metrics.
2024/09/15 13:17:37 - abl - INFO - Bridge Learning and Reasoning.
2024/09/15 13:17:37 - abl - INFO - ------- Use labeled data to pretrain the model -----------
2024/09/15 13:17:38 - abl - INFO - ------- Test the initial model -----------
2024/09/15 13:17:38 - abl - INFO - Test start:
2024/09/15 13:17:38 - abl - INFO - Evaluation ended, GO/character_accuracy: 0.657 GO/reasoning_accuracy: 0.600 
2024/09/15 13:17:38 - abl - INFO - ------- Use ABL to train the model -----------
2024/09/15 13:17:38 - abl - INFO - loop(train) [1/3] segment(train) [1/1] 
2024/09/15 13:17:40 - abl - INFO - Eval start: loop(val) [1]
2024/09/15 13:17:41 - abl - INFO - Evaluation ended, GO/character_accuracy: 0.999 GO/reasoning_accuracy: 0.916 
2024/09/15 13:17:41 - abl - INFO - loop(train) [2/3] segment(train) [1/1] 
2024/09/15 13:17:42 - abl - INFO - Eval start: loop(val) [2]
2024/09/15 13:17:44 - abl - INFO - Evaluation ended, GO/character_accuracy: 0.999 GO/reasoning_accuracy: 0.916 
2024/09/15 13:17:44 - abl - INFO - loop(train) [3/3] segment(train) [1/1] 
2024/09/15 13:17:45 - abl - INFO - Eval start: loop(val) [3]
2024/09/15 13:17:46 - abl - INFO - Evaluation ended, GO/character_accuracy: 0.999 GO/reasoning_accuracy: 0.916 
2024/09/15 13:17:46 - abl - INFO - ------- Test the final model -----------
2024/09/15 13:17:46 - abl - INFO - Test start:
2024/09/15 13:17:46 - abl - INFO - Evaluation ended, GO/character_accuracy: 0.652 GO/reasoning_accuracy: 0.662 
2024/09/15 13:17:46 - abl - INFO - ------- Save the final model -----------
2024/09/15 13:17:46 - abl - INFO - ---------------------- Single gene training end --------------------------------
