2024/09/15 12:37:18 - abl - INFO - ---------------------- Single gene training start --------------------------------
2024/09/15 12:37:18 - abl - INFO - Abductive Learning on single gene SO_0272.
2024/09/15 12:37:18 - abl - INFO - Working with Data.
2024/09/15 12:37:18 - abl - INFO - Building the Learning Part.
2024/09/15 12:37:18 - abl - INFO - Building the Reasoning Part.
2024/09/15 12:37:18 - abl - INFO - Building Evaluation Metrics.
2024/09/15 12:37:18 - abl - INFO - Bridge Learning and Reasoning.
2024/09/15 12:37:18 - abl - INFO - ------- Use labeled data to pretrain the model -----------
2024/09/15 12:37:19 - abl - INFO - ------- Test the initial model -----------
2024/09/15 12:37:19 - abl - INFO - Test start:
2024/09/15 12:37:19 - abl - INFO - Evaluation ended, GO/character_accuracy: 0.671 GO/reasoning_accuracy: 0.767 
2024/09/15 12:37:19 - abl - INFO - ------- Use ABL to train the model -----------
2024/09/15 12:37:19 - abl - INFO - loop(train) [1/3] segment(train) [1/1] 
2024/09/15 12:37:21 - abl - INFO - Eval start: loop(val) [1]
2024/09/15 12:37:22 - abl - INFO - Evaluation ended, GO/character_accuracy: 1.000 GO/reasoning_accuracy: 0.916 
2024/09/15 12:37:22 - abl - INFO - loop(train) [2/3] segment(train) [1/1] 
2024/09/15 12:37:24 - abl - INFO - Eval start: loop(val) [2]
2024/09/15 12:37:25 - abl - INFO - Evaluation ended, GO/character_accuracy: 1.000 GO/reasoning_accuracy: 0.916 
2024/09/15 12:37:25 - abl - INFO - loop(train) [3/3] segment(train) [1/1] 
2024/09/15 12:37:27 - abl - INFO - Eval start: loop(val) [3]
2024/09/15 12:37:28 - abl - INFO - Evaluation ended, GO/character_accuracy: 1.000 GO/reasoning_accuracy: 0.916 
2024/09/15 12:37:28 - abl - INFO - ------- Test the final model -----------
2024/09/15 12:37:28 - abl - INFO - Test start:
2024/09/15 12:37:28 - abl - INFO - Evaluation ended, GO/character_accuracy: 0.700 GO/reasoning_accuracy: 0.833 
2024/09/15 12:37:28 - abl - INFO - ------- Save the final model -----------
2024/09/15 12:37:28 - abl - INFO - ---------------------- Single gene training end --------------------------------
