2024/09/15 13:41:55 - abl - INFO - ---------------------- Single gene training start --------------------------------
2024/09/15 13:41:55 - abl - INFO - Abductive Learning on single gene SO_0272.
2024/09/15 13:41:55 - abl - INFO - Working with Data.
2024/09/15 13:41:55 - abl - INFO - Building the Learning Part.
2024/09/15 13:41:55 - abl - INFO - Building the Reasoning Part.
2024/09/15 13:41:55 - abl - INFO - Building Evaluation Metrics.
2024/09/15 13:41:55 - abl - INFO - Bridge Learning and Reasoning.
2024/09/15 13:41:55 - abl - INFO - ------- Use labeled data to pretrain the model -----------
2024/09/15 13:41:55 - abl - INFO - ------- Test the initial model -----------
2024/09/15 13:41:55 - abl - INFO - Test start:
2024/09/15 13:41:55 - abl - INFO - Evaluation ended, GO/character_accuracy: 0.690 GO/reasoning_accuracy: 0.676 
2024/09/15 13:41:55 - abl - INFO - ------- Use ABL to train the model -----------
2024/09/15 13:41:55 - abl - INFO - loop(train) [1/3] segment(train) [1/1] 
2024/09/15 13:41:57 - abl - INFO - Eval start: loop(val) [1]
2024/09/15 13:41:58 - abl - INFO - Evaluation ended, GO/character_accuracy: 0.999 GO/reasoning_accuracy: 0.916 
2024/09/15 13:41:58 - abl - INFO - loop(train) [2/3] segment(train) [1/1] 
2024/09/15 13:41:59 - abl - INFO - Eval start: loop(val) [2]
2024/09/15 13:42:01 - abl - INFO - Evaluation ended, GO/character_accuracy: 0.999 GO/reasoning_accuracy: 0.916 
2024/09/15 13:42:01 - abl - INFO - loop(train) [3/3] segment(train) [1/1] 
2024/09/15 13:42:02 - abl - INFO - Eval start: loop(val) [3]
2024/09/15 13:42:03 - abl - INFO - Evaluation ended, GO/character_accuracy: 0.999 GO/reasoning_accuracy: 0.916 
2024/09/15 13:42:03 - abl - INFO - ------- Test the final model -----------
2024/09/15 13:42:03 - abl - INFO - Test start:
2024/09/15 13:42:03 - abl - INFO - Evaluation ended, GO/character_accuracy: 0.686 GO/reasoning_accuracy: 0.710 
2024/09/15 13:42:03 - abl - INFO - ------- Save the final model -----------
2024/09/15 13:42:03 - abl - INFO - ---------------------- Single gene training end --------------------------------
