2024/09/15 12:23:10 - abl - INFO - ---------------------- Single gene training start --------------------------------
2024/09/15 12:23:10 - abl - INFO - Abductive Learning on single gene SO_2831.
2024/09/15 12:23:10 - abl - INFO - Working with Data.
2024/09/15 12:23:10 - abl - INFO - Building the Learning Part.
2024/09/15 12:23:10 - abl - INFO - Building the Reasoning Part.
2024/09/15 12:23:10 - abl - INFO - Building Evaluation Metrics.
2024/09/15 12:23:10 - abl - INFO - Bridge Learning and Reasoning.
2024/09/15 12:23:10 - abl - INFO - ------- Use labeled data to pretrain the model -----------
2024/09/15 12:23:10 - abl - INFO - ------- Test the initial model -----------
2024/09/15 12:23:10 - abl - INFO - Test start:
2024/09/15 12:23:10 - abl - INFO - Evaluation ended, GO/character_accuracy: 0.733 GO/reasoning_accuracy: 0.586 
2024/09/15 12:23:10 - abl - INFO - ------- Use ABL to train the model -----------
2024/09/15 12:23:10 - abl - INFO - loop(train) [1/3] segment(train) [1/1] 
2024/09/15 12:23:17 - abl - INFO - Eval start: loop(val) [1]
2024/09/15 12:23:21 - abl - INFO - Evaluation ended, GO/character_accuracy: 1.000 GO/reasoning_accuracy: 0.642 
2024/09/15 12:23:21 - abl - INFO - loop(train) [2/3] segment(train) [1/1] 
2024/09/15 12:23:27 - abl - INFO - Eval start: loop(val) [2]
2024/09/15 12:23:30 - abl - INFO - Evaluation ended, GO/character_accuracy: 1.000 GO/reasoning_accuracy: 0.642 
2024/09/15 12:23:30 - abl - INFO - loop(train) [3/3] segment(train) [1/1] 
2024/09/15 12:23:36 - abl - INFO - Eval start: loop(val) [3]
2024/09/15 12:23:39 - abl - INFO - Evaluation ended, GO/character_accuracy: 1.000 GO/reasoning_accuracy: 0.642 
2024/09/15 12:23:39 - abl - INFO - ------- Test the final model -----------
2024/09/15 12:23:39 - abl - INFO - Test start:
2024/09/15 12:23:39 - abl - INFO - Evaluation ended, GO/character_accuracy: 0.776 GO/reasoning_accuracy: 0.629 
2024/09/15 12:23:39 - abl - INFO - ------- Save the final model -----------
2024/09/15 12:23:40 - abl - INFO - ---------------------- Single gene training end --------------------------------
