2024/09/15 20:20:48 - abl - INFO - ---------------------- Single gene training start --------------------------------
2024/09/15 20:20:48 - abl - INFO - Abductive Learning on single gene SO_2831.
2024/09/15 20:20:48 - abl - INFO - Working with Data.
2024/09/15 20:20:48 - abl - INFO - Building the Learning Part.
2024/09/15 20:20:48 - abl - INFO - Building the Reasoning Part.
2024/09/15 20:20:48 - abl - INFO - Building Evaluation Metrics.
2024/09/15 20:20:48 - abl - INFO - Bridge Learning and Reasoning.
2024/09/15 20:20:48 - abl - INFO - ------- Use labeled data to pretrain the model -----------
2024/09/15 20:20:48 - abl - INFO - ------- Test the initial model -----------
2024/09/15 20:20:48 - abl - INFO - Test start:
2024/09/15 20:20:49 - abl - INFO - Evaluation ended, GO/character_accuracy: 0.733 GO/reasoning_accuracy: 0.524 
2024/09/15 20:20:49 - abl - INFO - ------- Use ABL to train the model -----------
2024/09/15 20:20:49 - abl - INFO - loop(train) [1/3] segment(train) [1/1] 
2024/09/15 20:20:55 - abl - INFO - Eval start: loop(val) [1]
2024/09/15 20:20:58 - abl - INFO - Evaluation ended, GO/character_accuracy: 1.000 GO/reasoning_accuracy: 0.642 
2024/09/15 20:20:58 - abl - INFO - loop(train) [2/3] segment(train) [1/1] 
2024/09/15 20:21:04 - abl - INFO - Eval start: loop(val) [2]
2024/09/15 20:21:07 - abl - INFO - Evaluation ended, GO/character_accuracy: 1.000 GO/reasoning_accuracy: 0.642 
2024/09/15 20:21:07 - abl - INFO - loop(train) [3/3] segment(train) [1/1] 
2024/09/15 20:21:12 - abl - INFO - Eval start: loop(val) [3]
2024/09/15 20:21:15 - abl - INFO - Evaluation ended, GO/character_accuracy: 1.000 GO/reasoning_accuracy: 0.642 
2024/09/15 20:21:15 - abl - INFO - ------- Test the final model -----------
2024/09/15 20:21:15 - abl - INFO - Test start:
2024/09/15 20:21:16 - abl - INFO - Evaluation ended, GO/character_accuracy: 0.781 GO/reasoning_accuracy: 0.619 
2024/09/15 20:21:16 - abl - INFO - ------- Save the final model -----------
2024/09/15 20:21:16 - abl - INFO - ---------------------- Single gene training end --------------------------------
