2024/09/14 12:55:39 - abl - INFO - ---------------------- Single gene training start --------------------------------
2024/09/14 12:55:39 - abl - INFO - Abductive Learning on single gene SO_2831.
2024/09/14 12:55:39 - abl - INFO - Working with Data.
2024/09/14 12:55:39 - abl - INFO - Building the Learning Part.
2024/09/14 12:55:39 - abl - INFO - Building the Reasoning Part.
2024/09/14 12:55:39 - abl - INFO - Building Evaluation Metrics.
2024/09/14 12:55:39 - abl - INFO - Bridge Learning and Reasoning.
2024/09/14 12:55:39 - abl - INFO - ------- Use labeled data to pretrain the model -----------
2024/09/14 12:55:39 - abl - INFO - ------- Test the initial model -----------
2024/09/14 12:55:39 - abl - INFO - Test start:
2024/09/14 12:55:39 - abl - INFO - Evaluation ended, GO/character_accuracy: 0.752 GO/reasoning_accuracy: 0.600 
2024/09/14 12:55:39 - abl - INFO - ------- Use ABL to train the model -----------
2024/09/14 12:55:39 - abl - INFO - loop(train) [1/3] segment(train) [1/1] 
2024/09/14 12:55:46 - abl - INFO - Eval start: loop(val) [1]
2024/09/14 12:55:49 - abl - INFO - Evaluation ended, GO/character_accuracy: 1.000 GO/reasoning_accuracy: 0.642 
2024/09/14 12:55:49 - abl - INFO - loop(train) [2/3] segment(train) [1/1] 
2024/09/14 12:55:55 - abl - INFO - Eval start: loop(val) [2]
2024/09/14 12:55:59 - abl - INFO - Evaluation ended, GO/character_accuracy: 1.000 GO/reasoning_accuracy: 0.642 
2024/09/14 12:55:59 - abl - INFO - loop(train) [3/3] segment(train) [1/1] 
2024/09/14 12:56:04 - abl - INFO - Eval start: loop(val) [3]
2024/09/14 12:56:08 - abl - INFO - Evaluation ended, GO/character_accuracy: 0.999 GO/reasoning_accuracy: 0.642 
2024/09/14 12:56:08 - abl - INFO - ------- Test the final model -----------
2024/09/14 12:56:08 - abl - INFO - Test start:
2024/09/14 12:56:08 - abl - INFO - Evaluation ended, GO/character_accuracy: 0.752 GO/reasoning_accuracy: 0.600 
2024/09/14 12:56:08 - abl - INFO - ------- Save the final model -----------
2024/09/14 12:56:08 - abl - INFO - ---------------------- Single gene training end --------------------------------
