2024/09/13 10:20:48 - abl - INFO - ---------------------- Single gene training start --------------------------------
2024/09/13 10:20:48 - abl - INFO - Abductive Learning on single gene SO_2831.
2024/09/13 10:20:48 - abl - INFO - Working with Data.
2024/09/13 10:20:48 - abl - INFO - Building the Learning Part.
2024/09/13 10:20:48 - abl - INFO - Building the Reasoning Part.
2024/09/13 10:20:48 - abl - INFO - Building Evaluation Metrics.
2024/09/13 10:20:48 - abl - INFO - Bridge Learning and Reasoning.
2024/09/13 10:20:48 - abl - INFO - ------- Use labeled data to pretrain the model -----------
2024/09/13 10:20:48 - abl - INFO - ------- Test the initial model -----------
2024/09/13 10:20:48 - abl - INFO - Test start:
2024/09/13 10:20:49 - abl - INFO - Evaluation ended, GO/character_accuracy: 0.805 GO/reasoning_accuracy: 0.619 
2024/09/13 10:20:49 - abl - INFO - ------- Use ABL to train the model -----------
2024/09/13 10:20:49 - abl - INFO - loop(train) [1/3] segment(train) [1/1] 
2024/09/13 10:20:54 - abl - INFO - Eval start: loop(val) [1]
2024/09/13 10:20:56 - abl - INFO - Evaluation ended, GO/character_accuracy: 0.998 GO/reasoning_accuracy: 0.643 
2024/09/13 10:20:56 - abl - INFO - loop(train) [2/3] segment(train) [1/1] 
2024/09/13 10:21:01 - abl - INFO - Eval start: loop(val) [2]
2024/09/13 10:21:03 - abl - INFO - Evaluation ended, GO/character_accuracy: 0.998 GO/reasoning_accuracy: 0.643 
2024/09/13 10:21:03 - abl - INFO - loop(train) [3/3] segment(train) [1/1] 
2024/09/13 10:21:08 - abl - INFO - Eval start: loop(val) [3]
2024/09/13 10:21:10 - abl - INFO - Evaluation ended, GO/character_accuracy: 0.998 GO/reasoning_accuracy: 0.643 
2024/09/13 10:21:10 - abl - INFO - ------- Test the final model -----------
2024/09/13 10:21:10 - abl - INFO - Test start:
2024/09/13 10:21:11 - abl - INFO - Evaluation ended, GO/character_accuracy: 0.800 GO/reasoning_accuracy: 0.681 
2024/09/13 10:21:11 - abl - INFO - ------- Save the final model -----------
2024/09/13 10:21:11 - abl - INFO - ---------------------- Single gene training end --------------------------------
