2024/09/19 10:29:29 - abl - INFO - ---------------------- Single gene training start --------------------------------
2024/09/19 10:29:29 - abl - INFO - Abductive Learning on single gene SO_2831.
2024/09/19 10:29:29 - abl - INFO - Working with Data.
2024/09/19 10:29:29 - abl - INFO - Building the Learning Part.
2024/09/19 10:29:29 - abl - INFO - Building the Reasoning Part.
2024/09/19 10:29:29 - abl - INFO - Building Evaluation Metrics.
2024/09/19 10:29:29 - abl - INFO - Bridge Learning and Reasoning.
2024/09/19 10:29:29 - abl - INFO - ------- Use labeled data to pretrain the model -----------
2024/09/19 10:29:29 - abl - INFO - ------- Test the initial model -----------
2024/09/19 10:29:29 - abl - INFO - Test start:
2024/09/19 10:29:30 - abl - INFO - Evaluation ended, GO/character_accuracy: 0.767 GO/reasoning_accuracy: 0.590 
2024/09/19 10:29:30 - abl - INFO - ------- Use ABL to train the model -----------
2024/09/19 10:29:30 - abl - INFO - loop(train) [1/3] segment(train) [1/1] 
2024/09/19 10:29:54 - abl - INFO - Eval start: loop(val) [1]
2024/09/19 10:30:06 - abl - INFO - Evaluation ended, GO/character_accuracy: 0.998 GO/reasoning_accuracy: 0.641 
2024/09/19 10:30:06 - abl - INFO - loop(train) [2/3] segment(train) [1/1] 
2024/09/19 10:30:27 - abl - INFO - Eval start: loop(val) [2]
2024/09/19 10:30:39 - abl - INFO - Evaluation ended, GO/character_accuracy: 0.998 GO/reasoning_accuracy: 0.641 
2024/09/19 10:30:39 - abl - INFO - loop(train) [3/3] segment(train) [1/1] 
2024/09/19 10:31:00 - abl - INFO - Eval start: loop(val) [3]
2024/09/19 10:31:12 - abl - INFO - Evaluation ended, GO/character_accuracy: 0.998 GO/reasoning_accuracy: 0.641 
2024/09/19 10:31:12 - abl - INFO - ------- Test the final model -----------
2024/09/19 10:31:12 - abl - INFO - Test start:
2024/09/19 10:31:13 - abl - INFO - Evaluation ended, GO/character_accuracy: 0.767 GO/reasoning_accuracy: 0.638 
2024/09/19 10:31:13 - abl - INFO - ------- Save the final model -----------
2024/09/19 10:31:13 - abl - INFO - ---------------------- Single gene training end --------------------------------
