2024/09/13 10:16:20 - abl - INFO - ---------------------- Single gene training start --------------------------------
2024/09/13 10:16:20 - abl - INFO - Abductive Learning on single gene SO_2831.
2024/09/13 10:16:20 - abl - INFO - Working with Data.
2024/09/13 10:16:20 - abl - INFO - Building the Learning Part.
2024/09/13 10:16:20 - abl - INFO - Building the Reasoning Part.
2024/09/13 10:16:20 - abl - INFO - Building Evaluation Metrics.
2024/09/13 10:16:20 - abl - INFO - Bridge Learning and Reasoning.
2024/09/13 10:16:20 - abl - INFO - ------- Use labeled data to pretrain the model -----------
2024/09/13 10:16:20 - abl - INFO - ------- Test the initial model -----------
2024/09/13 10:16:20 - abl - INFO - Test start:
2024/09/13 10:16:20 - abl - INFO - Evaluation ended, GO/character_accuracy: 0.786 GO/reasoning_accuracy: 0.624 
2024/09/13 10:16:20 - abl - INFO - ------- Use ABL to train the model -----------
2024/09/13 10:16:20 - abl - INFO - loop(train) [1/3] segment(train) [1/1] 
2024/09/13 10:16:25 - abl - INFO - Eval start: loop(val) [1]
2024/09/13 10:16:28 - abl - INFO - Evaluation ended, GO/character_accuracy: 0.998 GO/reasoning_accuracy: 0.643 
2024/09/13 10:16:28 - abl - INFO - loop(train) [2/3] segment(train) [1/1] 
2024/09/13 10:16:32 - abl - INFO - Eval start: loop(val) [2]
2024/09/13 10:16:34 - abl - INFO - Evaluation ended, GO/character_accuracy: 0.998 GO/reasoning_accuracy: 0.643 
2024/09/13 10:16:34 - abl - INFO - loop(train) [3/3] segment(train) [1/1] 
2024/09/13 10:16:39 - abl - INFO - Eval start: loop(val) [3]
2024/09/13 10:16:41 - abl - INFO - Evaluation ended, GO/character_accuracy: 0.998 GO/reasoning_accuracy: 0.643 
2024/09/13 10:16:41 - abl - INFO - ------- Test the final model -----------
2024/09/13 10:16:41 - abl - INFO - Test start:
2024/09/13 10:16:42 - abl - INFO - Evaluation ended, GO/character_accuracy: 0.795 GO/reasoning_accuracy: 0.633 
2024/09/13 10:16:42 - abl - INFO - ------- Save the final model -----------
2024/09/13 10:16:42 - abl - INFO - ---------------------- Single gene training end --------------------------------
