2024/09/19 09:34:28 - abl - INFO - ---------------------- Single gene training start --------------------------------
2024/09/19 09:34:28 - abl - INFO - Abductive Learning on single gene SO_3975.
2024/09/19 09:34:28 - abl - INFO - Working with Data.
2024/09/19 09:34:28 - abl - INFO - Building the Learning Part.
2024/09/19 09:34:28 - abl - INFO - Building the Reasoning Part.
2024/09/19 09:34:28 - abl - INFO - Building Evaluation Metrics.
2024/09/19 09:34:28 - abl - INFO - Bridge Learning and Reasoning.
2024/09/19 09:34:28 - abl - INFO - ------- Use labeled data to pretrain the model -----------
2024/09/19 09:34:28 - abl - INFO - ------- Test the initial model -----------
2024/09/19 09:34:28 - abl - INFO - Test start:
2024/09/19 09:34:29 - abl - INFO - Evaluation ended, GO/character_accuracy: 0.762 GO/reasoning_accuracy: 0.433 
2024/09/19 09:34:29 - abl - INFO - ------- Use ABL to train the model -----------
2024/09/19 09:34:29 - abl - INFO - loop(train) [1/3] segment(train) [1/1] 
2024/09/19 09:34:33 - abl - INFO - Eval start: loop(val) [1]
2024/09/19 09:34:35 - abl - INFO - Evaluation ended, GO/character_accuracy: 0.997 GO/reasoning_accuracy: 0.912 
2024/09/19 09:34:35 - abl - INFO - loop(train) [2/3] segment(train) [1/1] 
2024/09/19 09:34:38 - abl - INFO - Eval start: loop(val) [2]
2024/09/19 09:34:41 - abl - INFO - Evaluation ended, GO/character_accuracy: 0.997 GO/reasoning_accuracy: 0.912 
2024/09/19 09:34:41 - abl - INFO - loop(train) [3/3] segment(train) [1/1] 
2024/09/19 09:34:44 - abl - INFO - Eval start: loop(val) [3]
2024/09/19 09:34:46 - abl - INFO - Evaluation ended, GO/character_accuracy: 0.997 GO/reasoning_accuracy: 0.912 
2024/09/19 09:34:46 - abl - INFO - ------- Test the final model -----------
2024/09/19 09:34:46 - abl - INFO - Test start:
2024/09/19 09:34:46 - abl - INFO - Evaluation ended, GO/character_accuracy: 0.752 GO/reasoning_accuracy: 0.481 
2024/09/19 09:34:46 - abl - INFO - ------- Save the final model -----------
2024/09/19 09:34:46 - abl - INFO - ---------------------- Single gene training end --------------------------------
