2024/09/19 09:25:15 - abl - INFO - ---------------------- Single gene training start --------------------------------
2024/09/19 09:25:15 - abl - INFO - Abductive Learning on single gene SO_3975.
2024/09/19 09:25:15 - abl - INFO - Working with Data.
2024/09/19 09:25:15 - abl - INFO - Building the Learning Part.
2024/09/19 09:25:15 - abl - INFO - Building the Reasoning Part.
2024/09/19 09:25:15 - abl - INFO - Building Evaluation Metrics.
2024/09/19 09:25:15 - abl - INFO - Bridge Learning and Reasoning.
2024/09/19 09:25:15 - abl - INFO - ------- Use labeled data to pretrain the model -----------
2024/09/19 09:25:15 - abl - INFO - ------- Test the initial model -----------
2024/09/19 09:25:15 - abl - INFO - Test start:
2024/09/19 09:25:16 - abl - INFO - Evaluation ended, GO/character_accuracy: 0.757 GO/reasoning_accuracy: 0.386 
2024/09/19 09:25:16 - abl - INFO - ------- Use ABL to train the model -----------
2024/09/19 09:25:16 - abl - INFO - loop(train) [1/3] segment(train) [1/1] 
2024/09/19 09:25:20 - abl - INFO - Eval start: loop(val) [1]
2024/09/19 09:25:22 - abl - INFO - Evaluation ended, GO/character_accuracy: 0.999 GO/reasoning_accuracy: 0.912 
2024/09/19 09:25:22 - abl - INFO - loop(train) [2/3] segment(train) [1/1] 
2024/09/19 09:25:25 - abl - INFO - Eval start: loop(val) [2]
2024/09/19 09:25:27 - abl - INFO - Evaluation ended, GO/character_accuracy: 0.999 GO/reasoning_accuracy: 0.912 
2024/09/19 09:25:27 - abl - INFO - loop(train) [3/3] segment(train) [1/1] 
2024/09/19 09:25:30 - abl - INFO - Eval start: loop(val) [3]
2024/09/19 09:25:33 - abl - INFO - Evaluation ended, GO/character_accuracy: 0.999 GO/reasoning_accuracy: 0.912 
2024/09/19 09:25:33 - abl - INFO - ------- Test the final model -----------
2024/09/19 09:25:33 - abl - INFO - Test start:
2024/09/19 09:25:33 - abl - INFO - Evaluation ended, GO/character_accuracy: 0.776 GO/reasoning_accuracy: 0.390 
2024/09/19 09:25:33 - abl - INFO - ------- Save the final model -----------
2024/09/19 09:25:33 - abl - INFO - ---------------------- Single gene training end --------------------------------
