2024/09/14 12:54:37 - abl - INFO - ---------------------- Single gene training start --------------------------------
2024/09/14 12:54:37 - abl - INFO - Abductive Learning on single gene SO_3469.
2024/09/14 12:54:37 - abl - INFO - Working with Data.
2024/09/14 12:54:37 - abl - INFO - Building the Learning Part.
2024/09/14 12:54:37 - abl - INFO - Building the Reasoning Part.
2024/09/14 12:54:37 - abl - INFO - Building Evaluation Metrics.
2024/09/14 12:54:37 - abl - INFO - Bridge Learning and Reasoning.
2024/09/14 12:54:37 - abl - INFO - ------- Use labeled data to pretrain the model -----------
2024/09/14 12:54:37 - abl - INFO - ------- Test the initial model -----------
2024/09/14 12:54:37 - abl - INFO - Test start:
2024/09/14 12:54:37 - abl - INFO - Evaluation ended, GO/character_accuracy: 0.876 GO/reasoning_accuracy: 0.910 
2024/09/14 12:54:37 - abl - INFO - ------- Use ABL to train the model -----------
2024/09/14 12:54:37 - abl - INFO - loop(train) [1/3] segment(train) [1/1] 
2024/09/14 12:54:41 - abl - INFO - Eval start: loop(val) [1]
2024/09/14 12:54:43 - abl - INFO - Evaluation ended, GO/character_accuracy: 0.826 GO/reasoning_accuracy: 1.000 
2024/09/14 12:54:43 - abl - INFO - loop(train) [2/3] segment(train) [1/1] 
2024/09/14 12:54:46 - abl - INFO - Eval start: loop(val) [2]
2024/09/14 12:54:49 - abl - INFO - Evaluation ended, GO/character_accuracy: 0.826 GO/reasoning_accuracy: 1.000 
2024/09/14 12:54:49 - abl - INFO - loop(train) [3/3] segment(train) [1/1] 
2024/09/14 12:54:52 - abl - INFO - Eval start: loop(val) [3]
2024/09/14 12:54:54 - abl - INFO - Evaluation ended, GO/character_accuracy: 0.826 GO/reasoning_accuracy: 1.000 
2024/09/14 12:54:54 - abl - INFO - ------- Test the final model -----------
2024/09/14 12:54:54 - abl - INFO - Test start:
2024/09/14 12:54:54 - abl - INFO - Evaluation ended, GO/character_accuracy: 0.857 GO/reasoning_accuracy: 0.910 
2024/09/14 12:54:54 - abl - INFO - ------- Save the final model -----------
2024/09/14 12:54:54 - abl - INFO - ---------------------- Single gene training end --------------------------------
