2024/09/15 12:24:44 - abl - INFO - ---------------------- Single gene training start --------------------------------
2024/09/15 12:24:44 - abl - INFO - Abductive Learning on single gene SO_3469.
2024/09/15 12:24:44 - abl - INFO - Working with Data.
2024/09/15 12:24:44 - abl - INFO - Building the Learning Part.
2024/09/15 12:24:44 - abl - INFO - Building the Reasoning Part.
2024/09/15 12:24:44 - abl - INFO - Building Evaluation Metrics.
2024/09/15 12:24:44 - abl - INFO - Bridge Learning and Reasoning.
2024/09/15 12:24:44 - abl - INFO - ------- Use labeled data to pretrain the model -----------
2024/09/15 12:24:44 - abl - INFO - ------- Test the initial model -----------
2024/09/15 12:24:44 - abl - INFO - Test start:
2024/09/15 12:24:44 - abl - INFO - Evaluation ended, GO/character_accuracy: 0.848 GO/reasoning_accuracy: 0.838 
2024/09/15 12:24:44 - abl - INFO - ------- Use ABL to train the model -----------
2024/09/15 12:24:44 - abl - INFO - loop(train) [1/3] segment(train) [1/1] 
2024/09/15 12:24:48 - abl - INFO - Eval start: loop(val) [1]
2024/09/15 12:24:51 - abl - INFO - Evaluation ended, GO/character_accuracy: 1.000 GO/reasoning_accuracy: 0.848 
2024/09/15 12:24:51 - abl - INFO - loop(train) [2/3] segment(train) [1/1] 
2024/09/15 12:24:54 - abl - INFO - Eval start: loop(val) [2]
2024/09/15 12:24:57 - abl - INFO - Evaluation ended, GO/character_accuracy: 1.000 GO/reasoning_accuracy: 0.848 
2024/09/15 12:24:57 - abl - INFO - loop(train) [3/3] segment(train) [1/1] 
2024/09/15 12:25:00 - abl - INFO - Eval start: loop(val) [3]
2024/09/15 12:25:03 - abl - INFO - Evaluation ended, GO/character_accuracy: 1.000 GO/reasoning_accuracy: 0.848 
2024/09/15 12:25:03 - abl - INFO - ------- Test the final model -----------
2024/09/15 12:25:03 - abl - INFO - Test start:
2024/09/15 12:25:03 - abl - INFO - Evaluation ended, GO/character_accuracy: 0.862 GO/reasoning_accuracy: 0.843 
2024/09/15 12:25:03 - abl - INFO - ------- Save the final model -----------
2024/09/15 12:25:03 - abl - INFO - ---------------------- Single gene training end --------------------------------
