2024/09/15 11:47:24 - abl - INFO - ---------------------- Single gene training start --------------------------------
2024/09/15 11:47:24 - abl - INFO - Abductive Learning on single gene SO_3469.
2024/09/15 11:47:24 - abl - INFO - Working with Data.
2024/09/15 11:47:24 - abl - INFO - Building the Learning Part.
2024/09/15 11:47:24 - abl - INFO - Building the Reasoning Part.
2024/09/15 11:47:24 - abl - INFO - Building Evaluation Metrics.
2024/09/15 11:47:24 - abl - INFO - Bridge Learning and Reasoning.
2024/09/15 11:47:24 - abl - INFO - ------- Use labeled data to pretrain the model -----------
2024/09/15 11:47:24 - abl - INFO - ------- Test the initial model -----------
2024/09/15 11:47:24 - abl - INFO - Test start:
2024/09/15 11:47:24 - abl - INFO - Evaluation ended, GO/character_accuracy: 0.829 GO/reasoning_accuracy: 0.814 
2024/09/15 11:47:24 - abl - INFO - ------- Use ABL to train the model -----------
2024/09/15 11:47:24 - abl - INFO - loop(train) [1/3] segment(train) [1/1] 
2024/09/15 11:47:28 - abl - INFO - Eval start: loop(val) [1]
2024/09/15 11:47:30 - abl - INFO - Evaluation ended, GO/character_accuracy: 1.000 GO/reasoning_accuracy: 0.849 
2024/09/15 11:47:30 - abl - INFO - loop(train) [2/3] segment(train) [1/1] 
2024/09/15 11:47:34 - abl - INFO - Eval start: loop(val) [2]
2024/09/15 11:47:36 - abl - INFO - Evaluation ended, GO/character_accuracy: 1.000 GO/reasoning_accuracy: 0.849 
2024/09/15 11:47:36 - abl - INFO - loop(train) [3/3] segment(train) [1/1] 
2024/09/15 11:47:40 - abl - INFO - Eval start: loop(val) [3]
2024/09/15 11:47:42 - abl - INFO - Evaluation ended, GO/character_accuracy: 1.000 GO/reasoning_accuracy: 0.849 
2024/09/15 11:47:42 - abl - INFO - ------- Test the final model -----------
2024/09/15 11:47:42 - abl - INFO - Test start:
2024/09/15 11:47:43 - abl - INFO - Evaluation ended, GO/character_accuracy: 0.829 GO/reasoning_accuracy: 0.824 
2024/09/15 11:47:43 - abl - INFO - ------- Save the final model -----------
2024/09/15 11:47:43 - abl - INFO - ---------------------- Single gene training end --------------------------------
