2024/09/15 20:44:57 - abl - INFO - ---------------------- Single gene training start --------------------------------
2024/09/15 20:44:57 - abl - INFO - Abductive Learning on single gene SO_3469.
2024/09/15 20:44:57 - abl - INFO - Working with Data.
2024/09/15 20:44:57 - abl - INFO - Building the Learning Part.
2024/09/15 20:44:57 - abl - INFO - Building the Reasoning Part.
2024/09/15 20:44:57 - abl - INFO - Building Evaluation Metrics.
2024/09/15 20:44:57 - abl - INFO - Bridge Learning and Reasoning.
2024/09/15 20:44:57 - abl - INFO - ------- Use labeled data to pretrain the model -----------
2024/09/15 20:44:57 - abl - INFO - ------- Test the initial model -----------
2024/09/15 20:44:57 - abl - INFO - Test start:
2024/09/15 20:44:58 - abl - INFO - Evaluation ended, GO/character_accuracy: 0.862 GO/reasoning_accuracy: 0.833 
2024/09/15 20:44:58 - abl - INFO - ------- Use ABL to train the model -----------
2024/09/15 20:44:58 - abl - INFO - loop(train) [1/3] segment(train) [1/1] 
2024/09/15 20:45:01 - abl - INFO - Eval start: loop(val) [1]
2024/09/15 20:45:03 - abl - INFO - Evaluation ended, GO/character_accuracy: 1.000 GO/reasoning_accuracy: 0.848 
2024/09/15 20:45:03 - abl - INFO - loop(train) [2/3] segment(train) [1/1] 
2024/09/15 20:45:07 - abl - INFO - Eval start: loop(val) [2]
2024/09/15 20:45:09 - abl - INFO - Evaluation ended, GO/character_accuracy: 1.000 GO/reasoning_accuracy: 0.848 
2024/09/15 20:45:09 - abl - INFO - loop(train) [3/3] segment(train) [1/1] 
2024/09/15 20:45:12 - abl - INFO - Eval start: loop(val) [3]
2024/09/15 20:45:14 - abl - INFO - Evaluation ended, GO/character_accuracy: 1.000 GO/reasoning_accuracy: 0.848 
2024/09/15 20:45:14 - abl - INFO - ------- Test the final model -----------
2024/09/15 20:45:14 - abl - INFO - Test start:
2024/09/15 20:45:15 - abl - INFO - Evaluation ended, GO/character_accuracy: 0.862 GO/reasoning_accuracy: 0.833 
2024/09/15 20:45:15 - abl - INFO - ------- Save the final model -----------
2024/09/15 20:45:15 - abl - INFO - ---------------------- Single gene training end --------------------------------
