2024/09/15 22:33:42 - abl - INFO - ---------------------- Single gene training start --------------------------------
2024/09/15 22:33:42 - abl - INFO - Abductive Learning on single gene SO_3469.
2024/09/15 22:33:42 - abl - INFO - Working with Data.
2024/09/15 22:33:42 - abl - INFO - Building the Learning Part.
2024/09/15 22:33:42 - abl - INFO - Building the Reasoning Part.
2024/09/15 22:33:42 - abl - INFO - Building Evaluation Metrics.
2024/09/15 22:33:42 - abl - INFO - Bridge Learning and Reasoning.
2024/09/15 22:33:42 - abl - INFO - ------- Use labeled data to pretrain the model -----------
2024/09/15 22:33:42 - abl - INFO - ------- Test the initial model -----------
2024/09/15 22:33:42 - abl - INFO - Test start:
2024/09/15 22:33:42 - abl - INFO - Evaluation ended, GO/character_accuracy: 0.824 GO/reasoning_accuracy: 0.805 
2024/09/15 22:33:42 - abl - INFO - ------- Use ABL to train the model -----------
2024/09/15 22:33:42 - abl - INFO - loop(train) [1/3] segment(train) [1/1] 
2024/09/15 22:33:52 - abl - INFO - Eval start: loop(val) [1]
2024/09/15 22:33:59 - abl - INFO - Evaluation ended, GO/character_accuracy: 1.000 GO/reasoning_accuracy: 0.847 
2024/09/15 22:33:59 - abl - INFO - loop(train) [2/3] segment(train) [1/1] 
2024/09/15 22:34:09 - abl - INFO - Eval start: loop(val) [2]
2024/09/15 22:34:16 - abl - INFO - Evaluation ended, GO/character_accuracy: 1.000 GO/reasoning_accuracy: 0.847 
2024/09/15 22:34:16 - abl - INFO - loop(train) [3/3] segment(train) [1/1] 
2024/09/15 22:34:25 - abl - INFO - Eval start: loop(val) [3]
2024/09/15 22:34:32 - abl - INFO - Evaluation ended, GO/character_accuracy: 1.000 GO/reasoning_accuracy: 0.847 
2024/09/15 22:34:32 - abl - INFO - ------- Test the final model -----------
2024/09/15 22:34:32 - abl - INFO - Test start:
2024/09/15 22:34:33 - abl - INFO - Evaluation ended, GO/character_accuracy: 0.843 GO/reasoning_accuracy: 0.824 
2024/09/15 22:34:33 - abl - INFO - ------- Save the final model -----------
2024/09/15 22:34:33 - abl - INFO - ---------------------- Single gene training end --------------------------------
