2024/09/15 20:16:20 - abl - INFO - ---------------------- Single gene training start --------------------------------
2024/09/15 20:16:20 - abl - INFO - Abductive Learning on single gene SO_3469.
2024/09/15 20:16:20 - abl - INFO - Working with Data.
2024/09/15 20:16:21 - abl - INFO - Building the Learning Part.
2024/09/15 20:16:21 - abl - INFO - Building the Reasoning Part.
2024/09/15 20:16:21 - abl - INFO - Building Evaluation Metrics.
2024/09/15 20:16:21 - abl - INFO - Bridge Learning and Reasoning.
2024/09/15 20:16:21 - abl - INFO - ------- Use labeled data to pretrain the model -----------
2024/09/15 20:16:21 - abl - INFO - ------- Test the initial model -----------
2024/09/15 20:16:21 - abl - INFO - Test start:
2024/09/15 20:16:21 - abl - INFO - Evaluation ended, GO/character_accuracy: 0.871 GO/reasoning_accuracy: 0.833 
2024/09/15 20:16:21 - abl - INFO - ------- Use ABL to train the model -----------
2024/09/15 20:16:21 - abl - INFO - loop(train) [1/3] segment(train) [1/1] 
2024/09/15 20:16:24 - abl - INFO - Eval start: loop(val) [1]
2024/09/15 20:16:26 - abl - INFO - Evaluation ended, GO/character_accuracy: 1.000 GO/reasoning_accuracy: 0.848 
2024/09/15 20:16:26 - abl - INFO - loop(train) [2/3] segment(train) [1/1] 
2024/09/15 20:16:30 - abl - INFO - Eval start: loop(val) [2]
2024/09/15 20:16:32 - abl - INFO - Evaluation ended, GO/character_accuracy: 1.000 GO/reasoning_accuracy: 0.848 
2024/09/15 20:16:32 - abl - INFO - loop(train) [3/3] segment(train) [1/1] 
2024/09/15 20:16:35 - abl - INFO - Eval start: loop(val) [3]
2024/09/15 20:16:37 - abl - INFO - Evaluation ended, GO/character_accuracy: 1.000 GO/reasoning_accuracy: 0.848 
2024/09/15 20:16:37 - abl - INFO - ------- Test the final model -----------
2024/09/15 20:16:37 - abl - INFO - Test start:
2024/09/15 20:16:37 - abl - INFO - Evaluation ended, GO/character_accuracy: 0.867 GO/reasoning_accuracy: 0.848 
2024/09/15 20:16:37 - abl - INFO - ------- Save the final model -----------
2024/09/15 20:16:37 - abl - INFO - ---------------------- Single gene training end --------------------------------
