2024/09/15 11:18:41 - abl - INFO - ---------------------- Single gene training start --------------------------------
2024/09/15 11:18:41 - abl - INFO - Abductive Learning on single gene SO_3469.
2024/09/15 11:18:41 - abl - INFO - Working with Data.
2024/09/15 11:18:41 - abl - INFO - Building the Learning Part.
2024/09/15 11:18:41 - abl - INFO - Building the Reasoning Part.
2024/09/15 11:18:41 - abl - INFO - Building Evaluation Metrics.
2024/09/15 11:18:41 - abl - INFO - Bridge Learning and Reasoning.
2024/09/15 11:18:41 - abl - INFO - ------- Use labeled data to pretrain the model -----------
2024/09/15 11:18:41 - abl - INFO - ------- Test the initial model -----------
2024/09/15 11:18:41 - abl - INFO - Test start:
2024/09/15 11:18:41 - abl - INFO - Evaluation ended, GO/character_accuracy: 0.852 GO/reasoning_accuracy: 0.914 
2024/09/15 11:18:41 - abl - INFO - ------- Use ABL to train the model -----------
2024/09/15 11:18:41 - abl - INFO - loop(train) [1/3] segment(train) [1/1] 
2024/09/15 11:18:45 - abl - INFO - Eval start: loop(val) [1]
2024/09/15 11:18:47 - abl - INFO - Evaluation ended, GO/character_accuracy: 0.826 GO/reasoning_accuracy: 1.000 
2024/09/15 11:18:47 - abl - INFO - loop(train) [2/3] segment(train) [1/1] 
2024/09/15 11:18:50 - abl - INFO - Eval start: loop(val) [2]
2024/09/15 11:18:53 - abl - INFO - Evaluation ended, GO/character_accuracy: 0.826 GO/reasoning_accuracy: 1.000 
2024/09/15 11:18:53 - abl - INFO - loop(train) [3/3] segment(train) [1/1] 
2024/09/15 11:18:56 - abl - INFO - Eval start: loop(val) [3]
2024/09/15 11:18:58 - abl - INFO - Evaluation ended, GO/character_accuracy: 0.826 GO/reasoning_accuracy: 1.000 
2024/09/15 11:18:58 - abl - INFO - ------- Test the final model -----------
2024/09/15 11:18:58 - abl - INFO - Test start:
2024/09/15 11:18:59 - abl - INFO - Evaluation ended, GO/character_accuracy: 0.852 GO/reasoning_accuracy: 0.914 
2024/09/15 11:18:59 - abl - INFO - ------- Save the final model -----------
2024/09/15 11:18:59 - abl - INFO - ---------------------- Single gene training end --------------------------------
