2024/09/15 21:55:11 - abl - INFO - ---------------------- Single gene training start --------------------------------
2024/09/15 21:55:11 - abl - INFO - Abductive Learning on single gene SO_4509.
2024/09/15 21:55:11 - abl - INFO - Working with Data.
2024/09/15 21:55:11 - abl - INFO - Building the Learning Part.
2024/09/15 21:55:11 - abl - INFO - Building the Reasoning Part.
2024/09/15 21:55:11 - abl - INFO - Building Evaluation Metrics.
2024/09/15 21:55:11 - abl - INFO - Bridge Learning and Reasoning.
2024/09/15 21:55:11 - abl - INFO - ------- Use labeled data to pretrain the model -----------
2024/09/15 21:55:11 - abl - INFO - ------- Test the initial model -----------
2024/09/15 21:55:11 - abl - INFO - Test start:
2024/09/15 21:55:11 - abl - INFO - Evaluation ended, GO/character_accuracy: 0.757 GO/reasoning_accuracy: 0.538 
2024/09/15 21:55:11 - abl - INFO - ------- Use ABL to train the model -----------
2024/09/15 21:55:11 - abl - INFO - loop(train) [1/3] segment(train) [1/1] 
2024/09/15 21:55:15 - abl - INFO - Eval start: loop(val) [1]
2024/09/15 21:55:17 - abl - INFO - Evaluation ended, GO/character_accuracy: 0.922 GO/reasoning_accuracy: 1.000 
2024/09/15 21:55:17 - abl - INFO - loop(train) [2/3] segment(train) [1/1] 
2024/09/15 21:55:19 - abl - INFO - Eval start: loop(val) [2]
2024/09/15 21:55:21 - abl - INFO - Evaluation ended, GO/character_accuracy: 0.922 GO/reasoning_accuracy: 1.000 
2024/09/15 21:55:21 - abl - INFO - loop(train) [3/3] segment(train) [1/1] 
2024/09/15 21:55:24 - abl - INFO - Eval start: loop(val) [3]
2024/09/15 21:55:26 - abl - INFO - Evaluation ended, GO/character_accuracy: 0.922 GO/reasoning_accuracy: 1.000 
2024/09/15 21:55:26 - abl - INFO - ------- Test the final model -----------
2024/09/15 21:55:26 - abl - INFO - Test start:
2024/09/15 21:55:26 - abl - INFO - Evaluation ended, GO/character_accuracy: 0.738 GO/reasoning_accuracy: 0.529 
2024/09/15 21:55:26 - abl - INFO - ------- Save the final model -----------
2024/09/15 21:55:26 - abl - INFO - ---------------------- Single gene training end --------------------------------
