2024/09/13 10:23:45 - abl - INFO - ---------------------- Single gene training start --------------------------------
2024/09/13 10:23:45 - abl - INFO - Abductive Learning on single gene SO_4509.
2024/09/13 10:23:45 - abl - INFO - Working with Data.
2024/09/13 10:23:45 - abl - INFO - Building the Learning Part.
2024/09/13 10:23:45 - abl - INFO - Building the Reasoning Part.
2024/09/13 10:23:45 - abl - INFO - Building Evaluation Metrics.
2024/09/13 10:23:45 - abl - INFO - Bridge Learning and Reasoning.
2024/09/13 10:23:45 - abl - INFO - ------- Use labeled data to pretrain the model -----------
2024/09/13 10:23:45 - abl - INFO - ------- Test the initial model -----------
2024/09/13 10:23:45 - abl - INFO - Test start:
2024/09/13 10:23:45 - abl - INFO - Evaluation ended, GO/character_accuracy: 0.743 GO/reasoning_accuracy: 0.838 
2024/09/13 10:23:45 - abl - INFO - ------- Use ABL to train the model -----------
2024/09/13 10:23:45 - abl - INFO - loop(train) [1/3] segment(train) [1/1] 
2024/09/13 10:23:47 - abl - INFO - Eval start: loop(val) [1]
2024/09/13 10:23:48 - abl - INFO - Evaluation ended, GO/character_accuracy: 0.811 GO/reasoning_accuracy: 1.000 
2024/09/13 10:23:48 - abl - INFO - loop(train) [2/3] segment(train) [1/1] 
2024/09/13 10:23:50 - abl - INFO - Eval start: loop(val) [2]
2024/09/13 10:23:51 - abl - INFO - Evaluation ended, GO/character_accuracy: 0.811 GO/reasoning_accuracy: 1.000 
2024/09/13 10:23:51 - abl - INFO - loop(train) [3/3] segment(train) [1/1] 
2024/09/13 10:23:52 - abl - INFO - Eval start: loop(val) [3]
2024/09/13 10:23:54 - abl - INFO - Evaluation ended, GO/character_accuracy: 0.811 GO/reasoning_accuracy: 1.000 
2024/09/13 10:23:54 - abl - INFO - ------- Test the final model -----------
2024/09/13 10:23:54 - abl - INFO - Test start:
2024/09/13 10:23:54 - abl - INFO - Evaluation ended, GO/character_accuracy: 0.757 GO/reasoning_accuracy: 0.876 
2024/09/13 10:23:54 - abl - INFO - ------- Save the final model -----------
2024/09/13 10:23:54 - abl - INFO - ---------------------- Single gene training end --------------------------------
