2024/09/15 12:29:38 - abl - INFO - ---------------------- Single gene training start --------------------------------
2024/09/15 12:29:38 - abl - INFO - Abductive Learning on single gene SO_4509.
2024/09/15 12:29:38 - abl - INFO - Working with Data.
2024/09/15 12:29:39 - abl - INFO - Building the Learning Part.
2024/09/15 12:29:39 - abl - INFO - Building the Reasoning Part.
2024/09/15 12:29:39 - abl - INFO - Building Evaluation Metrics.
2024/09/15 12:29:39 - abl - INFO - Bridge Learning and Reasoning.
2024/09/15 12:29:39 - abl - INFO - ------- Use labeled data to pretrain the model -----------
2024/09/15 12:29:39 - abl - INFO - ------- Test the initial model -----------
2024/09/15 12:29:39 - abl - INFO - Test start:
2024/09/15 12:29:39 - abl - INFO - Evaluation ended, GO/character_accuracy: 0.705 GO/reasoning_accuracy: 0.524 
2024/09/15 12:29:39 - abl - INFO - ------- Use ABL to train the model -----------
2024/09/15 12:29:39 - abl - INFO - loop(train) [1/3] segment(train) [1/1] 
2024/09/15 12:29:42 - abl - INFO - Eval start: loop(val) [1]
2024/09/15 12:29:44 - abl - INFO - Evaluation ended, GO/character_accuracy: 1.000 GO/reasoning_accuracy: 0.922 
2024/09/15 12:29:44 - abl - INFO - loop(train) [2/3] segment(train) [1/1] 
2024/09/15 12:29:47 - abl - INFO - Eval start: loop(val) [2]
2024/09/15 12:29:49 - abl - INFO - Evaluation ended, GO/character_accuracy: 1.000 GO/reasoning_accuracy: 0.922 
2024/09/15 12:29:49 - abl - INFO - loop(train) [3/3] segment(train) [1/1] 
2024/09/15 12:29:51 - abl - INFO - Eval start: loop(val) [3]
2024/09/15 12:29:53 - abl - INFO - Evaluation ended, GO/character_accuracy: 1.000 GO/reasoning_accuracy: 0.922 
2024/09/15 12:29:53 - abl - INFO - ------- Test the final model -----------
2024/09/15 12:29:53 - abl - INFO - Test start:
2024/09/15 12:29:54 - abl - INFO - Evaluation ended, GO/character_accuracy: 0.710 GO/reasoning_accuracy: 0.500 
2024/09/15 12:29:54 - abl - INFO - ------- Save the final model -----------
2024/09/15 12:29:54 - abl - INFO - ---------------------- Single gene training end --------------------------------
