2024/09/15 11:48:00 - abl - INFO - ---------------------- Single gene training start --------------------------------
2024/09/15 11:48:00 - abl - INFO - Abductive Learning on single gene SO_4509.
2024/09/15 11:48:00 - abl - INFO - Working with Data.
2024/09/15 11:48:00 - abl - INFO - Building the Learning Part.
2024/09/15 11:48:00 - abl - INFO - Building the Reasoning Part.
2024/09/15 11:48:00 - abl - INFO - Building Evaluation Metrics.
2024/09/15 11:48:00 - abl - INFO - Bridge Learning and Reasoning.
2024/09/15 11:48:00 - abl - INFO - ------- Use labeled data to pretrain the model -----------
2024/09/15 11:48:00 - abl - INFO - ------- Test the initial model -----------
2024/09/15 11:48:00 - abl - INFO - Test start:
2024/09/15 11:48:00 - abl - INFO - Evaluation ended, GO/character_accuracy: 0.752 GO/reasoning_accuracy: 0.424 
2024/09/15 11:48:00 - abl - INFO - ------- Use ABL to train the model -----------
2024/09/15 11:48:00 - abl - INFO - loop(train) [1/3] segment(train) [1/1] 
2024/09/15 11:48:05 - abl - INFO - Eval start: loop(val) [1]
2024/09/15 11:48:07 - abl - INFO - Evaluation ended, GO/character_accuracy: 0.996 GO/reasoning_accuracy: 0.923 
2024/09/15 11:48:07 - abl - INFO - loop(train) [2/3] segment(train) [1/1] 
2024/09/15 11:48:09 - abl - INFO - Eval start: loop(val) [2]
2024/09/15 11:48:11 - abl - INFO - Evaluation ended, GO/character_accuracy: 0.996 GO/reasoning_accuracy: 0.923 
2024/09/15 11:48:11 - abl - INFO - loop(train) [3/3] segment(train) [1/1] 
2024/09/15 11:48:14 - abl - INFO - Eval start: loop(val) [3]
2024/09/15 11:48:16 - abl - INFO - Evaluation ended, GO/character_accuracy: 0.996 GO/reasoning_accuracy: 0.923 
2024/09/15 11:48:16 - abl - INFO - ------- Test the final model -----------
2024/09/15 11:48:16 - abl - INFO - Test start:
2024/09/15 11:48:16 - abl - INFO - Evaluation ended, GO/character_accuracy: 0.748 GO/reasoning_accuracy: 0.471 
2024/09/15 11:48:16 - abl - INFO - ------- Save the final model -----------
2024/09/15 11:48:16 - abl - INFO - ---------------------- Single gene training end --------------------------------
