2024/09/15 11:58:51 - abl - INFO - ---------------------- Single gene training start --------------------------------
2024/09/15 11:58:51 - abl - INFO - Abductive Learning on single gene SO_4509.
2024/09/15 11:58:51 - abl - INFO - Working with Data.
2024/09/15 11:58:52 - abl - INFO - Building the Learning Part.
2024/09/15 11:58:52 - abl - INFO - Building the Reasoning Part.
2024/09/15 11:58:52 - abl - INFO - Building Evaluation Metrics.
2024/09/15 11:58:52 - abl - INFO - Bridge Learning and Reasoning.
2024/09/15 11:58:52 - abl - INFO - ------- Use labeled data to pretrain the model -----------
2024/09/15 11:58:52 - abl - INFO - ------- Test the initial model -----------
2024/09/15 11:58:52 - abl - INFO - Test start:
2024/09/15 11:58:52 - abl - INFO - Evaluation ended, GO/character_accuracy: 0.776 GO/reasoning_accuracy: 0.505 
2024/09/15 11:58:52 - abl - INFO - ------- Use ABL to train the model -----------
2024/09/15 11:58:52 - abl - INFO - loop(train) [1/3] segment(train) [1/1] 
2024/09/15 11:58:55 - abl - INFO - Eval start: loop(val) [1]
2024/09/15 11:58:57 - abl - INFO - Evaluation ended, GO/character_accuracy: 1.000 GO/reasoning_accuracy: 0.923 
2024/09/15 11:58:57 - abl - INFO - loop(train) [2/3] segment(train) [1/1] 
2024/09/15 11:59:00 - abl - INFO - Eval start: loop(val) [2]
2024/09/15 11:59:02 - abl - INFO - Evaluation ended, GO/character_accuracy: 1.000 GO/reasoning_accuracy: 0.923 
2024/09/15 11:59:02 - abl - INFO - loop(train) [3/3] segment(train) [1/1] 
2024/09/15 11:59:04 - abl - INFO - Eval start: loop(val) [3]
2024/09/15 11:59:06 - abl - INFO - Evaluation ended, GO/character_accuracy: 1.000 GO/reasoning_accuracy: 0.923 
2024/09/15 11:59:06 - abl - INFO - ------- Test the final model -----------
2024/09/15 11:59:06 - abl - INFO - Test start:
2024/09/15 11:59:06 - abl - INFO - Evaluation ended, GO/character_accuracy: 0.781 GO/reasoning_accuracy: 0.548 
2024/09/15 11:59:06 - abl - INFO - ------- Save the final model -----------
2024/09/15 11:59:06 - abl - INFO - ---------------------- Single gene training end --------------------------------
