2024/09/19 10:24:24 - abl - INFO - ---------------------- Single gene training start --------------------------------
2024/09/19 10:24:24 - abl - INFO - Abductive Learning on single gene SO_4509.
2024/09/19 10:24:24 - abl - INFO - Working with Data.
2024/09/19 10:24:25 - abl - INFO - Building the Learning Part.
2024/09/19 10:24:25 - abl - INFO - Building the Reasoning Part.
2024/09/19 10:24:25 - abl - INFO - Building Evaluation Metrics.
2024/09/19 10:24:25 - abl - INFO - Bridge Learning and Reasoning.
2024/09/19 10:24:25 - abl - INFO - ------- Use labeled data to pretrain the model -----------
2024/09/19 10:24:25 - abl - INFO - ------- Test the initial model -----------
2024/09/19 10:24:25 - abl - INFO - Test start:
2024/09/19 10:24:25 - abl - INFO - Evaluation ended, GO/character_accuracy: 0.733 GO/reasoning_accuracy: 0.557 
2024/09/19 10:24:25 - abl - INFO - ------- Use ABL to train the model -----------
2024/09/19 10:24:25 - abl - INFO - loop(train) [1/3] segment(train) [1/1] 
2024/09/19 10:24:41 - abl - INFO - Eval start: loop(val) [1]
2024/09/19 10:24:51 - abl - INFO - Evaluation ended, GO/character_accuracy: 0.998 GO/reasoning_accuracy: 0.921 
2024/09/19 10:24:51 - abl - INFO - loop(train) [2/3] segment(train) [1/1] 
2024/09/19 10:25:04 - abl - INFO - Eval start: loop(val) [2]
2024/09/19 10:25:15 - abl - INFO - Evaluation ended, GO/character_accuracy: 0.998 GO/reasoning_accuracy: 0.921 
2024/09/19 10:25:15 - abl - INFO - loop(train) [3/3] segment(train) [1/1] 
2024/09/19 10:25:28 - abl - INFO - Eval start: loop(val) [3]
2024/09/19 10:25:39 - abl - INFO - Evaluation ended, GO/character_accuracy: 0.998 GO/reasoning_accuracy: 0.921 
2024/09/19 10:25:39 - abl - INFO - ------- Test the final model -----------
2024/09/19 10:25:39 - abl - INFO - Test start:
2024/09/19 10:25:40 - abl - INFO - Evaluation ended, GO/character_accuracy: 0.738 GO/reasoning_accuracy: 0.590 
2024/09/19 10:25:40 - abl - INFO - ------- Save the final model -----------
2024/09/19 10:25:40 - abl - INFO - ---------------------- Single gene training end --------------------------------
