2024/09/15 21:13:31 - abl - INFO - ---------------------- Single gene training start --------------------------------
2024/09/15 21:13:31 - abl - INFO - Abductive Learning on single gene SO_4509.
2024/09/15 21:13:31 - abl - INFO - Working with Data.
2024/09/15 21:13:31 - abl - INFO - Building the Learning Part.
2024/09/15 21:13:31 - abl - INFO - Building the Reasoning Part.
2024/09/15 21:13:31 - abl - INFO - Building Evaluation Metrics.
2024/09/15 21:13:31 - abl - INFO - Bridge Learning and Reasoning.
2024/09/15 21:13:31 - abl - INFO - ------- Use labeled data to pretrain the model -----------
2024/09/15 21:13:31 - abl - INFO - ------- Test the initial model -----------
2024/09/15 21:13:31 - abl - INFO - Test start:
2024/09/15 21:13:32 - abl - INFO - Evaluation ended, GO/character_accuracy: 0.733 GO/reasoning_accuracy: 0.629 
2024/09/15 21:13:32 - abl - INFO - ------- Use ABL to train the model -----------
2024/09/15 21:13:32 - abl - INFO - loop(train) [1/3] segment(train) [1/1] 
2024/09/15 21:13:35 - abl - INFO - Eval start: loop(val) [1]
2024/09/15 21:13:37 - abl - INFO - Evaluation ended, GO/character_accuracy: 0.923 GO/reasoning_accuracy: 1.000 
2024/09/15 21:13:37 - abl - INFO - loop(train) [2/3] segment(train) [1/1] 
2024/09/15 21:13:39 - abl - INFO - Eval start: loop(val) [2]
2024/09/15 21:13:41 - abl - INFO - Evaluation ended, GO/character_accuracy: 0.923 GO/reasoning_accuracy: 1.000 
2024/09/15 21:13:41 - abl - INFO - loop(train) [3/3] segment(train) [1/1] 
2024/09/15 21:13:44 - abl - INFO - Eval start: loop(val) [3]
2024/09/15 21:13:46 - abl - INFO - Evaluation ended, GO/character_accuracy: 0.923 GO/reasoning_accuracy: 1.000 
2024/09/15 21:13:46 - abl - INFO - ------- Test the final model -----------
2024/09/15 21:13:46 - abl - INFO - Test start:
2024/09/15 21:13:46 - abl - INFO - Evaluation ended, GO/character_accuracy: 0.719 GO/reasoning_accuracy: 0.633 
2024/09/15 21:13:46 - abl - INFO - ------- Save the final model -----------
2024/09/15 21:13:46 - abl - INFO - ---------------------- Single gene training end --------------------------------
