2024/09/15 11:41:56 - abl - INFO - ---------------------- Single gene training start --------------------------------
2024/09/15 11:41:56 - abl - INFO - Abductive Learning on single gene SO_1780.
2024/09/15 11:41:56 - abl - INFO - Working with Data.
2024/09/15 11:41:56 - abl - INFO - Building the Learning Part.
2024/09/15 11:41:56 - abl - INFO - Building the Reasoning Part.
2024/09/15 11:41:56 - abl - INFO - Building Evaluation Metrics.
2024/09/15 11:41:56 - abl - INFO - Bridge Learning and Reasoning.
2024/09/15 11:41:56 - abl - INFO - ------- Use labeled data to pretrain the model -----------
2024/09/15 11:41:57 - abl - INFO - ------- Test the initial model -----------
2024/09/15 11:41:57 - abl - INFO - Test start:
2024/09/15 11:41:57 - abl - INFO - Evaluation ended, GO/character_accuracy: 0.752 GO/reasoning_accuracy: 0.729 
2024/09/15 11:41:57 - abl - INFO - ------- Use ABL to train the model -----------
2024/09/15 11:41:57 - abl - INFO - loop(train) [1/3] segment(train) [1/1] 
2024/09/15 11:41:58 - abl - INFO - Eval start: loop(val) [1]
2024/09/15 11:41:59 - abl - INFO - Evaluation ended, GO/character_accuracy: 1.000 GO/reasoning_accuracy: 0.927 
2024/09/15 11:41:59 - abl - INFO - loop(train) [2/3] segment(train) [1/1] 
2024/09/15 11:42:01 - abl - INFO - Eval start: loop(val) [2]
2024/09/15 11:42:02 - abl - INFO - Evaluation ended, GO/character_accuracy: 1.000 GO/reasoning_accuracy: 0.927 
2024/09/15 11:42:02 - abl - INFO - loop(train) [3/3] segment(train) [1/1] 
2024/09/15 11:42:04 - abl - INFO - Eval start: loop(val) [3]
2024/09/15 11:42:05 - abl - INFO - Evaluation ended, GO/character_accuracy: 1.000 GO/reasoning_accuracy: 0.927 
2024/09/15 11:42:05 - abl - INFO - ------- Test the final model -----------
2024/09/15 11:42:05 - abl - INFO - Test start:
2024/09/15 11:42:05 - abl - INFO - Evaluation ended, GO/character_accuracy: 0.743 GO/reasoning_accuracy: 0.738 
2024/09/15 11:42:05 - abl - INFO - ------- Save the final model -----------
2024/09/15 11:42:05 - abl - INFO - ---------------------- Single gene training end --------------------------------
