2024/09/15 22:12:09 - abl - INFO - ---------------------- Single gene training start --------------------------------
2024/09/15 22:12:09 - abl - INFO - Abductive Learning on single gene SO_1780.
2024/09/15 22:12:09 - abl - INFO - Working with Data.
2024/09/15 22:12:10 - abl - INFO - Building the Learning Part.
2024/09/15 22:12:10 - abl - INFO - Building the Reasoning Part.
2024/09/15 22:12:10 - abl - INFO - Building Evaluation Metrics.
2024/09/15 22:12:10 - abl - INFO - Bridge Learning and Reasoning.
2024/09/15 22:12:10 - abl - INFO - ------- Use labeled data to pretrain the model -----------
2024/09/15 22:12:10 - abl - INFO - ------- Test the initial model -----------
2024/09/15 22:12:10 - abl - INFO - Test start:
2024/09/15 22:12:10 - abl - INFO - Evaluation ended, GO/character_accuracy: 0.743 GO/reasoning_accuracy: 0.743 
2024/09/15 22:12:10 - abl - INFO - ------- Use ABL to train the model -----------
2024/09/15 22:12:10 - abl - INFO - loop(train) [1/3] segment(train) [1/1] 
2024/09/15 22:12:12 - abl - INFO - Eval start: loop(val) [1]
2024/09/15 22:12:13 - abl - INFO - Evaluation ended, GO/character_accuracy: 0.999 GO/reasoning_accuracy: 0.926 
2024/09/15 22:12:13 - abl - INFO - loop(train) [2/3] segment(train) [1/1] 
2024/09/15 22:12:14 - abl - INFO - Eval start: loop(val) [2]
2024/09/15 22:12:16 - abl - INFO - Evaluation ended, GO/character_accuracy: 0.999 GO/reasoning_accuracy: 0.926 
2024/09/15 22:12:16 - abl - INFO - loop(train) [3/3] segment(train) [1/1] 
2024/09/15 22:12:17 - abl - INFO - Eval start: loop(val) [3]
2024/09/15 22:12:18 - abl - INFO - Evaluation ended, GO/character_accuracy: 0.999 GO/reasoning_accuracy: 0.926 
2024/09/15 22:12:18 - abl - INFO - ------- Test the final model -----------
2024/09/15 22:12:18 - abl - INFO - Test start:
2024/09/15 22:12:19 - abl - INFO - Evaluation ended, GO/character_accuracy: 0.752 GO/reasoning_accuracy: 0.743 
2024/09/15 22:12:19 - abl - INFO - ------- Save the final model -----------
2024/09/15 22:12:19 - abl - INFO - ---------------------- Single gene training end --------------------------------
