2024/09/15 21:04:57 - abl - INFO - ---------------------- Single gene training start --------------------------------
2024/09/15 21:04:57 - abl - INFO - Abductive Learning on single gene SO_1780.
2024/09/15 21:04:57 - abl - INFO - Working with Data.
2024/09/15 21:04:57 - abl - INFO - Building the Learning Part.
2024/09/15 21:04:57 - abl - INFO - Building the Reasoning Part.
2024/09/15 21:04:57 - abl - INFO - Building Evaluation Metrics.
2024/09/15 21:04:57 - abl - INFO - Bridge Learning and Reasoning.
2024/09/15 21:04:57 - abl - INFO - ------- Use labeled data to pretrain the model -----------
2024/09/15 21:04:57 - abl - INFO - ------- Test the initial model -----------
2024/09/15 21:04:57 - abl - INFO - Test start:
2024/09/15 21:04:57 - abl - INFO - Evaluation ended, GO/character_accuracy: 0.733 GO/reasoning_accuracy: 0.738 
2024/09/15 21:04:57 - abl - INFO - ------- Use ABL to train the model -----------
2024/09/15 21:04:57 - abl - INFO - loop(train) [1/3] segment(train) [1/1] 
2024/09/15 21:04:59 - abl - INFO - Eval start: loop(val) [1]
2024/09/15 21:05:00 - abl - INFO - Evaluation ended, GO/character_accuracy: 0.998 GO/reasoning_accuracy: 0.925 
2024/09/15 21:05:00 - abl - INFO - loop(train) [2/3] segment(train) [1/1] 
2024/09/15 21:05:02 - abl - INFO - Eval start: loop(val) [2]
2024/09/15 21:05:03 - abl - INFO - Evaluation ended, GO/character_accuracy: 0.998 GO/reasoning_accuracy: 0.925 
2024/09/15 21:05:03 - abl - INFO - loop(train) [3/3] segment(train) [1/1] 
2024/09/15 21:05:04 - abl - INFO - Eval start: loop(val) [3]
2024/09/15 21:05:05 - abl - INFO - Evaluation ended, GO/character_accuracy: 0.998 GO/reasoning_accuracy: 0.925 
2024/09/15 21:05:05 - abl - INFO - ------- Test the final model -----------
2024/09/15 21:05:05 - abl - INFO - Test start:
2024/09/15 21:05:05 - abl - INFO - Evaluation ended, GO/character_accuracy: 0.733 GO/reasoning_accuracy: 0.710 
2024/09/15 21:05:05 - abl - INFO - ------- Save the final model -----------
2024/09/15 21:05:05 - abl - INFO - ---------------------- Single gene training end --------------------------------
