2024/09/15 20:45:19 - abl - INFO - ---------------------- Single gene training start --------------------------------
2024/09/15 20:45:19 - abl - INFO - Abductive Learning on single gene SO_1780.
2024/09/15 20:45:19 - abl - INFO - Working with Data.
2024/09/15 20:45:20 - abl - INFO - Building the Learning Part.
2024/09/15 20:45:20 - abl - INFO - Building the Reasoning Part.
2024/09/15 20:45:20 - abl - INFO - Building Evaluation Metrics.
2024/09/15 20:45:20 - abl - INFO - Bridge Learning and Reasoning.
2024/09/15 20:45:20 - abl - INFO - ------- Use labeled data to pretrain the model -----------
2024/09/15 20:45:20 - abl - INFO - ------- Test the initial model -----------
2024/09/15 20:45:20 - abl - INFO - Test start:
2024/09/15 20:45:20 - abl - INFO - Evaluation ended, GO/character_accuracy: 0.795 GO/reasoning_accuracy: 0.729 
2024/09/15 20:45:20 - abl - INFO - ------- Use ABL to train the model -----------
2024/09/15 20:45:20 - abl - INFO - loop(train) [1/3] segment(train) [1/1] 
2024/09/15 20:45:21 - abl - INFO - Eval start: loop(val) [1]
2024/09/15 20:45:22 - abl - INFO - Evaluation ended, GO/character_accuracy: 1.000 GO/reasoning_accuracy: 0.925 
2024/09/15 20:45:22 - abl - INFO - loop(train) [2/3] segment(train) [1/1] 
2024/09/15 20:45:24 - abl - INFO - Eval start: loop(val) [2]
2024/09/15 20:45:25 - abl - INFO - Evaluation ended, GO/character_accuracy: 1.000 GO/reasoning_accuracy: 0.925 
2024/09/15 20:45:25 - abl - INFO - loop(train) [3/3] segment(train) [1/1] 
2024/09/15 20:45:27 - abl - INFO - Eval start: loop(val) [3]
2024/09/15 20:45:28 - abl - INFO - Evaluation ended, GO/character_accuracy: 1.000 GO/reasoning_accuracy: 0.925 
2024/09/15 20:45:28 - abl - INFO - ------- Test the final model -----------
2024/09/15 20:45:28 - abl - INFO - Test start:
2024/09/15 20:45:28 - abl - INFO - Evaluation ended, GO/character_accuracy: 0.781 GO/reasoning_accuracy: 0.743 
2024/09/15 20:45:28 - abl - INFO - ------- Save the final model -----------
2024/09/15 20:45:28 - abl - INFO - ---------------------- Single gene training end --------------------------------
