2024/09/19 10:08:48 - abl - INFO - ---------------------- Single gene training start --------------------------------
2024/09/19 10:08:48 - abl - INFO - Abductive Learning on single gene SO_1780.
2024/09/19 10:08:48 - abl - INFO - Working with Data.
2024/09/19 10:08:48 - abl - INFO - Building the Learning Part.
2024/09/19 10:08:48 - abl - INFO - Building the Reasoning Part.
2024/09/19 10:08:48 - abl - INFO - Building Evaluation Metrics.
2024/09/19 10:08:48 - abl - INFO - Bridge Learning and Reasoning.
2024/09/19 10:08:48 - abl - INFO - ------- Use labeled data to pretrain the model -----------
2024/09/19 10:08:48 - abl - INFO - ------- Test the initial model -----------
2024/09/19 10:08:48 - abl - INFO - Test start:
2024/09/19 10:08:48 - abl - INFO - Evaluation ended, GO/character_accuracy: 0.767 GO/reasoning_accuracy: 0.690 
2024/09/19 10:08:48 - abl - INFO - ------- Use ABL to train the model -----------
2024/09/19 10:08:48 - abl - INFO - loop(train) [1/3] segment(train) [1/1] 
2024/09/19 10:08:53 - abl - INFO - Eval start: loop(val) [1]
2024/09/19 10:08:56 - abl - INFO - Evaluation ended, GO/character_accuracy: 0.998 GO/reasoning_accuracy: 0.924 
2024/09/19 10:08:56 - abl - INFO - loop(train) [2/3] segment(train) [1/1] 
2024/09/19 10:09:00 - abl - INFO - Eval start: loop(val) [2]
2024/09/19 10:09:04 - abl - INFO - Evaluation ended, GO/character_accuracy: 0.998 GO/reasoning_accuracy: 0.924 
2024/09/19 10:09:04 - abl - INFO - loop(train) [3/3] segment(train) [1/1] 
2024/09/19 10:09:08 - abl - INFO - Eval start: loop(val) [3]
2024/09/19 10:09:11 - abl - INFO - Evaluation ended, GO/character_accuracy: 0.998 GO/reasoning_accuracy: 0.924 
2024/09/19 10:09:11 - abl - INFO - ------- Test the final model -----------
2024/09/19 10:09:11 - abl - INFO - Test start:
2024/09/19 10:09:12 - abl - INFO - Evaluation ended, GO/character_accuracy: 0.752 GO/reasoning_accuracy: 0.657 
2024/09/19 10:09:12 - abl - INFO - ------- Save the final model -----------
2024/09/19 10:09:12 - abl - INFO - ---------------------- Single gene training end --------------------------------
