2024/09/15 12:15:02 - abl - INFO - ---------------------- Single gene training start --------------------------------
2024/09/15 12:15:02 - abl - INFO - Abductive Learning on single gene SO_1780.
2024/09/15 12:15:02 - abl - INFO - Working with Data.
2024/09/15 12:15:03 - abl - INFO - Building the Learning Part.
2024/09/15 12:15:03 - abl - INFO - Building the Reasoning Part.
2024/09/15 12:15:03 - abl - INFO - Building Evaluation Metrics.
2024/09/15 12:15:03 - abl - INFO - Bridge Learning and Reasoning.
2024/09/15 12:15:03 - abl - INFO - ------- Use labeled data to pretrain the model -----------
2024/09/15 12:15:03 - abl - INFO - ------- Test the initial model -----------
2024/09/15 12:15:03 - abl - INFO - Test start:
2024/09/15 12:15:03 - abl - INFO - Evaluation ended, GO/character_accuracy: 0.733 GO/reasoning_accuracy: 0.686 
2024/09/15 12:15:03 - abl - INFO - ------- Use ABL to train the model -----------
2024/09/15 12:15:03 - abl - INFO - loop(train) [1/3] segment(train) [1/1] 
2024/09/15 12:15:05 - abl - INFO - Eval start: loop(val) [1]
2024/09/15 12:15:06 - abl - INFO - Evaluation ended, GO/character_accuracy: 1.000 GO/reasoning_accuracy: 0.927 
2024/09/15 12:15:06 - abl - INFO - loop(train) [2/3] segment(train) [1/1] 
2024/09/15 12:15:07 - abl - INFO - Eval start: loop(val) [2]
2024/09/15 12:15:09 - abl - INFO - Evaluation ended, GO/character_accuracy: 1.000 GO/reasoning_accuracy: 0.927 
2024/09/15 12:15:09 - abl - INFO - loop(train) [3/3] segment(train) [1/1] 
2024/09/15 12:15:10 - abl - INFO - Eval start: loop(val) [3]
2024/09/15 12:15:12 - abl - INFO - Evaluation ended, GO/character_accuracy: 1.000 GO/reasoning_accuracy: 0.927 
2024/09/15 12:15:12 - abl - INFO - ------- Test the final model -----------
2024/09/15 12:15:12 - abl - INFO - Test start:
2024/09/15 12:15:12 - abl - INFO - Evaluation ended, GO/character_accuracy: 0.771 GO/reasoning_accuracy: 0.752 
2024/09/15 12:15:12 - abl - INFO - ------- Save the final model -----------
2024/09/15 12:15:12 - abl - INFO - ---------------------- Single gene training end --------------------------------
