2024/09/14 12:55:20 - abl - INFO - ---------------------- Single gene training start --------------------------------
2024/09/14 12:55:20 - abl - INFO - Abductive Learning on single gene SO_0104.
2024/09/14 12:55:20 - abl - INFO - Working with Data.
2024/09/14 12:55:20 - abl - INFO - Building the Learning Part.
2024/09/14 12:55:20 - abl - INFO - Building the Reasoning Part.
2024/09/14 12:55:20 - abl - INFO - Building Evaluation Metrics.
2024/09/14 12:55:20 - abl - INFO - Bridge Learning and Reasoning.
2024/09/14 12:55:20 - abl - INFO - ------- Use labeled data to pretrain the model -----------
2024/09/14 12:55:20 - abl - INFO - ------- Test the initial model -----------
2024/09/14 12:55:20 - abl - INFO - Test start:
2024/09/14 12:55:20 - abl - INFO - Evaluation ended, GO/character_accuracy: 0.819 GO/reasoning_accuracy: 0.881 
2024/09/14 12:55:20 - abl - INFO - ------- Use ABL to train the model -----------
2024/09/14 12:55:20 - abl - INFO - loop(train) [1/3] segment(train) [1/1] 
2024/09/14 12:55:24 - abl - INFO - Eval start: loop(val) [1]
2024/09/14 12:55:27 - abl - INFO - Evaluation ended, GO/character_accuracy: 0.426 GO/reasoning_accuracy: 1.000 
2024/09/14 12:55:27 - abl - INFO - loop(train) [2/3] segment(train) [1/1] 
2024/09/14 12:55:30 - abl - INFO - Eval start: loop(val) [2]
2024/09/14 12:55:33 - abl - INFO - Evaluation ended, GO/character_accuracy: 0.426 GO/reasoning_accuracy: 1.000 
2024/09/14 12:55:33 - abl - INFO - loop(train) [3/3] segment(train) [1/1] 
2024/09/14 12:55:36 - abl - INFO - Eval start: loop(val) [3]
2024/09/14 12:55:39 - abl - INFO - Evaluation ended, GO/character_accuracy: 0.426 GO/reasoning_accuracy: 1.000 
2024/09/14 12:55:39 - abl - INFO - ------- Test the final model -----------
2024/09/14 12:55:39 - abl - INFO - Test start:
2024/09/14 12:55:39 - abl - INFO - Evaluation ended, GO/character_accuracy: 0.814 GO/reasoning_accuracy: 0.890 
2024/09/14 12:55:39 - abl - INFO - ------- Save the final model -----------
2024/09/14 12:55:39 - abl - INFO - ---------------------- Single gene training end --------------------------------
