2024/09/15 12:36:35 - abl - INFO - ---------------------- Single gene training start --------------------------------
2024/09/15 12:36:35 - abl - INFO - Abductive Learning on single gene SO_0104.
2024/09/15 12:36:35 - abl - INFO - Working with Data.
2024/09/15 12:36:35 - abl - INFO - Building the Learning Part.
2024/09/15 12:36:35 - abl - INFO - Building the Reasoning Part.
2024/09/15 12:36:35 - abl - INFO - Building Evaluation Metrics.
2024/09/15 12:36:35 - abl - INFO - Bridge Learning and Reasoning.
2024/09/15 12:36:35 - abl - INFO - ------- Use labeled data to pretrain the model -----------
2024/09/15 12:36:35 - abl - INFO - ------- Test the initial model -----------
2024/09/15 12:36:35 - abl - INFO - Test start:
2024/09/15 12:36:36 - abl - INFO - Evaluation ended, GO/character_accuracy: 0.729 GO/reasoning_accuracy: 0.338 
2024/09/15 12:36:36 - abl - INFO - ------- Use ABL to train the model -----------
2024/09/15 12:36:36 - abl - INFO - loop(train) [1/3] segment(train) [1/1] 
2024/09/15 12:36:42 - abl - INFO - Eval start: loop(val) [1]
2024/09/15 12:36:45 - abl - INFO - Evaluation ended, GO/character_accuracy: 0.999 GO/reasoning_accuracy: 0.835 
2024/09/15 12:36:45 - abl - INFO - loop(train) [2/3] segment(train) [1/1] 
2024/09/15 12:36:49 - abl - INFO - Eval start: loop(val) [2]
2024/09/15 12:36:52 - abl - INFO - Evaluation ended, GO/character_accuracy: 1.000 GO/reasoning_accuracy: 0.835 
2024/09/15 12:36:52 - abl - INFO - loop(train) [3/3] segment(train) [1/1] 
2024/09/15 12:36:56 - abl - INFO - Eval start: loop(val) [3]
2024/09/15 12:36:59 - abl - INFO - Evaluation ended, GO/character_accuracy: 0.999 GO/reasoning_accuracy: 0.835 
2024/09/15 12:36:59 - abl - INFO - ------- Test the final model -----------
2024/09/15 12:36:59 - abl - INFO - Test start:
2024/09/15 12:36:59 - abl - INFO - Evaluation ended, GO/character_accuracy: 0.729 GO/reasoning_accuracy: 0.410 
2024/09/15 12:36:59 - abl - INFO - ------- Save the final model -----------
2024/09/15 12:36:59 - abl - INFO - ---------------------- Single gene training end --------------------------------
