2024/09/15 21:20:47 - abl - INFO - ---------------------- Single gene training start --------------------------------
2024/09/15 21:20:47 - abl - INFO - Abductive Learning on single gene SO_0104.
2024/09/15 21:20:47 - abl - INFO - Working with Data.
2024/09/15 21:20:47 - abl - INFO - Building the Learning Part.
2024/09/15 21:20:47 - abl - INFO - Building the Reasoning Part.
2024/09/15 21:20:47 - abl - INFO - Building Evaluation Metrics.
2024/09/15 21:20:47 - abl - INFO - Bridge Learning and Reasoning.
2024/09/15 21:20:47 - abl - INFO - ------- Use labeled data to pretrain the model -----------
2024/09/15 21:20:47 - abl - INFO - ------- Test the initial model -----------
2024/09/15 21:20:47 - abl - INFO - Test start:
2024/09/15 21:20:47 - abl - INFO - Evaluation ended, GO/character_accuracy: 0.795 GO/reasoning_accuracy: 0.467 
2024/09/15 21:20:47 - abl - INFO - ------- Use ABL to train the model -----------
2024/09/15 21:20:47 - abl - INFO - loop(train) [1/3] segment(train) [1/1] 
2024/09/15 21:20:53 - abl - INFO - Eval start: loop(val) [1]
2024/09/15 21:20:56 - abl - INFO - Evaluation ended, GO/character_accuracy: 0.836 GO/reasoning_accuracy: 1.000 
2024/09/15 21:20:56 - abl - INFO - loop(train) [2/3] segment(train) [1/1] 
2024/09/15 21:20:59 - abl - INFO - Eval start: loop(val) [2]
2024/09/15 21:21:02 - abl - INFO - Evaluation ended, GO/character_accuracy: 0.836 GO/reasoning_accuracy: 1.000 
2024/09/15 21:21:02 - abl - INFO - loop(train) [3/3] segment(train) [1/1] 
2024/09/15 21:21:05 - abl - INFO - Eval start: loop(val) [3]
2024/09/15 21:21:08 - abl - INFO - Evaluation ended, GO/character_accuracy: 0.836 GO/reasoning_accuracy: 1.000 
2024/09/15 21:21:08 - abl - INFO - ------- Test the final model -----------
2024/09/15 21:21:08 - abl - INFO - Test start:
2024/09/15 21:21:09 - abl - INFO - Evaluation ended, GO/character_accuracy: 0.814 GO/reasoning_accuracy: 0.514 
2024/09/15 21:21:09 - abl - INFO - ------- Save the final model -----------
2024/09/15 21:21:09 - abl - INFO - ---------------------- Single gene training end --------------------------------
