2024/09/15 21:05:16 - abl - INFO - ---------------------- Single gene training start --------------------------------
2024/09/15 21:05:16 - abl - INFO - Abductive Learning on single gene SO_0104.
2024/09/15 21:05:16 - abl - INFO - Working with Data.
2024/09/15 21:05:16 - abl - INFO - Building the Learning Part.
2024/09/15 21:05:16 - abl - INFO - Building the Reasoning Part.
2024/09/15 21:05:16 - abl - INFO - Building Evaluation Metrics.
2024/09/15 21:05:16 - abl - INFO - Bridge Learning and Reasoning.
2024/09/15 21:05:16 - abl - INFO - ------- Use labeled data to pretrain the model -----------
2024/09/15 21:05:16 - abl - INFO - ------- Test the initial model -----------
2024/09/15 21:05:16 - abl - INFO - Test start:
2024/09/15 21:05:16 - abl - INFO - Evaluation ended, GO/character_accuracy: 0.800 GO/reasoning_accuracy: 0.319 
2024/09/15 21:05:16 - abl - INFO - ------- Use ABL to train the model -----------
2024/09/15 21:05:16 - abl - INFO - loop(train) [1/3] segment(train) [1/1] 
2024/09/15 21:05:22 - abl - INFO - Eval start: loop(val) [1]
2024/09/15 21:05:24 - abl - INFO - Evaluation ended, GO/character_accuracy: 0.998 GO/reasoning_accuracy: 0.835 
2024/09/15 21:05:24 - abl - INFO - loop(train) [2/3] segment(train) [1/1] 
2024/09/15 21:05:28 - abl - INFO - Eval start: loop(val) [2]
2024/09/15 21:05:31 - abl - INFO - Evaluation ended, GO/character_accuracy: 0.998 GO/reasoning_accuracy: 0.835 
2024/09/15 21:05:31 - abl - INFO - loop(train) [3/3] segment(train) [1/1] 
2024/09/15 21:05:34 - abl - INFO - Eval start: loop(val) [3]
2024/09/15 21:05:37 - abl - INFO - Evaluation ended, GO/character_accuracy: 0.998 GO/reasoning_accuracy: 0.835 
2024/09/15 21:05:37 - abl - INFO - ------- Test the final model -----------
2024/09/15 21:05:37 - abl - INFO - Test start:
2024/09/15 21:05:37 - abl - INFO - Evaluation ended, GO/character_accuracy: 0.810 GO/reasoning_accuracy: 0.376 
2024/09/15 21:05:37 - abl - INFO - ------- Save the final model -----------
2024/09/15 21:05:37 - abl - INFO - ---------------------- Single gene training end --------------------------------
