2024/09/15 22:12:19 - abl - INFO - ---------------------- Single gene training start --------------------------------
2024/09/15 22:12:19 - abl - INFO - Abductive Learning on single gene SO_0104.
2024/09/15 22:12:19 - abl - INFO - Working with Data.
2024/09/15 22:12:19 - abl - INFO - Building the Learning Part.
2024/09/15 22:12:19 - abl - INFO - Building the Reasoning Part.
2024/09/15 22:12:19 - abl - INFO - Building Evaluation Metrics.
2024/09/15 22:12:19 - abl - INFO - Bridge Learning and Reasoning.
2024/09/15 22:12:19 - abl - INFO - ------- Use labeled data to pretrain the model -----------
2024/09/15 22:12:19 - abl - INFO - ------- Test the initial model -----------
2024/09/15 22:12:19 - abl - INFO - Test start:
2024/09/15 22:12:19 - abl - INFO - Evaluation ended, GO/character_accuracy: 0.800 GO/reasoning_accuracy: 0.400 
2024/09/15 22:12:19 - abl - INFO - ------- Use ABL to train the model -----------
2024/09/15 22:12:19 - abl - INFO - loop(train) [1/3] segment(train) [1/1] 
2024/09/15 22:12:25 - abl - INFO - Eval start: loop(val) [1]
2024/09/15 22:12:28 - abl - INFO - Evaluation ended, GO/character_accuracy: 0.997 GO/reasoning_accuracy: 0.836 
2024/09/15 22:12:28 - abl - INFO - loop(train) [2/3] segment(train) [1/1] 
2024/09/15 22:12:32 - abl - INFO - Eval start: loop(val) [2]
2024/09/15 22:12:35 - abl - INFO - Evaluation ended, GO/character_accuracy: 0.999 GO/reasoning_accuracy: 0.836 
2024/09/15 22:12:35 - abl - INFO - loop(train) [3/3] segment(train) [1/1] 
2024/09/15 22:12:39 - abl - INFO - Eval start: loop(val) [3]
2024/09/15 22:12:42 - abl - INFO - Evaluation ended, GO/character_accuracy: 0.996 GO/reasoning_accuracy: 0.836 
2024/09/15 22:12:42 - abl - INFO - ------- Test the final model -----------
2024/09/15 22:12:42 - abl - INFO - Test start:
2024/09/15 22:12:42 - abl - INFO - Evaluation ended, GO/character_accuracy: 0.800 GO/reasoning_accuracy: 0.462 
2024/09/15 22:12:42 - abl - INFO - ------- Save the final model -----------
2024/09/15 22:12:42 - abl - INFO - ---------------------- Single gene training end --------------------------------
