2024/09/19 10:09:12 - abl - INFO - ---------------------- Single gene training start --------------------------------
2024/09/19 10:09:12 - abl - INFO - Abductive Learning on single gene SO_0104.
2024/09/19 10:09:12 - abl - INFO - Working with Data.
2024/09/19 10:09:12 - abl - INFO - Building the Learning Part.
2024/09/19 10:09:12 - abl - INFO - Building the Reasoning Part.
2024/09/19 10:09:12 - abl - INFO - Building Evaluation Metrics.
2024/09/19 10:09:12 - abl - INFO - Bridge Learning and Reasoning.
2024/09/19 10:09:12 - abl - INFO - ------- Use labeled data to pretrain the model -----------
2024/09/19 10:09:12 - abl - INFO - ------- Test the initial model -----------
2024/09/19 10:09:12 - abl - INFO - Test start:
2024/09/19 10:09:12 - abl - INFO - Evaluation ended, GO/character_accuracy: 0.805 GO/reasoning_accuracy: 0.386 
2024/09/19 10:09:12 - abl - INFO - ------- Use ABL to train the model -----------
2024/09/19 10:09:12 - abl - INFO - loop(train) [1/3] segment(train) [1/1] 
2024/09/19 10:09:26 - abl - INFO - Eval start: loop(val) [1]
2024/09/19 10:09:34 - abl - INFO - Evaluation ended, GO/character_accuracy: 0.999 GO/reasoning_accuracy: 0.837 
2024/09/19 10:09:34 - abl - INFO - loop(train) [2/3] segment(train) [1/1] 
2024/09/19 10:09:43 - abl - INFO - Eval start: loop(val) [2]
2024/09/19 10:09:50 - abl - INFO - Evaluation ended, GO/character_accuracy: 0.999 GO/reasoning_accuracy: 0.837 
2024/09/19 10:09:50 - abl - INFO - loop(train) [3/3] segment(train) [1/1] 
2024/09/19 10:10:00 - abl - INFO - Eval start: loop(val) [3]
2024/09/19 10:10:07 - abl - INFO - Evaluation ended, GO/character_accuracy: 0.999 GO/reasoning_accuracy: 0.837 
2024/09/19 10:10:07 - abl - INFO - ------- Test the final model -----------
2024/09/19 10:10:07 - abl - INFO - Test start:
2024/09/19 10:10:08 - abl - INFO - Evaluation ended, GO/character_accuracy: 0.795 GO/reasoning_accuracy: 0.410 
2024/09/19 10:10:08 - abl - INFO - ------- Save the final model -----------
2024/09/19 10:10:08 - abl - INFO - ---------------------- Single gene training end --------------------------------
