2024/09/15 13:40:18 - abl - INFO - ---------------------- Single gene training start --------------------------------
2024/09/15 13:40:18 - abl - INFO - Abductive Learning on single gene SO_0104.
2024/09/15 13:40:18 - abl - INFO - Working with Data.
2024/09/15 13:40:18 - abl - INFO - Building the Learning Part.
2024/09/15 13:40:18 - abl - INFO - Building the Reasoning Part.
2024/09/15 13:40:18 - abl - INFO - Building Evaluation Metrics.
2024/09/15 13:40:18 - abl - INFO - Bridge Learning and Reasoning.
2024/09/15 13:40:18 - abl - INFO - ------- Use labeled data to pretrain the model -----------
2024/09/15 13:40:18 - abl - INFO - ------- Test the initial model -----------
2024/09/15 13:40:18 - abl - INFO - Test start:
2024/09/15 13:40:18 - abl - INFO - Evaluation ended, GO/character_accuracy: 0.810 GO/reasoning_accuracy: 0.329 
2024/09/15 13:40:18 - abl - INFO - ------- Use ABL to train the model -----------
2024/09/15 13:40:18 - abl - INFO - loop(train) [1/3] segment(train) [1/1] 
2024/09/15 13:40:24 - abl - INFO - Eval start: loop(val) [1]
2024/09/15 13:40:26 - abl - INFO - Evaluation ended, GO/character_accuracy: 0.997 GO/reasoning_accuracy: 0.836 
2024/09/15 13:40:26 - abl - INFO - loop(train) [2/3] segment(train) [1/1] 
2024/09/15 13:40:30 - abl - INFO - Eval start: loop(val) [2]
2024/09/15 13:40:32 - abl - INFO - Evaluation ended, GO/character_accuracy: 0.997 GO/reasoning_accuracy: 0.836 
2024/09/15 13:40:32 - abl - INFO - loop(train) [3/3] segment(train) [1/1] 
2024/09/15 13:40:36 - abl - INFO - Eval start: loop(val) [3]
2024/09/15 13:40:39 - abl - INFO - Evaluation ended, GO/character_accuracy: 0.997 GO/reasoning_accuracy: 0.836 
2024/09/15 13:40:39 - abl - INFO - ------- Test the final model -----------
2024/09/15 13:40:39 - abl - INFO - Test start:
2024/09/15 13:40:39 - abl - INFO - Evaluation ended, GO/character_accuracy: 0.814 GO/reasoning_accuracy: 0.367 
2024/09/15 13:40:39 - abl - INFO - ------- Save the final model -----------
2024/09/15 13:40:39 - abl - INFO - ---------------------- Single gene training end --------------------------------
