2024/09/15 13:01:43 - abl - INFO - ---------------------- Single gene training start --------------------------------
2024/09/15 13:01:43 - abl - INFO - Abductive Learning on single gene SO_0104.
2024/09/15 13:01:43 - abl - INFO - Working with Data.
2024/09/15 13:01:43 - abl - INFO - Building the Learning Part.
2024/09/15 13:01:43 - abl - INFO - Building the Reasoning Part.
2024/09/15 13:01:43 - abl - INFO - Building Evaluation Metrics.
2024/09/15 13:01:43 - abl - INFO - Bridge Learning and Reasoning.
2024/09/15 13:01:43 - abl - INFO - ------- Use labeled data to pretrain the model -----------
2024/09/15 13:01:43 - abl - INFO - ------- Test the initial model -----------
2024/09/15 13:01:43 - abl - INFO - Test start:
2024/09/15 13:01:43 - abl - INFO - Evaluation ended, GO/character_accuracy: 0.800 GO/reasoning_accuracy: 0.348 
2024/09/15 13:01:43 - abl - INFO - ------- Use ABL to train the model -----------
2024/09/15 13:01:43 - abl - INFO - loop(train) [1/3] segment(train) [1/1] 
2024/09/15 13:01:48 - abl - INFO - Eval start: loop(val) [1]
2024/09/15 13:01:51 - abl - INFO - Evaluation ended, GO/character_accuracy: 0.835 GO/reasoning_accuracy: 1.000 
2024/09/15 13:01:51 - abl - INFO - loop(train) [2/3] segment(train) [1/1] 
2024/09/15 13:01:54 - abl - INFO - Eval start: loop(val) [2]
2024/09/15 13:01:56 - abl - INFO - Evaluation ended, GO/character_accuracy: 0.835 GO/reasoning_accuracy: 1.000 
2024/09/15 13:01:56 - abl - INFO - loop(train) [3/3] segment(train) [1/1] 
2024/09/15 13:01:59 - abl - INFO - Eval start: loop(val) [3]
2024/09/15 13:02:02 - abl - INFO - Evaluation ended, GO/character_accuracy: 0.835 GO/reasoning_accuracy: 1.000 
2024/09/15 13:02:02 - abl - INFO - ------- Test the final model -----------
2024/09/15 13:02:02 - abl - INFO - Test start:
2024/09/15 13:02:02 - abl - INFO - Evaluation ended, GO/character_accuracy: 0.814 GO/reasoning_accuracy: 0.352 
2024/09/15 13:02:02 - abl - INFO - ------- Save the final model -----------
2024/09/15 13:02:02 - abl - INFO - ---------------------- Single gene training end --------------------------------
