2024/09/19 10:11:34 - abl - INFO - ---------------------- Single gene training start --------------------------------
2024/09/19 10:11:34 - abl - INFO - Abductive Learning on single gene SO_1778.
2024/09/19 10:11:34 - abl - INFO - Working with Data.
2024/09/19 10:11:34 - abl - INFO - Building the Learning Part.
2024/09/19 10:11:34 - abl - INFO - Building the Reasoning Part.
2024/09/19 10:11:34 - abl - INFO - Building Evaluation Metrics.
2024/09/19 10:11:34 - abl - INFO - Bridge Learning and Reasoning.
2024/09/19 10:11:34 - abl - INFO - ------- Use labeled data to pretrain the model -----------
2024/09/19 10:11:35 - abl - INFO - ------- Test the initial model -----------
2024/09/19 10:11:35 - abl - INFO - Test start:
2024/09/19 10:11:35 - abl - INFO - Evaluation ended, GO/character_accuracy: 0.771 GO/reasoning_accuracy: 0.338 
2024/09/19 10:11:35 - abl - INFO - ------- Use ABL to train the model -----------
2024/09/19 10:11:35 - abl - INFO - loop(train) [1/3] segment(train) [1/1] 
2024/09/19 10:11:42 - abl - INFO - Eval start: loop(val) [1]
2024/09/19 10:11:46 - abl - INFO - Evaluation ended, GO/character_accuracy: 0.998 GO/reasoning_accuracy: 0.924 
2024/09/19 10:11:46 - abl - INFO - loop(train) [2/3] segment(train) [1/1] 
2024/09/19 10:11:50 - abl - INFO - Eval start: loop(val) [2]
2024/09/19 10:11:53 - abl - INFO - Evaluation ended, GO/character_accuracy: 0.998 GO/reasoning_accuracy: 0.924 
2024/09/19 10:11:53 - abl - INFO - loop(train) [3/3] segment(train) [1/1] 
2024/09/19 10:11:57 - abl - INFO - Eval start: loop(val) [3]
2024/09/19 10:12:01 - abl - INFO - Evaluation ended, GO/character_accuracy: 0.998 GO/reasoning_accuracy: 0.924 
2024/09/19 10:12:01 - abl - INFO - ------- Test the final model -----------
2024/09/19 10:12:01 - abl - INFO - Test start:
2024/09/19 10:12:01 - abl - INFO - Evaluation ended, GO/character_accuracy: 0.738 GO/reasoning_accuracy: 0.467 
2024/09/19 10:12:01 - abl - INFO - ------- Save the final model -----------
2024/09/19 10:12:01 - abl - INFO - ---------------------- Single gene training end --------------------------------
