2024/09/15 12:12:20 - abl - INFO - ---------------------- Single gene training start --------------------------------
2024/09/15 12:12:20 - abl - INFO - Abductive Learning on single gene SO_1778.
2024/09/15 12:12:20 - abl - INFO - Working with Data.
2024/09/15 12:12:20 - abl - INFO - Building the Learning Part.
2024/09/15 12:12:20 - abl - INFO - Building the Reasoning Part.
2024/09/15 12:12:20 - abl - INFO - Building Evaluation Metrics.
2024/09/15 12:12:20 - abl - INFO - Bridge Learning and Reasoning.
2024/09/15 12:12:20 - abl - INFO - ------- Use labeled data to pretrain the model -----------
2024/09/15 12:12:20 - abl - INFO - ------- Test the initial model -----------
2024/09/15 12:12:20 - abl - INFO - Test start:
2024/09/15 12:12:20 - abl - INFO - Evaluation ended, GO/character_accuracy: 0.762 GO/reasoning_accuracy: 0.438 
2024/09/15 12:12:20 - abl - INFO - ------- Use ABL to train the model -----------
2024/09/15 12:12:20 - abl - INFO - loop(train) [1/3] segment(train) [1/1] 
2024/09/15 12:12:23 - abl - INFO - Eval start: loop(val) [1]
2024/09/15 12:12:24 - abl - INFO - Evaluation ended, GO/character_accuracy: 1.000 GO/reasoning_accuracy: 0.927 
2024/09/15 12:12:24 - abl - INFO - loop(train) [2/3] segment(train) [1/1] 
2024/09/15 12:12:25 - abl - INFO - Eval start: loop(val) [2]
2024/09/15 12:12:27 - abl - INFO - Evaluation ended, GO/character_accuracy: 0.996 GO/reasoning_accuracy: 0.927 
2024/09/15 12:12:27 - abl - INFO - loop(train) [3/3] segment(train) [1/1] 
2024/09/15 12:12:28 - abl - INFO - Eval start: loop(val) [3]
2024/09/15 12:12:29 - abl - INFO - Evaluation ended, GO/character_accuracy: 1.000 GO/reasoning_accuracy: 0.927 
2024/09/15 12:12:29 - abl - INFO - ------- Test the final model -----------
2024/09/15 12:12:29 - abl - INFO - Test start:
2024/09/15 12:12:30 - abl - INFO - Evaluation ended, GO/character_accuracy: 0.767 GO/reasoning_accuracy: 0.529 
2024/09/15 12:12:30 - abl - INFO - ------- Save the final model -----------
2024/09/15 12:12:30 - abl - INFO - ---------------------- Single gene training end --------------------------------
