2024/09/15 21:01:58 - abl - INFO - ---------------------- Single gene training start --------------------------------
2024/09/15 21:01:58 - abl - INFO - Abductive Learning on single gene SO_1778.
2024/09/15 21:01:58 - abl - INFO - Working with Data.
2024/09/15 21:01:59 - abl - INFO - Building the Learning Part.
2024/09/15 21:01:59 - abl - INFO - Building the Reasoning Part.
2024/09/15 21:01:59 - abl - INFO - Building Evaluation Metrics.
2024/09/15 21:01:59 - abl - INFO - Bridge Learning and Reasoning.
2024/09/15 21:01:59 - abl - INFO - ------- Use labeled data to pretrain the model -----------
2024/09/15 21:01:59 - abl - INFO - ------- Test the initial model -----------
2024/09/15 21:01:59 - abl - INFO - Test start:
2024/09/15 21:01:59 - abl - INFO - Evaluation ended, GO/character_accuracy: 0.752 GO/reasoning_accuracy: 0.386 
2024/09/15 21:01:59 - abl - INFO - ------- Use ABL to train the model -----------
2024/09/15 21:01:59 - abl - INFO - loop(train) [1/3] segment(train) [1/1] 
2024/09/15 21:02:01 - abl - INFO - Eval start: loop(val) [1]
2024/09/15 21:02:02 - abl - INFO - Evaluation ended, GO/character_accuracy: 0.995 GO/reasoning_accuracy: 0.925 
2024/09/15 21:02:02 - abl - INFO - loop(train) [2/3] segment(train) [1/1] 
2024/09/15 21:02:04 - abl - INFO - Eval start: loop(val) [2]
2024/09/15 21:02:05 - abl - INFO - Evaluation ended, GO/character_accuracy: 0.995 GO/reasoning_accuracy: 0.925 
2024/09/15 21:02:05 - abl - INFO - loop(train) [3/3] segment(train) [1/1] 
2024/09/15 21:02:07 - abl - INFO - Eval start: loop(val) [3]
2024/09/15 21:02:08 - abl - INFO - Evaluation ended, GO/character_accuracy: 0.995 GO/reasoning_accuracy: 0.925 
2024/09/15 21:02:08 - abl - INFO - ------- Test the final model -----------
2024/09/15 21:02:08 - abl - INFO - Test start:
2024/09/15 21:02:08 - abl - INFO - Evaluation ended, GO/character_accuracy: 0.729 GO/reasoning_accuracy: 0.495 
2024/09/15 21:02:08 - abl - INFO - ------- Save the final model -----------
2024/09/15 21:02:08 - abl - INFO - ---------------------- Single gene training end --------------------------------
