2024/09/15 13:39:51 - abl - INFO - ---------------------- Single gene training start --------------------------------
2024/09/15 13:39:51 - abl - INFO - Abductive Learning on single gene SO_1778.
2024/09/15 13:39:51 - abl - INFO - Working with Data.
2024/09/15 13:39:51 - abl - INFO - Building the Learning Part.
2024/09/15 13:39:51 - abl - INFO - Building the Reasoning Part.
2024/09/15 13:39:51 - abl - INFO - Building Evaluation Metrics.
2024/09/15 13:39:51 - abl - INFO - Bridge Learning and Reasoning.
2024/09/15 13:39:51 - abl - INFO - ------- Use labeled data to pretrain the model -----------
2024/09/15 13:39:51 - abl - INFO - ------- Test the initial model -----------
2024/09/15 13:39:51 - abl - INFO - Test start:
2024/09/15 13:39:51 - abl - INFO - Evaluation ended, GO/character_accuracy: 0.752 GO/reasoning_accuracy: 0.367 
2024/09/15 13:39:51 - abl - INFO - ------- Use ABL to train the model -----------
2024/09/15 13:39:51 - abl - INFO - loop(train) [1/3] segment(train) [1/1] 
2024/09/15 13:39:53 - abl - INFO - Eval start: loop(val) [1]
2024/09/15 13:39:54 - abl - INFO - Evaluation ended, GO/character_accuracy: 1.000 GO/reasoning_accuracy: 0.925 
2024/09/15 13:39:54 - abl - INFO - loop(train) [2/3] segment(train) [1/1] 
2024/09/15 13:39:56 - abl - INFO - Eval start: loop(val) [2]
2024/09/15 13:39:57 - abl - INFO - Evaluation ended, GO/character_accuracy: 1.000 GO/reasoning_accuracy: 0.925 
2024/09/15 13:39:57 - abl - INFO - loop(train) [3/3] segment(train) [1/1] 
2024/09/15 13:39:59 - abl - INFO - Eval start: loop(val) [3]
2024/09/15 13:40:00 - abl - INFO - Evaluation ended, GO/character_accuracy: 1.000 GO/reasoning_accuracy: 0.925 
2024/09/15 13:40:00 - abl - INFO - ------- Test the final model -----------
2024/09/15 13:40:00 - abl - INFO - Test start:
2024/09/15 13:40:00 - abl - INFO - Evaluation ended, GO/character_accuracy: 0.752 GO/reasoning_accuracy: 0.405 
2024/09/15 13:40:00 - abl - INFO - ------- Save the final model -----------
2024/09/15 13:40:00 - abl - INFO - ---------------------- Single gene training end --------------------------------
