2024/09/15 22:38:18 - abl - INFO - ---------------------- Single gene training start --------------------------------
2024/09/15 22:38:18 - abl - INFO - Abductive Learning on single gene SO_4510.
2024/09/15 22:38:18 - abl - INFO - Working with Data.
2024/09/15 22:38:18 - abl - INFO - Building the Learning Part.
2024/09/15 22:38:18 - abl - INFO - Building the Reasoning Part.
2024/09/15 22:38:18 - abl - INFO - Building Evaluation Metrics.
2024/09/15 22:38:18 - abl - INFO - Bridge Learning and Reasoning.
2024/09/15 22:38:18 - abl - INFO - ------- Use labeled data to pretrain the model -----------
2024/09/15 22:38:18 - abl - INFO - ------- Test the initial model -----------
2024/09/15 22:38:18 - abl - INFO - Test start:
2024/09/15 22:38:18 - abl - INFO - Evaluation ended, GO/character_accuracy: 0.676 GO/reasoning_accuracy: 0.395 
2024/09/15 22:38:18 - abl - INFO - ------- Use ABL to train the model -----------
2024/09/15 22:38:18 - abl - INFO - loop(train) [1/3] segment(train) [1/1] 
2024/09/15 22:38:27 - abl - INFO - Eval start: loop(val) [1]
2024/09/15 22:38:30 - abl - INFO - Evaluation ended, GO/character_accuracy: 1.000 GO/reasoning_accuracy: 0.925 
2024/09/15 22:38:30 - abl - INFO - loop(train) [2/3] segment(train) [1/1] 
2024/09/15 22:38:35 - abl - INFO - Eval start: loop(val) [2]
2024/09/15 22:38:38 - abl - INFO - Evaluation ended, GO/character_accuracy: 1.000 GO/reasoning_accuracy: 0.925 
2024/09/15 22:38:38 - abl - INFO - loop(train) [3/3] segment(train) [1/1] 
2024/09/15 22:38:43 - abl - INFO - Eval start: loop(val) [3]
2024/09/15 22:38:47 - abl - INFO - Evaluation ended, GO/character_accuracy: 1.000 GO/reasoning_accuracy: 0.925 
2024/09/15 22:38:47 - abl - INFO - ------- Test the final model -----------
2024/09/15 22:38:47 - abl - INFO - Test start:
2024/09/15 22:38:47 - abl - INFO - Evaluation ended, GO/character_accuracy: 0.652 GO/reasoning_accuracy: 0.486 
2024/09/15 22:38:47 - abl - INFO - ------- Save the final model -----------
2024/09/15 22:38:47 - abl - INFO - ---------------------- Single gene training end --------------------------------
