2024/09/15 13:07:13 - abl - INFO - ---------------------- Single gene training start --------------------------------
2024/09/15 13:07:13 - abl - INFO - Abductive Learning on single gene SO_4510.
2024/09/15 13:07:13 - abl - INFO - Working with Data.
2024/09/15 13:07:14 - abl - INFO - Building the Learning Part.
2024/09/15 13:07:14 - abl - INFO - Building the Reasoning Part.
2024/09/15 13:07:14 - abl - INFO - Building Evaluation Metrics.
2024/09/15 13:07:14 - abl - INFO - Bridge Learning and Reasoning.
2024/09/15 13:07:14 - abl - INFO - ------- Use labeled data to pretrain the model -----------
2024/09/15 13:07:14 - abl - INFO - ------- Test the initial model -----------
2024/09/15 13:07:14 - abl - INFO - Test start:
2024/09/15 13:07:14 - abl - INFO - Evaluation ended, GO/character_accuracy: 0.686 GO/reasoning_accuracy: 0.443 
2024/09/15 13:07:14 - abl - INFO - ------- Use ABL to train the model -----------
2024/09/15 13:07:14 - abl - INFO - loop(train) [1/3] segment(train) [1/1] 
2024/09/15 13:07:17 - abl - INFO - Eval start: loop(val) [1]
2024/09/15 13:07:18 - abl - INFO - Evaluation ended, GO/character_accuracy: 0.925 GO/reasoning_accuracy: 1.000 
2024/09/15 13:07:18 - abl - INFO - loop(train) [2/3] segment(train) [1/1] 
2024/09/15 13:07:20 - abl - INFO - Eval start: loop(val) [2]
2024/09/15 13:07:21 - abl - INFO - Evaluation ended, GO/character_accuracy: 0.925 GO/reasoning_accuracy: 1.000 
2024/09/15 13:07:21 - abl - INFO - loop(train) [3/3] segment(train) [1/1] 
2024/09/15 13:07:23 - abl - INFO - Eval start: loop(val) [3]
2024/09/15 13:07:24 - abl - INFO - Evaluation ended, GO/character_accuracy: 0.925 GO/reasoning_accuracy: 1.000 
2024/09/15 13:07:24 - abl - INFO - ------- Test the final model -----------
2024/09/15 13:07:24 - abl - INFO - Test start:
2024/09/15 13:07:24 - abl - INFO - Evaluation ended, GO/character_accuracy: 0.710 GO/reasoning_accuracy: 0.552 
2024/09/15 13:07:24 - abl - INFO - ------- Save the final model -----------
2024/09/15 13:07:24 - abl - INFO - ---------------------- Single gene training end --------------------------------
