2024/09/19 10:19:30 - abl - INFO - ---------------------- Single gene training start --------------------------------
2024/09/19 10:19:30 - abl - INFO - Abductive Learning on single gene SO_4510.
2024/09/19 10:19:30 - abl - INFO - Working with Data.
2024/09/19 10:19:30 - abl - INFO - Building the Learning Part.
2024/09/19 10:19:30 - abl - INFO - Building the Reasoning Part.
2024/09/19 10:19:30 - abl - INFO - Building Evaluation Metrics.
2024/09/19 10:19:30 - abl - INFO - Bridge Learning and Reasoning.
2024/09/19 10:19:30 - abl - INFO - ------- Use labeled data to pretrain the model -----------
2024/09/19 10:19:30 - abl - INFO - ------- Test the initial model -----------
2024/09/19 10:19:30 - abl - INFO - Test start:
2024/09/19 10:19:30 - abl - INFO - Evaluation ended, GO/character_accuracy: 0.633 GO/reasoning_accuracy: 0.319 
2024/09/19 10:19:30 - abl - INFO - ------- Use ABL to train the model -----------
2024/09/19 10:19:30 - abl - INFO - loop(train) [1/3] segment(train) [1/1] 
2024/09/19 10:19:43 - abl - INFO - Eval start: loop(val) [1]
2024/09/19 10:19:49 - abl - INFO - Evaluation ended, GO/character_accuracy: 0.998 GO/reasoning_accuracy: 0.924 
2024/09/19 10:19:49 - abl - INFO - loop(train) [2/3] segment(train) [1/1] 
2024/09/19 10:19:56 - abl - INFO - Eval start: loop(val) [2]
2024/09/19 10:20:01 - abl - INFO - Evaluation ended, GO/character_accuracy: 0.998 GO/reasoning_accuracy: 0.924 
2024/09/19 10:20:01 - abl - INFO - loop(train) [3/3] segment(train) [1/1] 
2024/09/19 10:20:08 - abl - INFO - Eval start: loop(val) [3]
2024/09/19 10:20:14 - abl - INFO - Evaluation ended, GO/character_accuracy: 0.998 GO/reasoning_accuracy: 0.924 
2024/09/19 10:20:14 - abl - INFO - ------- Test the final model -----------
2024/09/19 10:20:14 - abl - INFO - Test start:
2024/09/19 10:20:15 - abl - INFO - Evaluation ended, GO/character_accuracy: 0.671 GO/reasoning_accuracy: 0.471 
2024/09/19 10:20:15 - abl - INFO - ------- Save the final model -----------
2024/09/19 10:20:15 - abl - INFO - ---------------------- Single gene training end --------------------------------
