2024/09/15 20:45:28 - abl - INFO - ---------------------- Single gene training start --------------------------------
2024/09/15 20:45:28 - abl - INFO - Abductive Learning on single gene SO_4510.
2024/09/15 20:45:28 - abl - INFO - Working with Data.
2024/09/15 20:45:28 - abl - INFO - Building the Learning Part.
2024/09/15 20:45:28 - abl - INFO - Building the Reasoning Part.
2024/09/15 20:45:28 - abl - INFO - Building Evaluation Metrics.
2024/09/15 20:45:28 - abl - INFO - Bridge Learning and Reasoning.
2024/09/15 20:45:28 - abl - INFO - ------- Use labeled data to pretrain the model -----------
2024/09/15 20:45:28 - abl - INFO - ------- Test the initial model -----------
2024/09/15 20:45:28 - abl - INFO - Test start:
2024/09/15 20:45:28 - abl - INFO - Evaluation ended, GO/character_accuracy: 0.671 GO/reasoning_accuracy: 0.414 
2024/09/15 20:45:28 - abl - INFO - ------- Use ABL to train the model -----------
2024/09/15 20:45:28 - abl - INFO - loop(train) [1/3] segment(train) [1/1] 
2024/09/15 20:45:31 - abl - INFO - Eval start: loop(val) [1]
2024/09/15 20:45:33 - abl - INFO - Evaluation ended, GO/character_accuracy: 1.000 GO/reasoning_accuracy: 0.925 
2024/09/15 20:45:33 - abl - INFO - loop(train) [2/3] segment(train) [1/1] 
2024/09/15 20:45:35 - abl - INFO - Eval start: loop(val) [2]
2024/09/15 20:45:36 - abl - INFO - Evaluation ended, GO/character_accuracy: 1.000 GO/reasoning_accuracy: 0.925 
2024/09/15 20:45:36 - abl - INFO - loop(train) [3/3] segment(train) [1/1] 
2024/09/15 20:45:38 - abl - INFO - Eval start: loop(val) [3]
2024/09/15 20:45:39 - abl - INFO - Evaluation ended, GO/character_accuracy: 1.000 GO/reasoning_accuracy: 0.925 
2024/09/15 20:45:39 - abl - INFO - ------- Test the final model -----------
2024/09/15 20:45:39 - abl - INFO - Test start:
2024/09/15 20:45:39 - abl - INFO - Evaluation ended, GO/character_accuracy: 0.667 GO/reasoning_accuracy: 0.467 
2024/09/15 20:45:39 - abl - INFO - ------- Save the final model -----------
2024/09/15 20:45:39 - abl - INFO - ---------------------- Single gene training end --------------------------------
