2024/09/15 11:42:05 - abl - INFO - ---------------------- Single gene training start --------------------------------
2024/09/15 11:42:05 - abl - INFO - Abductive Learning on single gene SO_4510.
2024/09/15 11:42:05 - abl - INFO - Working with Data.
2024/09/15 11:42:05 - abl - INFO - Building the Learning Part.
2024/09/15 11:42:05 - abl - INFO - Building the Reasoning Part.
2024/09/15 11:42:05 - abl - INFO - Building Evaluation Metrics.
2024/09/15 11:42:05 - abl - INFO - Bridge Learning and Reasoning.
2024/09/15 11:42:05 - abl - INFO - ------- Use labeled data to pretrain the model -----------
2024/09/15 11:42:06 - abl - INFO - ------- Test the initial model -----------
2024/09/15 11:42:06 - abl - INFO - Test start:
2024/09/15 11:42:06 - abl - INFO - Evaluation ended, GO/character_accuracy: 0.690 GO/reasoning_accuracy: 0.371 
2024/09/15 11:42:06 - abl - INFO - ------- Use ABL to train the model -----------
2024/09/15 11:42:06 - abl - INFO - loop(train) [1/3] segment(train) [1/1] 
2024/09/15 11:42:09 - abl - INFO - Eval start: loop(val) [1]
2024/09/15 11:42:10 - abl - INFO - Evaluation ended, GO/character_accuracy: 1.000 GO/reasoning_accuracy: 0.927 
2024/09/15 11:42:10 - abl - INFO - loop(train) [2/3] segment(train) [1/1] 
2024/09/15 11:42:12 - abl - INFO - Eval start: loop(val) [2]
2024/09/15 11:42:14 - abl - INFO - Evaluation ended, GO/character_accuracy: 1.000 GO/reasoning_accuracy: 0.927 
2024/09/15 11:42:14 - abl - INFO - loop(train) [3/3] segment(train) [1/1] 
2024/09/15 11:42:16 - abl - INFO - Eval start: loop(val) [3]
2024/09/15 11:42:17 - abl - INFO - Evaluation ended, GO/character_accuracy: 1.000 GO/reasoning_accuracy: 0.927 
2024/09/15 11:42:17 - abl - INFO - ------- Test the final model -----------
2024/09/15 11:42:17 - abl - INFO - Test start:
2024/09/15 11:42:17 - abl - INFO - Evaluation ended, GO/character_accuracy: 0.714 GO/reasoning_accuracy: 0.414 
2024/09/15 11:42:17 - abl - INFO - ------- Save the final model -----------
2024/09/15 11:42:17 - abl - INFO - ---------------------- Single gene training end --------------------------------
