2024/09/14 12:56:46 - abl - INFO - ---------------------- Single gene training start --------------------------------
2024/09/14 12:56:46 - abl - INFO - Abductive Learning on single gene SO_4510.
2024/09/14 12:56:46 - abl - INFO - Working with Data.
2024/09/14 12:56:47 - abl - INFO - Building the Learning Part.
2024/09/14 12:56:47 - abl - INFO - Building the Reasoning Part.
2024/09/14 12:56:47 - abl - INFO - Building Evaluation Metrics.
2024/09/14 12:56:47 - abl - INFO - Bridge Learning and Reasoning.
2024/09/14 12:56:47 - abl - INFO - ------- Use labeled data to pretrain the model -----------
2024/09/14 12:56:47 - abl - INFO - ------- Test the initial model -----------
2024/09/14 12:56:47 - abl - INFO - Test start:
2024/09/14 12:56:47 - abl - INFO - Evaluation ended, GO/character_accuracy: 0.662 GO/reasoning_accuracy: 0.948 
2024/09/14 12:56:47 - abl - INFO - ------- Use ABL to train the model -----------
2024/09/14 12:56:47 - abl - INFO - loop(train) [1/3] segment(train) [1/1] 
2024/09/14 12:56:49 - abl - INFO - Eval start: loop(val) [1]
2024/09/14 12:56:50 - abl - INFO - Evaluation ended, GO/character_accuracy: 0.331 GO/reasoning_accuracy: 1.000 
2024/09/14 12:56:50 - abl - INFO - loop(train) [2/3] segment(train) [1/1] 
2024/09/14 12:56:52 - abl - INFO - Eval start: loop(val) [2]
2024/09/14 12:56:53 - abl - INFO - Evaluation ended, GO/character_accuracy: 0.331 GO/reasoning_accuracy: 1.000 
2024/09/14 12:56:53 - abl - INFO - loop(train) [3/3] segment(train) [1/1] 
2024/09/14 12:56:55 - abl - INFO - Eval start: loop(val) [3]
2024/09/14 12:56:56 - abl - INFO - Evaluation ended, GO/character_accuracy: 0.331 GO/reasoning_accuracy: 1.000 
2024/09/14 12:56:56 - abl - INFO - ------- Test the final model -----------
2024/09/14 12:56:56 - abl - INFO - Test start:
2024/09/14 12:56:56 - abl - INFO - Evaluation ended, GO/character_accuracy: 0.643 GO/reasoning_accuracy: 0.948 
2024/09/14 12:56:56 - abl - INFO - ------- Save the final model -----------
2024/09/14 12:56:56 - abl - INFO - ---------------------- Single gene training end --------------------------------
