2024/09/15 12:13:53 - abl - INFO - ---------------------- Single gene training start --------------------------------
2024/09/15 12:13:53 - abl - INFO - Abductive Learning on single gene SO_0770.
2024/09/15 12:13:53 - abl - INFO - Working with Data.
2024/09/15 12:13:53 - abl - INFO - Building the Learning Part.
2024/09/15 12:13:53 - abl - INFO - Building the Reasoning Part.
2024/09/15 12:13:53 - abl - INFO - Building Evaluation Metrics.
2024/09/15 12:13:53 - abl - INFO - Bridge Learning and Reasoning.
2024/09/15 12:13:53 - abl - INFO - ------- Use labeled data to pretrain the model -----------
2024/09/15 12:13:53 - abl - INFO - ------- Test the initial model -----------
2024/09/15 12:13:53 - abl - INFO - Test start:
2024/09/15 12:13:54 - abl - INFO - Evaluation ended, GO/character_accuracy: 0.719 GO/reasoning_accuracy: 0.510 
2024/09/15 12:13:54 - abl - INFO - ------- Use ABL to train the model -----------
2024/09/15 12:13:54 - abl - INFO - loop(train) [1/3] segment(train) [1/1] 
2024/09/15 12:14:00 - abl - INFO - Eval start: loop(val) [1]
2024/09/15 12:14:04 - abl - INFO - Evaluation ended, GO/character_accuracy: 1.000 GO/reasoning_accuracy: 0.808 
2024/09/15 12:14:04 - abl - INFO - loop(train) [2/3] segment(train) [1/1] 
2024/09/15 12:14:09 - abl - INFO - Eval start: loop(val) [2]
2024/09/15 12:14:13 - abl - INFO - Evaluation ended, GO/character_accuracy: 1.000 GO/reasoning_accuracy: 0.808 
2024/09/15 12:14:13 - abl - INFO - loop(train) [3/3] segment(train) [1/1] 
2024/09/15 12:14:18 - abl - INFO - Eval start: loop(val) [3]
2024/09/15 12:14:21 - abl - INFO - Evaluation ended, GO/character_accuracy: 1.000 GO/reasoning_accuracy: 0.808 
2024/09/15 12:14:21 - abl - INFO - ------- Test the final model -----------
2024/09/15 12:14:21 - abl - INFO - Test start:
2024/09/15 12:14:22 - abl - INFO - Evaluation ended, GO/character_accuracy: 0.733 GO/reasoning_accuracy: 0.548 
2024/09/15 12:14:22 - abl - INFO - ------- Save the final model -----------
2024/09/15 12:14:22 - abl - INFO - ---------------------- Single gene training end --------------------------------
