2024/09/15 13:20:13 - abl - INFO - ---------------------- Single gene training start --------------------------------
2024/09/15 13:20:13 - abl - INFO - Abductive Learning on single gene SO_0770.
2024/09/15 13:20:13 - abl - INFO - Working with Data.
2024/09/15 13:20:13 - abl - INFO - Building the Learning Part.
2024/09/15 13:20:13 - abl - INFO - Building the Reasoning Part.
2024/09/15 13:20:13 - abl - INFO - Building Evaluation Metrics.
2024/09/15 13:20:13 - abl - INFO - Bridge Learning and Reasoning.
2024/09/15 13:20:13 - abl - INFO - ------- Use labeled data to pretrain the model -----------
2024/09/15 13:20:13 - abl - INFO - ------- Test the initial model -----------
2024/09/15 13:20:13 - abl - INFO - Test start:
2024/09/15 13:20:13 - abl - INFO - Evaluation ended, GO/character_accuracy: 0.776 GO/reasoning_accuracy: 0.467 
2024/09/15 13:20:13 - abl - INFO - ------- Use ABL to train the model -----------
2024/09/15 13:20:13 - abl - INFO - loop(train) [1/3] segment(train) [1/1] 
2024/09/15 13:20:20 - abl - INFO - Eval start: loop(val) [1]
2024/09/15 13:20:23 - abl - INFO - Evaluation ended, GO/character_accuracy: 0.999 GO/reasoning_accuracy: 0.807 
2024/09/15 13:20:23 - abl - INFO - loop(train) [2/3] segment(train) [1/1] 
2024/09/15 13:20:28 - abl - INFO - Eval start: loop(val) [2]
2024/09/15 13:20:31 - abl - INFO - Evaluation ended, GO/character_accuracy: 0.999 GO/reasoning_accuracy: 0.807 
2024/09/15 13:20:31 - abl - INFO - loop(train) [3/3] segment(train) [1/1] 
2024/09/15 13:20:35 - abl - INFO - Eval start: loop(val) [3]
2024/09/15 13:20:38 - abl - INFO - Evaluation ended, GO/character_accuracy: 0.999 GO/reasoning_accuracy: 0.807 
2024/09/15 13:20:38 - abl - INFO - ------- Test the final model -----------
2024/09/15 13:20:38 - abl - INFO - Test start:
2024/09/15 13:20:39 - abl - INFO - Evaluation ended, GO/character_accuracy: 0.795 GO/reasoning_accuracy: 0.462 
2024/09/15 13:20:39 - abl - INFO - ------- Save the final model -----------
2024/09/15 13:20:39 - abl - INFO - ---------------------- Single gene training end --------------------------------
