2024/09/15 13:42:20 - abl - INFO - ---------------------- Single gene training start --------------------------------
2024/09/15 13:42:20 - abl - INFO - Abductive Learning on single gene SO_0770.
2024/09/15 13:42:20 - abl - INFO - Working with Data.
2024/09/15 13:42:20 - abl - INFO - Building the Learning Part.
2024/09/15 13:42:20 - abl - INFO - Building the Reasoning Part.
2024/09/15 13:42:20 - abl - INFO - Building Evaluation Metrics.
2024/09/15 13:42:20 - abl - INFO - Bridge Learning and Reasoning.
2024/09/15 13:42:20 - abl - INFO - ------- Use labeled data to pretrain the model -----------
2024/09/15 13:42:20 - abl - INFO - ------- Test the initial model -----------
2024/09/15 13:42:20 - abl - INFO - Test start:
2024/09/15 13:42:20 - abl - INFO - Evaluation ended, GO/character_accuracy: 0.771 GO/reasoning_accuracy: 0.524 
2024/09/15 13:42:20 - abl - INFO - ------- Use ABL to train the model -----------
2024/09/15 13:42:20 - abl - INFO - loop(train) [1/3] segment(train) [1/1] 
2024/09/15 13:42:26 - abl - INFO - Eval start: loop(val) [1]
2024/09/15 13:42:29 - abl - INFO - Evaluation ended, GO/character_accuracy: 1.000 GO/reasoning_accuracy: 0.807 
2024/09/15 13:42:29 - abl - INFO - loop(train) [2/3] segment(train) [1/1] 
2024/09/15 13:42:33 - abl - INFO - Eval start: loop(val) [2]
2024/09/15 13:42:37 - abl - INFO - Evaluation ended, GO/character_accuracy: 1.000 GO/reasoning_accuracy: 0.807 
2024/09/15 13:42:37 - abl - INFO - loop(train) [3/3] segment(train) [1/1] 
2024/09/15 13:42:41 - abl - INFO - Eval start: loop(val) [3]
2024/09/15 13:42:44 - abl - INFO - Evaluation ended, GO/character_accuracy: 0.999 GO/reasoning_accuracy: 0.807 
2024/09/15 13:42:44 - abl - INFO - ------- Test the final model -----------
2024/09/15 13:42:44 - abl - INFO - Test start:
2024/09/15 13:42:45 - abl - INFO - Evaluation ended, GO/character_accuracy: 0.786 GO/reasoning_accuracy: 0.538 
2024/09/15 13:42:45 - abl - INFO - ------- Save the final model -----------
2024/09/15 13:42:45 - abl - INFO - ---------------------- Single gene training end --------------------------------
