2024/09/15 22:37:28 - abl - INFO - ---------------------- Single gene training start --------------------------------
2024/09/15 22:37:28 - abl - INFO - Abductive Learning on single gene SO_0770.
2024/09/15 22:37:28 - abl - INFO - Working with Data.
2024/09/15 22:37:28 - abl - INFO - Building the Learning Part.
2024/09/15 22:37:28 - abl - INFO - Building the Reasoning Part.
2024/09/15 22:37:28 - abl - INFO - Building Evaluation Metrics.
2024/09/15 22:37:28 - abl - INFO - Bridge Learning and Reasoning.
2024/09/15 22:37:28 - abl - INFO - ------- Use labeled data to pretrain the model -----------
2024/09/15 22:37:28 - abl - INFO - ------- Test the initial model -----------
2024/09/15 22:37:28 - abl - INFO - Test start:
2024/09/15 22:37:28 - abl - INFO - Evaluation ended, GO/character_accuracy: 0.781 GO/reasoning_accuracy: 0.448 
2024/09/15 22:37:28 - abl - INFO - ------- Use ABL to train the model -----------
2024/09/15 22:37:28 - abl - INFO - loop(train) [1/3] segment(train) [1/1] 
2024/09/15 22:37:40 - abl - INFO - Eval start: loop(val) [1]
2024/09/15 22:37:47 - abl - INFO - Evaluation ended, GO/character_accuracy: 0.999 GO/reasoning_accuracy: 0.807 
2024/09/15 22:37:47 - abl - INFO - loop(train) [2/3] segment(train) [1/1] 
2024/09/15 22:37:56 - abl - INFO - Eval start: loop(val) [2]
2024/09/15 22:38:02 - abl - INFO - Evaluation ended, GO/character_accuracy: 0.999 GO/reasoning_accuracy: 0.807 
2024/09/15 22:38:02 - abl - INFO - loop(train) [3/3] segment(train) [1/1] 
2024/09/15 22:38:11 - abl - INFO - Eval start: loop(val) [3]
2024/09/15 22:38:17 - abl - INFO - Evaluation ended, GO/character_accuracy: 0.999 GO/reasoning_accuracy: 0.807 
2024/09/15 22:38:17 - abl - INFO - ------- Test the final model -----------
2024/09/15 22:38:17 - abl - INFO - Test start:
2024/09/15 22:38:18 - abl - INFO - Evaluation ended, GO/character_accuracy: 0.781 GO/reasoning_accuracy: 0.476 
2024/09/15 22:38:18 - abl - INFO - ------- Save the final model -----------
2024/09/15 22:38:18 - abl - INFO - ---------------------- Single gene training end --------------------------------
