2024/09/19 10:28:19 - abl - INFO - ---------------------- Single gene training start --------------------------------
2024/09/19 10:28:19 - abl - INFO - Abductive Learning on single gene SO_0770.
2024/09/19 10:28:19 - abl - INFO - Working with Data.
2024/09/19 10:28:20 - abl - INFO - Building the Learning Part.
2024/09/19 10:28:20 - abl - INFO - Building the Reasoning Part.
2024/09/19 10:28:20 - abl - INFO - Building Evaluation Metrics.
2024/09/19 10:28:20 - abl - INFO - Bridge Learning and Reasoning.
2024/09/19 10:28:20 - abl - INFO - ------- Use labeled data to pretrain the model -----------
2024/09/19 10:28:20 - abl - INFO - ------- Test the initial model -----------
2024/09/19 10:28:20 - abl - INFO - Test start:
2024/09/19 10:28:20 - abl - INFO - Evaluation ended, GO/character_accuracy: 0.810 GO/reasoning_accuracy: 0.490 
2024/09/19 10:28:20 - abl - INFO - ------- Use ABL to train the model -----------
2024/09/19 10:28:20 - abl - INFO - loop(train) [1/3] segment(train) [1/1] 
2024/09/19 10:28:37 - abl - INFO - Eval start: loop(val) [1]
2024/09/19 10:28:45 - abl - INFO - Evaluation ended, GO/character_accuracy: 0.998 GO/reasoning_accuracy: 0.806 
2024/09/19 10:28:45 - abl - INFO - loop(train) [2/3] segment(train) [1/1] 
2024/09/19 10:28:58 - abl - INFO - Eval start: loop(val) [2]
2024/09/19 10:29:07 - abl - INFO - Evaluation ended, GO/character_accuracy: 0.998 GO/reasoning_accuracy: 0.806 
2024/09/19 10:29:07 - abl - INFO - loop(train) [3/3] segment(train) [1/1] 
2024/09/19 10:29:20 - abl - INFO - Eval start: loop(val) [3]
2024/09/19 10:29:28 - abl - INFO - Evaluation ended, GO/character_accuracy: 0.998 GO/reasoning_accuracy: 0.806 
2024/09/19 10:29:28 - abl - INFO - ------- Test the final model -----------
2024/09/19 10:29:28 - abl - INFO - Test start:
2024/09/19 10:29:29 - abl - INFO - Evaluation ended, GO/character_accuracy: 0.814 GO/reasoning_accuracy: 0.562 
2024/09/19 10:29:29 - abl - INFO - ------- Save the final model -----------
2024/09/19 10:29:29 - abl - INFO - ---------------------- Single gene training end --------------------------------
