2024/09/15 22:00:26 - abl - INFO - ---------------------- Single gene training start --------------------------------
2024/09/15 22:00:26 - abl - INFO - Abductive Learning on single gene SO_0770.
2024/09/15 22:00:26 - abl - INFO - Working with Data.
2024/09/15 22:00:26 - abl - INFO - Building the Learning Part.
2024/09/15 22:00:26 - abl - INFO - Building the Reasoning Part.
2024/09/15 22:00:26 - abl - INFO - Building Evaluation Metrics.
2024/09/15 22:00:26 - abl - INFO - Bridge Learning and Reasoning.
2024/09/15 22:00:26 - abl - INFO - ------- Use labeled data to pretrain the model -----------
2024/09/15 22:00:26 - abl - INFO - ------- Test the initial model -----------
2024/09/15 22:00:26 - abl - INFO - Test start:
2024/09/15 22:00:26 - abl - INFO - Evaluation ended, GO/character_accuracy: 0.800 GO/reasoning_accuracy: 0.548 
2024/09/15 22:00:26 - abl - INFO - ------- Use ABL to train the model -----------
2024/09/15 22:00:26 - abl - INFO - loop(train) [1/3] segment(train) [1/1] 
2024/09/15 22:00:33 - abl - INFO - Eval start: loop(val) [1]
2024/09/15 22:00:36 - abl - INFO - Evaluation ended, GO/character_accuracy: 1.000 GO/reasoning_accuracy: 0.807 
2024/09/15 22:00:36 - abl - INFO - loop(train) [2/3] segment(train) [1/1] 
2024/09/15 22:00:42 - abl - INFO - Eval start: loop(val) [2]
2024/09/15 22:00:45 - abl - INFO - Evaluation ended, GO/character_accuracy: 1.000 GO/reasoning_accuracy: 0.807 
2024/09/15 22:00:45 - abl - INFO - loop(train) [3/3] segment(train) [1/1] 
2024/09/15 22:00:50 - abl - INFO - Eval start: loop(val) [3]
2024/09/15 22:00:54 - abl - INFO - Evaluation ended, GO/character_accuracy: 1.000 GO/reasoning_accuracy: 0.807 
2024/09/15 22:00:54 - abl - INFO - ------- Test the final model -----------
2024/09/15 22:00:54 - abl - INFO - Test start:
2024/09/15 22:00:54 - abl - INFO - Evaluation ended, GO/character_accuracy: 0.748 GO/reasoning_accuracy: 0.543 
2024/09/15 22:00:54 - abl - INFO - ------- Save the final model -----------
2024/09/15 22:00:54 - abl - INFO - ---------------------- Single gene training end --------------------------------
